[17:04:50] [Client thread/INFO]: Setting user: Dennis_mps
[17:04:56] [Client thread/INFO]: LWJGL Version: 2.9.4
[17:05:00] [Client thread/INFO]: Reloading ResourceManager: Essential (forge_1.8.9).jar, Default, FMLFileResourcePack:Forge Mod Loader, FMLFileResourcePack:Minecraft Forge, FMLFileResourcePack:Essential, FMLFileResourcePack:Apec, FMLFileResourcePack:NotEnoughUpdates, FMLFileResourcePack:Patcher, FMLFileResourcePack:Scrollable Tooltips, FMLFileResourcePack:SkyblockAddons, FMLFileResourcePack:TimeChanger, NEU Repo Resources, MobPacket 1.8.9 1.4.zip, PacksHqx16.zip, FurfSkyReborn.zip, No_Block_Breaking_Particles_1.8.zip
[17:05:02] [Client thread/ERROR]: Couldn't initialize twitch stream
[17:05:02] [Sound Library Loader/INFO]: Starting up SoundSystem...
[17:05:02] [Client thread/WARN]: File notenoughupdates:sounds/gemstonebreaktopaz.ogg does not exist, cannot add it to event notenoughupdates:gemstoneTopaz.break
[17:05:02] [Client thread/WARN]: File notenoughupdates:sounds/gemstonebreakruby.ogg does not exist, cannot add it to event notenoughupdates:gemstoneRuby.break
[17:05:02] [Client thread/WARN]: File notenoughupdates:sounds/gemstonebreakamber.ogg does not exist, cannot add it to event notenoughupdates:gemstoneAmber.break
[17:05:02] [Thread-18/INFO]: Initializing LWJGL OpenAL
[17:05:02] [Thread-18/INFO]: (The LWJGL binding of OpenAL.  For more information, see http://www.lwjgl.org)
[17:05:03] [Thread-18/INFO]: OpenAL initialized.
[17:05:03] [Sound Library Loader/INFO]: Sound engine started
[17:05:05] [Client thread/INFO]: Created: 16x16 textures-atlas
[17:05:09] [Client thread/INFO]: Reloading ResourceManager: Essential (forge_1.8.9).jar, Default, FMLFileResourcePack:Forge Mod Loader, FMLFileResourcePack:Minecraft Forge, FMLFileResourcePack:Essential, FMLFileResourcePack:Apec, FMLFileResourcePack:NotEnoughUpdates, FMLFileResourcePack:Patcher, FMLFileResourcePack:Scrollable Tooltips, FMLFileResourcePack:SkyblockAddons, FMLFileResourcePack:TimeChanger, NEU Repo Resources, MobPacket 1.8.9 1.4.zip, PacksHqx16.zip, FurfSkyReborn.zip, No_Block_Breaking_Particles_1.8.zip
[17:05:09] [Client thread/ERROR]: Using missing texture, unable to load minecraft:mcpatcher/cit/books/dragon_tracer/dragon_tracer.png, java.io.FileNotFoundException
[17:05:09] [Client thread/ERROR]: Using missing texture, unable to load minecraft:mcpatcher/cit/ui/properties/skyblock_menu/your_skyblock_profile/skyblock_levels/incomplete/left_to_right_incomplete_bar_green_end.png, java.io.FileNotFoundException
[17:05:09] [Client thread/ERROR]: Using missing texture, unable to load minecraft:mcpatcher/cit/ui/properties/skyblock_menu/your_skills/skill_specific/tank/left_to_top.png, java.io.FileNotFoundException
[17:05:09] [Client thread/ERROR]: Using missing texture, unable to load minecraft:mcpatcher/cit/ui/properties/skyblock_menu/your_skyblock_profile/skyblock_levels/complete/left_to_right_complete_bar_green_end.png, java.io.FileNotFoundException
[17:05:10] [Client thread/ERROR]: Using missing texture, unable to load minecraft:custom_skull_textures/blocks/grass_top.png, java.io.FileNotFoundException
[17:05:10] [Client thread/ERROR]: Using missing texture, unable to load minecraft:mcpatcher/cit/ui/properties/skyblock_menu/your_skills/skill_specific/tank/level_60.png, java.io.FileNotFoundException
[17:05:10] [Client thread/ERROR]: Using missing texture, unable to load minecraft:mcpatcher/cit/ui/properties/skyblock_menu/wardrobe/wardrobe.png, java.io.FileNotFoundException
[17:05:10] [Client thread/ERROR]: Using missing texture, unable to load minecraft:mcpatcher/cit/ui/properties/skyblock_menu/your_skills/skill_specific/tank/top_to_right.png, java.io.FileNotFoundException
[17:05:10] [Client thread/ERROR]: Using missing texture, unable to load minecraft:mcpatcher/cit/ui/properties/dungeons/tank.png, java.io.FileNotFoundException
[17:05:10] [Client thread/ERROR]: Using missing texture, unable to load minecraft:custom_skull_textures/blocks/mycelium_top.png, java.io.FileNotFoundException
[17:05:10] [Client thread/ERROR]: Using missing texture, unable to load minecraft:mcpatcher/cit/ui/properties/skyblock_menu/your_skyblock_profile/skyblock_levels/partial/left_to_right_progress_bar_green_end.png, java.io.FileNotFoundException
[17:05:10] [Client thread/ERROR]: Using missing texture, unable to load minecraft:custom_skull_textures/blocks/grass_side.png, java.io.FileNotFoundException
[17:05:10] [Client thread/ERROR]: Using missing texture, unable to load minecraft:custom_skull_textures/blocks/dirt_podzol_top.png, java.io.FileNotFoundException
[17:05:10] [Client thread/ERROR]: Using missing texture, unable to load minecraft:mcpatcher/cit/ui/properties/skyblock_menu/your_skills/skill_specific/tank/left_to_bottom.png, java.io.FileNotFoundException
[17:05:10] [Client thread/ERROR]: Using missing texture, unable to load notenoughupdates:custom_skull_textures/missingno.png, java.io.FileNotFoundException
[17:05:10] [Client thread/ERROR]: Using missing texture, unable to load minecraft:custom_skull_textures/blocks/snow.png, java.io.FileNotFoundException
[17:05:10] [Client thread/ERROR]: Using missing texture, unable to load minecraft:mcpatcher/cit/ui/fast_travel/scrolls/blaze.png, java.io.FileNotFoundException
[17:05:10] [Client thread/INFO]: Created: 2048x1024 custom_skull_textures-atlas
[17:05:10] [Client thread/INFO]: SoundSystem shutting down...
[17:05:10] [Client thread/WARN]: Author: Paul Lamb, www.paulscode.com
[17:05:10] [Sound Library Loader/INFO]: Starting up SoundSystem...
[17:05:10] [Client thread/WARN]: File notenoughupdates:sounds/gemstonebreaktopaz.ogg does not exist, cannot add it to event notenoughupdates:gemstoneTopaz.break
[17:05:10] [Client thread/WARN]: File notenoughupdates:sounds/gemstonebreakruby.ogg does not exist, cannot add it to event notenoughupdates:gemstoneRuby.break
[17:05:10] [Client thread/WARN]: File notenoughupdates:sounds/gemstonebreakamber.ogg does not exist, cannot add it to event notenoughupdates:gemstoneAmber.break
[17:05:10] [Thread-23/INFO]: Initializing LWJGL OpenAL
[17:05:10] [Thread-23/INFO]: (The LWJGL binding of OpenAL.  For more information, see http://www.lwjgl.org)
[17:05:10] [Thread-23/INFO]: OpenAL initialized.
[17:05:11] [Sound Library Loader/INFO]: Sound engine started
[17:05:13] [Client thread/ERROR]: Using missing texture, unable to load minecraft:textures/blocks/empty.png, java.io.FileNotFoundException
[17:05:13] [Client thread/ERROR]: Using missing texture, unable to load minecraft:mcpatcher/cit/books/dragon_tracer/dragon_tracer.png, java.io.FileNotFoundException
[17:05:13] [Client thread/ERROR]: Using missing texture, unable to load minecraft:mcpatcher/cit/ui/properties/skyblock_menu/your_skyblock_profile/skyblock_levels/incomplete/left_to_right_incomplete_bar_green_end.png, java.io.FileNotFoundException
[17:05:13] [Client thread/ERROR]: Using missing texture, unable to load minecraft:mcpatcher/cit/ui/properties/skyblock_menu/your_skills/skill_specific/tank/left_to_top.png, java.io.FileNotFoundException
[17:05:13] [Client thread/ERROR]: Using missing texture, unable to load minecraft:mcpatcher/cit/ui/properties/skyblock_menu/your_skyblock_profile/skyblock_levels/complete/left_to_right_complete_bar_green_end.png, java.io.FileNotFoundException
[17:05:13] [Client thread/ERROR]: Using missing texture, unable to load minecraft:mcpatcher/cit/ui/properties/skyblock_menu/your_skills/skill_specific/tank/level_60.png, java.io.FileNotFoundException
[17:05:13] [Client thread/ERROR]: Using missing texture, unable to load minecraft:mcpatcher/cit/ui/properties/skyblock_menu/wardrobe/wardrobe.png, java.io.FileNotFoundException
[17:05:13] [Client thread/ERROR]: Using missing texture, unable to load minecraft:mcpatcher/cit/ui/properties/skyblock_menu/your_skills/skill_specific/tank/top_to_right.png, java.io.FileNotFoundException
[17:05:13] [Client thread/ERROR]: Using missing texture, unable to load minecraft:mcpatcher/cit/ui/properties/dungeons/tank.png, java.io.FileNotFoundException
[17:05:13] [Client thread/ERROR]: Using missing texture, unable to load minecraft:textures/.png, java.io.FileNotFoundException
[17:05:13] [Client thread/ERROR]: Using missing texture, unable to load minecraft:mcpatcher/cit/ui/properties/skyblock_menu/your_skyblock_profile/skyblock_levels/partial/left_to_right_progress_bar_green_end.png, java.io.FileNotFoundException
[17:05:13] [Client thread/ERROR]: Using missing texture, unable to load minecraft:mcpatcher/cit/ui/properties/skyblock_menu/your_skills/skill_specific/tank/left_to_bottom.png, java.io.FileNotFoundException
[17:05:13] [Client thread/ERROR]: Using missing texture, unable to load minecraft:mcpatcher/cit/ui/fast_travel/scrolls/blaze.png, java.io.FileNotFoundException
[17:05:13] [Client thread/INFO]: Created: 2048x2048 textures-atlas
[17:05:19] [pool-13-thread-1/ERROR]: Signature is missing from textures payload
[17:27:59] [Client thread/INFO]: Connecting to mc.hypixel.net, 25565
[17:28:00] [Client thread/INFO]: [CHAT]                                      
[17:28:00] [Client thread/INFO]: [CHAT]                          
[17:28:00] [Client thread/WARN]: Could not spawn particle effect VILLAGER_HAPPY
[17:28:00] [Client thread/WARN]: Could not spawn particle effect VILLAGER_HAPPY
[17:28:01] [Client thread/WARN]: Could not spawn particle effect VILLAGER_HAPPY
[17:28:01] [Client thread/INFO]: [CHAT] §aYou have §b1 §aunclaimed leveling reward!
[17:28:01] [Client thread/INFO]: [CHAT] §eClick here to view it!
[17:28:01] [Client thread/WARN]: Could not spawn particle effect VILLAGER_HAPPY
[17:28:01] [Client thread/WARN]: Could not spawn particle effect VILLAGER_HAPPY
[17:28:01] [Client thread/WARN]: Could not spawn particle effect VILLAGER_HAPPY
[17:28:01] [Client thread/WARN]: Could not spawn particle effect VILLAGER_HAPPY
[17:28:01] [Client thread/WARN]: Could not spawn particle effect VILLAGER_HAPPY
[17:28:01] [Client thread/WARN]: Could not spawn particle effect VILLAGER_HAPPY
[17:28:01] [Client thread/WARN]: Could not spawn particle effect VILLAGER_HAPPY
[17:28:01] [Client thread/WARN]: Could not spawn particle effect VILLAGER_HAPPY
[17:28:01] [Client thread/WARN]: Could not spawn particle effect VILLAGER_HAPPY
[17:28:01] [Client thread/WARN]: Could not spawn particle effect VILLAGER_HAPPY
[17:28:01] [Client thread/WARN]: Could not spawn particle effect VILLAGER_HAPPY
[17:28:01] [Client thread/WARN]: Could not spawn particle effect VILLAGER_HAPPY
[17:28:02] [Client thread/WARN]: Could not spawn particle effect VILLAGER_HAPPY
[17:28:02] [Client thread/WARN]: Could not spawn particle effect VILLAGER_HAPPY
[17:28:02] [Client thread/WARN]: Could not spawn particle effect VILLAGER_HAPPY
[17:28:02] [Client thread/WARN]: Could not spawn particle effect VILLAGER_HAPPY
[17:28:02] [Client thread/WARN]: Could not spawn particle effect VILLAGER_HAPPY
[17:28:02] [Client thread/WARN]: Could not spawn particle effect VILLAGER_HAPPY
[17:28:02] [Client thread/WARN]: Could not spawn particle effect VILLAGER_HAPPY
[17:28:02] [Client thread/WARN]: Could not spawn particle effect VILLAGER_HAPPY
[17:28:02] [Client thread/WARN]: Could not spawn particle effect VILLAGER_HAPPY
[17:28:03] [Client thread/WARN]: Could not spawn particle effect VILLAGER_HAPPY
[17:28:03] [Client thread/WARN]: Could not spawn particle effect VILLAGER_HAPPY
[17:28:03] [Client thread/WARN]: Could not spawn particle effect VILLAGER_HAPPY
[17:28:03] [Client thread/WARN]: Could not spawn particle effect VILLAGER_HAPPY
[17:28:03] [Client thread/WARN]: Could not spawn particle effect VILLAGER_HAPPY
[17:28:03] [Client thread/WARN]: Could not spawn particle effect VILLAGER_HAPPY
[17:28:03] [Client thread/WARN]: Could not spawn particle effect VILLAGER_HAPPY
[17:28:03] [Client thread/WARN]: Could not spawn particle effect VILLAGER_HAPPY
[17:28:03] [Client thread/WARN]: Could not spawn particle effect VILLAGER_HAPPY
[17:28:04] [Client thread/WARN]: Could not spawn particle effect VILLAGER_HAPPY
[17:28:04] [Client thread/WARN]: Could not spawn particle effect VILLAGER_HAPPY
[17:28:04] [Client thread/WARN]: Could not spawn particle effect VILLAGER_HAPPY
[17:28:04] [Client thread/WARN]: Could not spawn particle effect VILLAGER_HAPPY
[17:28:04] [Client thread/WARN]: Could not spawn particle effect VILLAGER_HAPPY
[17:28:04] [Client thread/WARN]: Could not spawn particle effect VILLAGER_HAPPY
[17:28:04] [Client thread/WARN]: Could not spawn particle effect VILLAGER_HAPPY
[17:28:04] [Client thread/WARN]: Could not spawn particle effect VILLAGER_HAPPY
[17:28:04] [Client thread/WARN]: Could not spawn particle effect VILLAGER_HAPPY
[17:28:05] [Client thread/WARN]: Could not spawn particle effect VILLAGER_HAPPY
[17:28:05] [Client thread/WARN]: Could not spawn particle effect VILLAGER_HAPPY
[17:28:05] [Client thread/WARN]: Could not spawn particle effect VILLAGER_HAPPY
[17:28:05] [Client thread/WARN]: Could not spawn particle effect VILLAGER_HAPPY
[17:28:05] [Client thread/WARN]: Could not spawn particle effect VILLAGER_HAPPY
[17:28:05] [Client thread/WARN]: Could not spawn particle effect VILLAGER_HAPPY
[17:28:05] [Client thread/WARN]: Could not spawn particle effect VILLAGER_HAPPY
[17:28:05] [Client thread/WARN]: Could not spawn particle effect VILLAGER_HAPPY
[17:28:05] [Client thread/WARN]: Could not spawn particle effect VILLAGER_HAPPY
[17:28:06] [Client thread/WARN]: Could not spawn particle effect VILLAGER_HAPPY
[17:28:06] [Client thread/WARN]: Could not spawn particle effect VILLAGER_HAPPY
[17:28:06] [Client thread/WARN]: Could not spawn particle effect VILLAGER_HAPPY
[17:28:06] [Client thread/WARN]: Could not spawn particle effect VILLAGER_HAPPY
[17:28:06] [Client thread/WARN]: Could not spawn particle effect VILLAGER_HAPPY
[17:28:06] [Client thread/WARN]: Could not spawn particle effect VILLAGER_HAPPY
[17:28:06] [Client thread/WARN]: Could not spawn particle effect VILLAGER_HAPPY
[17:28:06] [Client thread/WARN]: Could not spawn particle effect VILLAGER_HAPPY
[17:28:06] [Client thread/WARN]: Could not spawn particle effect VILLAGER_HAPPY
[17:28:07] [Client thread/WARN]: Could not spawn particle effect VILLAGER_HAPPY
[17:28:07] [Client thread/WARN]: Could not spawn particle effect VILLAGER_HAPPY
[17:28:07] [Client thread/WARN]: Could not spawn particle effect VILLAGER_HAPPY
[17:28:07] [Client thread/WARN]: Could not spawn particle effect VILLAGER_HAPPY
[17:28:07] [Client thread/WARN]: Could not spawn particle effect VILLAGER_HAPPY
[17:28:07] [Client thread/WARN]: Could not spawn particle effect VILLAGER_HAPPY
[17:28:07] [Client thread/WARN]: Could not spawn particle effect VILLAGER_HAPPY
[17:28:07] [Client thread/WARN]: Could not spawn particle effect VILLAGER_HAPPY
[17:28:07] [Client thread/WARN]: Could not spawn particle effect VILLAGER_HAPPY
[17:28:08] [Client thread/WARN]: Could not spawn particle effect VILLAGER_HAPPY
[17:28:08] [Client thread/WARN]: Could not spawn particle effect VILLAGER_HAPPY
[17:28:08] [Client thread/WARN]: Could not spawn particle effect VILLAGER_HAPPY
[17:28:08] [Client thread/WARN]: Could not spawn particle effect VILLAGER_HAPPY
[17:28:08] [Client thread/WARN]: Could not spawn particle effect VILLAGER_HAPPY
[17:28:08] [Client thread/WARN]: Could not spawn particle effect VILLAGER_HAPPY
[17:28:08] [Client thread/WARN]: Could not spawn particle effect VILLAGER_HAPPY
[17:28:08] [Client thread/WARN]: Could not spawn particle effect VILLAGER_HAPPY
[17:28:08] [Client thread/WARN]: Could not spawn particle effect VILLAGER_HAPPY
[17:28:09] [Client thread/WARN]: Could not spawn particle effect VILLAGER_HAPPY
[17:28:09] [Client thread/WARN]: Could not spawn particle effect VILLAGER_HAPPY
[17:28:09] [Client thread/WARN]: Could not spawn particle effect VILLAGER_HAPPY
[17:28:09] [Client thread/WARN]: Could not spawn particle effect VILLAGER_HAPPY
[17:28:09] [Client thread/WARN]: Could not spawn particle effect VILLAGER_HAPPY
[17:28:09] [Client thread/WARN]: Could not spawn particle effect VILLAGER_HAPPY
[17:28:09] [Client thread/WARN]: Could not spawn particle effect VILLAGER_HAPPY
[17:28:09] [Client thread/WARN]: Could not spawn particle effect VILLAGER_HAPPY
[17:28:09] [Client thread/WARN]: Could not spawn particle effect VILLAGER_HAPPY
[17:28:10] [Client thread/WARN]: Could not spawn particle effect VILLAGER_HAPPY
[17:28:10] [Client thread/WARN]: Could not spawn particle effect VILLAGER_HAPPY
[17:28:10] [Client thread/WARN]: Could not spawn particle effect VILLAGER_HAPPY
[17:28:10] [Client thread/WARN]: Could not spawn particle effect VILLAGER_HAPPY
[17:28:10] [Client thread/WARN]: Could not spawn particle effect VILLAGER_HAPPY
[17:28:10] [Client thread/WARN]: Could not spawn particle effect VILLAGER_HAPPY
[17:28:10] [Client thread/WARN]: Could not spawn particle effect VILLAGER_HAPPY
[17:28:10] [Client thread/WARN]: Could not spawn particle effect VILLAGER_HAPPY
[17:28:10] [Client thread/WARN]: Could not spawn particle effect VILLAGER_HAPPY
[17:28:11] [Client thread/WARN]: Could not spawn particle effect VILLAGER_HAPPY
[17:28:11] [Client thread/WARN]: Could not spawn particle effect VILLAGER_HAPPY
[17:28:11] [Client thread/WARN]: Could not spawn particle effect VILLAGER_HAPPY
[17:28:11] [Client thread/INFO]: [CHAT] Parkour challenge started!
[17:28:11] [Client thread/INFO]: [CHAT] Use /parkour checkpoint to teleport to the last checkpoint or /parkour cancel to cancel!
[17:28:11] [Client thread/WARN]: Could not spawn particle effect VILLAGER_HAPPY
[17:28:11] [Client thread/WARN]: Could not spawn particle effect VILLAGER_HAPPY
[17:28:11] [Client thread/WARN]: Could not spawn particle effect VILLAGER_HAPPY
[17:28:11] [Client thread/WARN]: Could not spawn particle effect VILLAGER_HAPPY
[17:28:11] [Client thread/WARN]: Could not spawn particle effect VILLAGER_HAPPY
[17:28:12] [Client thread/WARN]: Could not spawn particle effect VILLAGER_HAPPY
[17:28:12] [Client thread/INFO]: [CHAT]  §b>§c>§a>§r §6[MVP§8++§6] duvzxd§f §6spooked into the lobby! §a<§c<§b<
[17:28:12] [Client thread/INFO]: [CHAT]  §b>§c>§a>§r §6[MVP§0++§6] kaselo§f §6spooked into the lobby! §a<§c<§b<
[17:28:17] [Client thread/WARN]: Could not spawn particle effect VILLAGER_HAPPY
[17:28:17] [Client thread/WARN]: Could not spawn particle effect VILLAGER_HAPPY
[17:28:17] [Client thread/WARN]: Could not spawn particle effect VILLAGER_HAPPY
[17:28:17] [Client thread/WARN]: Could not spawn particle effect VILLAGER_HAPPY
[17:28:17] [Client thread/WARN]: Could not spawn particle effect VILLAGER_HAPPY
[17:28:17] [Client thread/INFO]: [CHAT] Reset your timer to 00:00! Get to the finish line!
[17:28:17] [Client thread/WARN]: Could not spawn particle effect VILLAGER_HAPPY
[17:28:18] [Client thread/WARN]: Could not spawn particle effect VILLAGER_HAPPY
[17:28:18] [Client thread/WARN]: Could not spawn particle effect VILLAGER_HAPPY
[17:28:18] [Client thread/WARN]: Could not spawn particle effect VILLAGER_HAPPY
[17:28:18] [Client thread/WARN]: Could not spawn particle effect VILLAGER_HAPPY
[17:28:18] [Client thread/WARN]: Could not spawn particle effect VILLAGER_HAPPY
[17:28:18] [Client thread/WARN]: Could not spawn particle effect VILLAGER_HAPPY
[17:28:21] [Client thread/WARN]: Could not spawn particle effect VILLAGER_HAPPY
[17:28:21] [Client thread/WARN]: Could not spawn particle effect VILLAGER_HAPPY
[17:28:21] [Client thread/WARN]: Could not spawn particle effect VILLAGER_HAPPY
[17:28:21] [Client thread/WARN]: Could not spawn particle effect VILLAGER_HAPPY
[17:28:22] [Client thread/INFO]: [CHAT] §b[MVP§f+§b] Lpvp§f §6spooked into the lobby!
[17:28:22] [Client thread/INFO]: [CHAT] Reset your timer to 00:00! Get to the finish line!§7 (2)
[17:28:22] [Client thread/WARN]: Could not spawn particle effect VILLAGER_HAPPY
[17:28:22] [Client thread/WARN]: Could not spawn particle effect VILLAGER_HAPPY
[17:28:22] [Client thread/WARN]: Could not spawn particle effect VILLAGER_HAPPY
[17:28:22] [Client thread/WARN]: Could not spawn particle effect VILLAGER_HAPPY
[17:28:22] [Client thread/WARN]: Could not spawn particle effect VILLAGER_HAPPY
[17:28:22] [Client thread/WARN]: Could not spawn particle effect VILLAGER_HAPPY
[17:28:22] [Client thread/WARN]: Could not spawn particle effect VILLAGER_HAPPY
[17:28:22] [Client thread/INFO]: [CHAT]  §b>§c>§a>§r §6[MVP§2++§6] Dcctor§f §6spooked into the lobby! §a<§c<§b<
[17:28:22] [Client thread/WARN]: Could not spawn particle effect VILLAGER_HAPPY
[17:28:24] [Client thread/INFO]: [CHAT] §b[MVP§5+§b] TsunamiLegend§f §6spooked into the lobby!
[17:28:25] [Client thread/INFO]: [CHAT] §b[MVP§2+§b] crazy_for_marie§f §6spooked into the lobby!
[17:28:25] [Client thread/INFO]: [CHAT]  §b>§c>§a>§r §6[MVP§4++§6] ILikeYouAsYouAre§f §6spooked into the lobby! §a<§c<§b<
[17:28:27] [Client thread/WARN]: Could not spawn particle effect VILLAGER_HAPPY
[17:28:28] [Client thread/WARN]: Could not spawn particle effect VILLAGER_HAPPY
[17:28:28] [Client thread/WARN]: Could not spawn particle effect VILLAGER_HAPPY
[17:28:28] [Client thread/WARN]: Could not spawn particle effect VILLAGER_HAPPY
[17:28:28] [Client thread/WARN]: Could not spawn particle effect VILLAGER_HAPPY
[17:28:28] [Client thread/WARN]: Could not spawn particle effect VILLAGER_HAPPY
[17:28:28] [Client thread/WARN]: Could not spawn particle effect VILLAGER_HAPPY
[17:28:28] [Client thread/WARN]: Could not spawn particle effect VILLAGER_HAPPY
[17:28:28] [Client thread/WARN]: Could not spawn particle effect VILLAGER_HAPPY
[17:28:28] [Client thread/INFO]: [CHAT] §b[MVP§c+§b] respawnfly§f §6spooked into the lobby!
[17:28:28] [Client thread/WARN]: Could not spawn particle effect VILLAGER_HAPPY
[17:28:29] [Client thread/INFO]: [CHAT]  §b>§c>§a>§r §6[MVP§0++§6] Saerwen§f §6spooked into the lobby! §a<§c<§b<
[17:28:29] [Client thread/WARN]: Could not spawn particle effect VILLAGER_HAPPY
[17:28:29] [Client thread/WARN]: Could not spawn particle effect VILLAGER_HAPPY
[17:28:29] [Client thread/WARN]: Could not spawn particle effect VILLAGER_HAPPY
[17:28:29] [Client thread/WARN]: Could not spawn particle effect VILLAGER_HAPPY
[17:28:29] [Client thread/WARN]: Could not spawn particle effect VILLAGER_HAPPY
[17:28:29] [Client thread/INFO]: [CHAT] ✦ [VIP] UItimateGaming found an Epic White Horse Pet in a Mystery Box!
[17:28:29] [Client thread/WARN]: Could not spawn particle effect VILLAGER_HAPPY
[17:28:29] [Client thread/WARN]: Could not spawn particle effect VILLAGER_HAPPY
[17:28:29] [Client thread/WARN]: Could not spawn particle effect VILLAGER_HAPPY
[17:28:29] [Client thread/WARN]: Could not spawn particle effect VILLAGER_HAPPY
[17:28:30] [Client thread/WARN]: Could not spawn particle effect VILLAGER_HAPPY
[17:28:30] [Client thread/WARN]: Could not spawn particle effect VILLAGER_HAPPY
[17:28:30] [Client thread/WARN]: Could not spawn particle effect VILLAGER_HAPPY
[17:28:30] [Client thread/WARN]: Could not spawn particle effect VILLAGER_HAPPY
[17:28:30] [Client thread/WARN]: Could not spawn particle effect VILLAGER_HAPPY
[17:28:30] [Client thread/WARN]: Could not spawn particle effect VILLAGER_HAPPY
[17:28:30] [Client thread/WARN]: Could not spawn particle effect VILLAGER_HAPPY
[17:28:30] [Client thread/WARN]: Could not spawn particle effect VILLAGER_HAPPY
[17:28:30] [Client thread/WARN]: Could not spawn particle effect VILLAGER_HAPPY
[17:28:31] [Client thread/WARN]: Could not spawn particle effect VILLAGER_HAPPY
[17:28:31] [Client thread/WARN]: Could not spawn particle effect VILLAGER_HAPPY
[17:28:31] [Client thread/WARN]: Could not spawn particle effect VILLAGER_HAPPY
[17:28:31] [Client thread/WARN]: Could not spawn particle effect VILLAGER_HAPPY
[17:28:31] [Client thread/WARN]: Could not spawn particle effect VILLAGER_HAPPY
[17:28:31] [Client thread/WARN]: Could not spawn particle effect VILLAGER_HAPPY
[17:28:31] [Client thread/WARN]: Could not spawn particle effect VILLAGER_HAPPY
[17:28:31] [Client thread/WARN]: Could not spawn particle effect VILLAGER_HAPPY
[17:28:31] [Client thread/WARN]: Could not spawn particle effect VILLAGER_HAPPY
[17:28:32] [Client thread/WARN]: Could not spawn particle effect VILLAGER_HAPPY
[17:28:32] [Client thread/INFO]: [CHAT] Reset your timer to 00:00! Get to the finish line!§7 (3)
[17:28:32] [Client thread/WARN]: Could not spawn particle effect VILLAGER_HAPPY
[17:28:32] [Client thread/WARN]: Could not spawn particle effect VILLAGER_HAPPY
[17:28:32] [Client thread/WARN]: Could not spawn particle effect VILLAGER_HAPPY
[17:28:32] [Client thread/WARN]: Could not spawn particle effect VILLAGER_HAPPY
[17:28:32] [Client thread/WARN]: Could not spawn particle effect VILLAGER_HAPPY
[17:28:32] [Client thread/WARN]: Could not spawn particle effect VILLAGER_HAPPY
[17:28:32] [Client thread/WARN]: Could not spawn particle effect VILLAGER_HAPPY
[17:28:33] [Client thread/WARN]: Could not spawn particle effect VILLAGER_HAPPY
[17:28:35] [Client thread/INFO]: [CHAT]  §b>§c>§a>§r §6[MVP§9++§6] Quadibee§f §6spooked into the lobby! §a<§c<§b<
[17:28:36] [Client thread/INFO]: [CHAT]  §b>§c>§a>§r §6[MVP§0++§6] Kaxiku§f §6spooked into the lobby! §a<§c<§b<
[17:28:39] [Client thread/INFO]: [CHAT] ✦ Podniecenie_ found a ✰✰✰✰✰ Mystery Box!
[17:28:47] [Client thread/INFO]: [CHAT] §b[MVP§d+§b] Ev1l_Combo§f §6spooked into the lobby!
[17:28:48] [Client thread/INFO]: [CHAT]  §b>§c>§a>§r §6[MVP§d++§6] ElementalKing27§f §6spooked into the lobby! §a<§c<§b<
[17:29:03] [Client thread/WARN]: Could not spawn particle effect VILLAGER_HAPPY
[17:29:03] [Client thread/WARN]: Could not spawn particle effect VILLAGER_HAPPY
[17:29:03] [Client thread/WARN]: Could not spawn particle effect VILLAGER_HAPPY
[17:29:03] [Client thread/WARN]: Could not spawn particle effect VILLAGER_HAPPY
[17:29:03] [Client thread/WARN]: Could not spawn particle effect VILLAGER_HAPPY
[17:29:04] [Client thread/WARN]: Could not spawn particle effect VILLAGER_HAPPY
[17:29:04] [Client thread/WARN]: Could not spawn particle effect VILLAGER_HAPPY
[17:29:04] [Client thread/WARN]: Could not spawn particle effect VILLAGER_HAPPY
[17:29:04] [Client thread/WARN]: Could not spawn particle effect VILLAGER_HAPPY
[17:29:04] [Client thread/WARN]: Could not spawn particle effect VILLAGER_HAPPY
[17:29:04] [Client thread/WARN]: Could not spawn particle effect VILLAGER_HAPPY
[17:29:04] [Client thread/WARN]: Could not spawn particle effect VILLAGER_HAPPY
[17:29:04] [Client thread/WARN]: Could not spawn particle effect VILLAGER_HAPPY
[17:29:04] [Client thread/WARN]: Could not spawn particle effect VILLAGER_HAPPY
[17:29:05] [Client thread/WARN]: Could not spawn particle effect VILLAGER_HAPPY
[17:29:05] [Client thread/WARN]: Could not spawn particle effect VILLAGER_HAPPY
[17:29:05] [Client thread/WARN]: Could not spawn particle effect VILLAGER_HAPPY
[17:29:05] [Client thread/WARN]: Could not spawn particle effect VILLAGER_HAPPY
[17:29:05] [Client thread/WARN]: Could not spawn particle effect VILLAGER_HAPPY
[17:29:05] [Client thread/WARN]: Could not spawn particle effect VILLAGER_HAPPY
[17:29:05] [Client thread/WARN]: Could not spawn particle effect VILLAGER_HAPPY
[17:29:05] [Client thread/WARN]: Could not spawn particle effect VILLAGER_HAPPY
[17:29:05] [Client thread/WARN]: Could not spawn particle effect VILLAGER_HAPPY
[17:29:06] [Client thread/WARN]: Could not spawn particle effect VILLAGER_HAPPY
[17:29:06] [Client thread/WARN]: Could not spawn particle effect VILLAGER_HAPPY
[17:29:06] [Client thread/WARN]: Could not spawn particle effect VILLAGER_HAPPY
[17:29:06] [Client thread/WARN]: Could not spawn particle effect VILLAGER_HAPPY
[17:29:06] [Client thread/WARN]: Could not spawn particle effect VILLAGER_HAPPY
[17:29:06] [Client thread/WARN]: Could not spawn particle effect VILLAGER_HAPPY
[17:29:06] [Client thread/WARN]: Could not spawn particle effect VILLAGER_HAPPY
[17:29:06] [Client thread/WARN]: Could not spawn particle effect VILLAGER_HAPPY
[17:29:06] [Client thread/WARN]: Could not spawn particle effect VILLAGER_HAPPY
[17:29:07] [Client thread/WARN]: Could not spawn particle effect VILLAGER_HAPPY
[17:29:07] [Client thread/WARN]: Could not spawn particle effect VILLAGER_HAPPY
[17:29:07] [Client thread/WARN]: Could not spawn particle effect VILLAGER_HAPPY
[17:29:07] [Client thread/INFO]: [CHAT] Reset your timer to 00:00! Get to the finish line!§7 (4)
[17:29:07] [Client thread/WARN]: Could not spawn particle effect VILLAGER_HAPPY
[17:29:07] [Client thread/WARN]: Could not spawn particle effect VILLAGER_HAPPY
[17:29:07] [Client thread/WARN]: Could not spawn particle effect VILLAGER_HAPPY
[17:29:07] [Client thread/WARN]: Could not spawn particle effect VILLAGER_HAPPY
[17:29:07] [Client thread/WARN]: Could not spawn particle effect VILLAGER_HAPPY
[17:29:07] [Client thread/WARN]: Could not spawn particle effect VILLAGER_HAPPY
[17:29:08] [Client thread/WARN]: Could not spawn particle effect VILLAGER_HAPPY
[17:29:08] [Client thread/WARN]: Could not spawn particle effect VILLAGER_HAPPY
[17:29:09] [Client thread/INFO]: [CHAT] §b[MVP§c+§b] duckydolan§f §6spooked into the lobby!
[17:29:12] [Client thread/INFO]: [CHAT] §7[4✫] §7_MiROO§7: t
[17:29:12] [Client thread/WARN]: Could not spawn particle effect VILLAGER_HAPPY
[17:29:13] [Client thread/WARN]: Could not spawn particle effect VILLAGER_HAPPY
[17:29:13] [Client thread/WARN]: Could not spawn particle effect VILLAGER_HAPPY
[17:29:13] [Client thread/WARN]: Could not spawn particle effect VILLAGER_HAPPY
[17:29:13] [Client thread/WARN]: Could not spawn particle effect VILLAGER_HAPPY
[17:29:13] [Client thread/WARN]: Could not spawn particle effect VILLAGER_HAPPY
[17:29:13] [Client thread/WARN]: Could not spawn particle effect VILLAGER_HAPPY
[17:29:13] [Client thread/WARN]: Could not spawn particle effect VILLAGER_HAPPY
[17:29:13] [Client thread/WARN]: Could not spawn particle effect VILLAGER_HAPPY
[17:29:13] [Client thread/WARN]: Could not spawn particle effect VILLAGER_HAPPY
[17:29:14] [Client thread/WARN]: Could not spawn particle effect VILLAGER_HAPPY
[17:29:14] [Client thread/WARN]: Could not spawn particle effect VILLAGER_HAPPY
[17:29:14] [Client thread/WARN]: Could not spawn particle effect VILLAGER_HAPPY
[17:29:14] [Client thread/WARN]: Could not spawn particle effect VILLAGER_HAPPY
[17:29:14] [Client thread/WARN]: Could not spawn particle effect VILLAGER_HAPPY
[17:29:14] [Client thread/WARN]: Could not spawn particle effect VILLAGER_HAPPY
[17:29:14] [Client thread/WARN]: Could not spawn particle effect VILLAGER_HAPPY
[17:29:14] [Client thread/WARN]: Could not spawn particle effect VILLAGER_HAPPY
[17:29:14] [Client thread/WARN]: Could not spawn particle effect VILLAGER_HAPPY
[17:29:15] [Client thread/WARN]: Could not spawn particle effect VILLAGER_HAPPY
[17:29:15] [Client thread/WARN]: Could not spawn particle effect VILLAGER_HAPPY
[17:29:15] [Client thread/WARN]: Could not spawn particle effect VILLAGER_HAPPY
[17:29:15] [Client thread/WARN]: Could not spawn particle effect VILLAGER_HAPPY
[17:29:15] [Client thread/WARN]: Could not spawn particle effect VILLAGER_HAPPY
[17:29:15] [Client thread/WARN]: Could not spawn particle effect VILLAGER_HAPPY
[17:29:15] [Client thread/WARN]: Could not spawn particle effect VILLAGER_HAPPY
[17:29:15] [Client thread/WARN]: Could not spawn particle effect VILLAGER_HAPPY
[17:29:15] [Client thread/WARN]: Could not spawn particle effect VILLAGER_HAPPY
[17:29:16] [Client thread/WARN]: Could not spawn particle effect VILLAGER_HAPPY
[17:29:16] [Client thread/WARN]: Could not spawn particle effect VILLAGER_HAPPY
[17:29:16] [Client thread/WARN]: Could not spawn particle effect VILLAGER_HAPPY
[17:29:16] [Client thread/WARN]: Could not spawn particle effect VILLAGER_HAPPY
[17:29:16] [Client thread/WARN]: Could not spawn particle effect VILLAGER_HAPPY
[17:29:16] [Client thread/WARN]: Could not spawn particle effect VILLAGER_HAPPY
[17:29:16] [Client thread/WARN]: Could not spawn particle effect VILLAGER_HAPPY
[17:29:16] [Client thread/INFO]: [CHAT] §b[MVP§c+§b] beanbenbean§f §6spooked into the lobby!
[17:29:16] [Client thread/WARN]: Could not spawn particle effect VILLAGER_HAPPY
[17:29:16] [Client thread/WARN]: Could not spawn particle effect VILLAGER_HAPPY
[17:29:17] [Client thread/WARN]: Could not spawn particle effect VILLAGER_HAPPY
[17:29:17] [Client thread/WARN]: Could not spawn particle effect VILLAGER_HAPPY
[17:29:17] [Client thread/INFO]: [CHAT] Reset your timer to 00:00! Get to the finish line!§7 (5)
[17:29:17] [Client thread/WARN]: Could not spawn particle effect VILLAGER_HAPPY
[17:29:17] [Client thread/WARN]: Could not spawn particle effect VILLAGER_HAPPY
[17:29:17] [Client thread/WARN]: Could not spawn particle effect VILLAGER_HAPPY
[17:29:17] [Client thread/WARN]: Could not spawn particle effect VILLAGER_HAPPY
[17:29:17] [Client thread/WARN]: Could not spawn particle effect VILLAGER_HAPPY
[17:29:18] [Client thread/WARN]: Could not spawn particle effect VILLAGER_HAPPY
[17:29:21] [Client thread/INFO]: [CHAT]  §b>§c>§a>§r §6[MVP§0++§6] Ayrinea§f §6spooked into the lobby! §a<§c<§b<
[17:29:29] [Client thread/INFO]: [CHAT] §b[MVP§c+§b] Chlorinepoptarts§f §6spooked into the lobby!
[17:29:41] [Client thread/INFO]: [CHAT]  §b>§c>§a>§r §6[MVP§d++§6] Villicous_§f §6spooked into the lobby! §a<§c<§b<
[17:29:42] [Client thread/INFO]: [CHAT]  §b>§c>§a>§r §6[MVP§0++§6] duppy§f §6spooked into the lobby! §a<§c<§b<
[17:29:45] [Client thread/INFO]: [CHAT] §b[MVP§0+§b] Yveltis§f §6spooked into the lobby!
[17:29:52] [Client thread/INFO]: [CHAT] §b[MVP§f+§b] Jaruzo§f §6spooked into the lobby!
[17:29:54] [Client thread/WARN]: Could not spawn particle effect VILLAGER_HAPPY
[17:29:54] [Client thread/WARN]: Could not spawn particle effect VILLAGER_HAPPY
[17:29:55] [Client thread/WARN]: Could not spawn particle effect VILLAGER_HAPPY
[17:29:55] [Client thread/WARN]: Could not spawn particle effect VILLAGER_HAPPY
[17:29:55] [Client thread/WARN]: Could not spawn particle effect VILLAGER_HAPPY
[17:29:55] [Client thread/WARN]: Could not spawn particle effect VILLAGER_HAPPY
[17:29:55] [Client thread/WARN]: Could not spawn particle effect VILLAGER_HAPPY
[17:29:55] [Client thread/WARN]: Could not spawn particle effect VILLAGER_HAPPY
[17:29:55] [Client thread/WARN]: Could not spawn particle effect VILLAGER_HAPPY
[17:29:55] [Client thread/WARN]: Could not spawn particle effect VILLAGER_HAPPY
[17:29:55] [Client thread/WARN]: Could not spawn particle effect VILLAGER_HAPPY
[17:29:56] [Client thread/WARN]: Could not spawn particle effect VILLAGER_HAPPY
[17:29:56] [Client thread/WARN]: Could not spawn particle effect VILLAGER_HAPPY
[17:29:56] [Client thread/WARN]: Could not spawn particle effect VILLAGER_HAPPY
[17:29:56] [Client thread/WARN]: Could not spawn particle effect VILLAGER_HAPPY
[17:29:56] [Client thread/WARN]: Could not spawn particle effect VILLAGER_HAPPY
[17:29:56] [Client thread/WARN]: Could not spawn particle effect VILLAGER_HAPPY
[17:29:56] [Client thread/WARN]: Could not spawn particle effect VILLAGER_HAPPY
[17:29:56] [Client thread/WARN]: Could not spawn particle effect VILLAGER_HAPPY
[17:29:56] [Client thread/WARN]: Could not spawn particle effect VILLAGER_HAPPY
[17:29:57] [Client thread/WARN]: Could not spawn particle effect VILLAGER_HAPPY
[17:29:57] [Client thread/WARN]: Could not spawn particle effect VILLAGER_HAPPY
[17:29:57] [Client thread/WARN]: Could not spawn particle effect VILLAGER_HAPPY
[17:29:57] [Client thread/WARN]: Could not spawn particle effect VILLAGER_HAPPY
[17:29:57] [Client thread/WARN]: Could not spawn particle effect VILLAGER_HAPPY
[17:29:57] [Client thread/WARN]: Could not spawn particle effect VILLAGER_HAPPY
[17:29:57] [Client thread/WARN]: Could not spawn particle effect VILLAGER_HAPPY
[17:29:57] [Client thread/WARN]: Could not spawn particle effect VILLAGER_HAPPY
[17:29:57] [Client thread/WARN]: Could not spawn particle effect VILLAGER_HAPPY
[17:29:58] [Client thread/WARN]: Could not spawn particle effect VILLAGER_HAPPY
[17:29:58] [Client thread/WARN]: Could not spawn particle effect VILLAGER_HAPPY
[17:29:58] [Client thread/WARN]: Could not spawn particle effect VILLAGER_HAPPY
[17:29:58] [Client thread/WARN]: Could not spawn particle effect VILLAGER_HAPPY
[17:29:58] [Client thread/WARN]: Could not spawn particle effect VILLAGER_HAPPY
[17:29:58] [Client thread/WARN]: Could not spawn particle effect VILLAGER_HAPPY
[17:29:58] [Client thread/WARN]: Could not spawn particle effect VILLAGER_HAPPY
[17:29:58] [Client thread/WARN]: Could not spawn particle effect VILLAGER_HAPPY
[17:29:58] [Client thread/WARN]: Could not spawn particle effect VILLAGER_HAPPY
[17:29:59] [Client thread/WARN]: Could not spawn particle effect VILLAGER_HAPPY
[17:29:59] [Client thread/WARN]: Could not spawn particle effect VILLAGER_HAPPY
[17:29:59] [Client thread/WARN]: Could not spawn particle effect VILLAGER_HAPPY
[17:29:59] [Client thread/WARN]: Could not spawn particle effect VILLAGER_HAPPY
[17:29:59] [Client thread/WARN]: Could not spawn particle effect VILLAGER_HAPPY
[17:29:59] [Client thread/WARN]: Could not spawn particle effect VILLAGER_HAPPY
[17:29:59] [Client thread/INFO]: [CHAT] ✦ Raiderr1 found a ✰✰✰✰✰ Mystery Box!
[17:29:59] [Client thread/WARN]: Could not spawn particle effect VILLAGER_HAPPY
[17:29:59] [Client thread/WARN]: Could not spawn particle effect VILLAGER_HAPPY
[17:29:59] [Client thread/WARN]: Could not spawn particle effect VILLAGER_HAPPY
[17:29:59] [Client thread/INFO]: [CHAT] Reset your timer to 00:00! Get to the finish line!§7 (6)
[17:30:00] [Client thread/WARN]: Could not spawn particle effect VILLAGER_HAPPY
[17:30:00] [Client thread/WARN]: Could not spawn particle effect VILLAGER_HAPPY
[17:30:00] [Client thread/WARN]: Could not spawn particle effect VILLAGER_HAPPY
[17:30:00] [Client thread/WARN]: Could not spawn particle effect VILLAGER_HAPPY
[17:30:00] [Client thread/WARN]: Could not spawn particle effect VILLAGER_HAPPY
[17:30:00] [Client thread/WARN]: Could not spawn particle effect VILLAGER_HAPPY
[17:30:00] [Client thread/WARN]: Could not spawn particle effect VILLAGER_HAPPY
[17:30:06] [Client thread/INFO]: [CHAT] §b[MVP§6+§b] TrueFrogLady§f §6spooked into the lobby!
[17:30:09] [Client thread/INFO]: [CHAT] §b[MVP§d+§b] MommyMaam§f §6spooked into the lobby!
[17:30:11] [Client thread/INFO]: [CHAT] §b[MVP§4+§b] SomeTsea§f §6spooked into the lobby!
[17:30:12] [Client thread/INFO]: [CHAT]  §b>§c>§a>§r §b[MVP§2++§b] dexays§f §6spooked into the lobby! §a<§c<§b<
[17:30:22] [Client thread/WARN]: Could not spawn particle effect VILLAGER_HAPPY
[17:30:22] [Client thread/WARN]: Could not spawn particle effect VILLAGER_HAPPY
[17:30:22] [Client thread/WARN]: Could not spawn particle effect VILLAGER_HAPPY
[17:30:22] [Client thread/WARN]: Could not spawn particle effect VILLAGER_HAPPY
[17:30:22] [Client thread/WARN]: Could not spawn particle effect VILLAGER_HAPPY
[17:30:22] [Client thread/WARN]: Could not spawn particle effect VILLAGER_HAPPY
[17:30:23] [Client thread/WARN]: Could not spawn particle effect VILLAGER_HAPPY
[17:30:23] [Client thread/WARN]: Could not spawn particle effect VILLAGER_HAPPY
[17:30:23] [Client thread/WARN]: Could not spawn particle effect VILLAGER_HAPPY
[17:30:23] [Client thread/WARN]: Could not spawn particle effect VILLAGER_HAPPY
[17:30:23] [Client thread/WARN]: Could not spawn particle effect VILLAGER_HAPPY
[17:30:23] [Client thread/WARN]: Could not spawn particle effect VILLAGER_HAPPY
[17:30:23] [Client thread/WARN]: Could not spawn particle effect VILLAGER_HAPPY
[17:30:23] [Client thread/WARN]: Could not spawn particle effect VILLAGER_HAPPY
[17:30:23] [Client thread/WARN]: Could not spawn particle effect VILLAGER_HAPPY
[17:30:24] [Client thread/INFO]: [CHAT] §b[MVP§e+§b] Rw__§f §6spooked into the lobby!
[17:30:24] [Client thread/INFO]: [CHAT]  §b>§c>§a>§r §6[MVP§e++§6] V015§f §6spooked into the lobby! §a<§c<§b<
[17:30:24] [Client thread/WARN]: Could not spawn particle effect VILLAGER_HAPPY
[17:30:24] [Client thread/WARN]: Could not spawn particle effect VILLAGER_HAPPY
[17:30:24] [Client thread/WARN]: Could not spawn particle effect VILLAGER_HAPPY
[17:30:24] [Client thread/WARN]: Could not spawn particle effect VILLAGER_HAPPY
[17:30:24] [Client thread/WARN]: Could not spawn particle effect VILLAGER_HAPPY
[17:30:24] [Client thread/WARN]: Could not spawn particle effect VILLAGER_HAPPY
[17:30:24] [Client thread/WARN]: Could not spawn particle effect VILLAGER_HAPPY
[17:30:24] [Client thread/WARN]: Could not spawn particle effect VILLAGER_HAPPY
[17:30:24] [Client thread/WARN]: Could not spawn particle effect VILLAGER_HAPPY
[17:30:25] [Client thread/WARN]: Could not spawn particle effect VILLAGER_HAPPY
[17:30:25] [Client thread/INFO]: [CHAT] §f[103✫] §6[MVP§e++§6] V015§f: ./p join v015 FOR PRIVATE BEDWARS
[17:30:25] [Client thread/WARN]: Could not spawn particle effect VILLAGER_HAPPY
[17:30:25] [Client thread/WARN]: Could not spawn particle effect VILLAGER_HAPPY
[17:30:25] [Client thread/WARN]: Could not spawn particle effect VILLAGER_HAPPY
[17:30:25] [Client thread/WARN]: Could not spawn particle effect VILLAGER_HAPPY
[17:30:25] [Client thread/WARN]: Could not spawn particle effect VILLAGER_HAPPY
[17:30:25] [Client thread/WARN]: Could not spawn particle effect VILLAGER_HAPPY
[17:30:25] [Client thread/WARN]: Could not spawn particle effect VILLAGER_HAPPY
[17:30:25] [Client thread/WARN]: Could not spawn particle effect VILLAGER_HAPPY
[17:30:26] [Client thread/WARN]: Could not spawn particle effect VILLAGER_HAPPY
[17:30:26] [Client thread/WARN]: Could not spawn particle effect VILLAGER_HAPPY
[17:30:26] [Client thread/INFO]: [CHAT] §b[MVP§d+§b] EndSweet_§f §6spooked into the lobby!
[17:30:26] [Client thread/WARN]: Could not spawn particle effect VILLAGER_HAPPY
[17:30:26] [Client thread/WARN]: Could not spawn particle effect VILLAGER_HAPPY
[17:30:26] [Client thread/WARN]: Could not spawn particle effect VILLAGER_HAPPY
[17:30:26] [Client thread/WARN]: Could not spawn particle effect VILLAGER_HAPPY
[17:30:26] [Client thread/WARN]: Could not spawn particle effect VILLAGER_HAPPY
[17:30:26] [Client thread/WARN]: Could not spawn particle effect VILLAGER_HAPPY
[17:30:26] [Client thread/WARN]: Could not spawn particle effect VILLAGER_HAPPY
[17:30:27] [Client thread/WARN]: Could not spawn particle effect VILLAGER_HAPPY
[17:30:27] [Client thread/WARN]: Could not spawn particle effect VILLAGER_HAPPY
[17:30:27] [Client thread/WARN]: Could not spawn particle effect VILLAGER_HAPPY
[17:30:27] [Client thread/WARN]: Could not spawn particle effect VILLAGER_HAPPY
[17:30:27] [Client thread/WARN]: Could not spawn particle effect VILLAGER_HAPPY
[17:30:27] [Client thread/WARN]: Could not spawn particle effect VILLAGER_HAPPY
[17:30:27] [Client thread/WARN]: Could not spawn particle effect VILLAGER_HAPPY
[17:30:27] [Client thread/WARN]: Could not spawn particle effect VILLAGER_HAPPY
[17:30:27] [Client thread/WARN]: Could not spawn particle effect VILLAGER_HAPPY
[17:30:27] [Client thread/INFO]: [CHAT] §b[MVP§2+§b] AssassinSnoopy§f §6spooked into the lobby!
[17:30:28] [Client thread/WARN]: Could not spawn particle effect VILLAGER_HAPPY
[17:30:28] [Client thread/WARN]: Could not spawn particle effect VILLAGER_HAPPY
[17:30:28] [Client thread/WARN]: Could not spawn particle effect VILLAGER_HAPPY
[17:30:28] [Client thread/WARN]: Could not spawn particle effect VILLAGER_HAPPY
[17:30:28] [Client thread/WARN]: Could not spawn particle effect VILLAGER_HAPPY
[17:30:28] [Client thread/WARN]: Could not spawn particle effect VILLAGER_HAPPY
[17:30:28] [Client thread/WARN]: Could not spawn particle effect VILLAGER_HAPPY
[17:30:28] [Client thread/WARN]: Could not spawn particle effect VILLAGER_HAPPY
[17:30:28] [Client thread/WARN]: Could not spawn particle effect VILLAGER_HAPPY
[17:30:29] [Client thread/WARN]: Could not spawn particle effect VILLAGER_HAPPY
[17:30:29] [Client thread/WARN]: Could not spawn particle effect VILLAGER_HAPPY
[17:30:29] [Client thread/WARN]: Could not spawn particle effect VILLAGER_HAPPY
[17:30:29] [Client thread/WARN]: Could not spawn particle effect VILLAGER_HAPPY
[17:30:29] [Client thread/WARN]: Could not spawn particle effect VILLAGER_HAPPY
[17:30:29] [Client thread/WARN]: Could not spawn particle effect VILLAGER_HAPPY
[17:30:29] [Client thread/WARN]: Could not spawn particle effect VILLAGER_HAPPY
[17:30:29] [Client thread/WARN]: Could not spawn particle effect VILLAGER_HAPPY
[17:30:29] [Client thread/WARN]: Could not spawn particle effect VILLAGER_HAPPY
[17:30:30] [Client thread/WARN]: Could not spawn particle effect VILLAGER_HAPPY
[17:30:30] [Client thread/WARN]: Could not spawn particle effect VILLAGER_HAPPY
[17:30:30] [Client thread/WARN]: Could not spawn particle effect VILLAGER_HAPPY
[17:30:30] [Client thread/WARN]: Could not spawn particle effect VILLAGER_HAPPY
[17:30:30] [Client thread/WARN]: Could not spawn particle effect VILLAGER_HAPPY
[17:30:30] [Client thread/WARN]: Could not spawn particle effect VILLAGER_HAPPY
[17:30:30] [Client thread/WARN]: Could not spawn particle effect VILLAGER_HAPPY
[17:30:30] [Client thread/WARN]: Could not spawn particle effect VILLAGER_HAPPY
[17:30:30] [Client thread/WARN]: Could not spawn particle effect VILLAGER_HAPPY
[17:30:31] [Client thread/WARN]: Could not spawn particle effect VILLAGER_HAPPY
[17:30:31] [Client thread/INFO]: [CHAT] Reset your timer to 00:00! Get to the finish line!§7 (7)
[17:30:31] [Client thread/WARN]: Could not spawn particle effect VILLAGER_HAPPY
[17:30:31] [Client thread/WARN]: Could not spawn particle effect VILLAGER_HAPPY
[17:30:31] [Client thread/WARN]: Could not spawn particle effect VILLAGER_HAPPY
[17:30:31] [Client thread/WARN]: Could not spawn particle effect VILLAGER_HAPPY
[17:30:31] [Client thread/WARN]: Could not spawn particle effect VILLAGER_HAPPY
[17:30:31] [Client thread/WARN]: Could not spawn particle effect VILLAGER_HAPPY
[17:30:31] [Client thread/WARN]: Could not spawn particle effect VILLAGER_HAPPY
[17:30:31] [Client thread/WARN]: Could not spawn particle effect VILLAGER_HAPPY
[17:30:31] [Client thread/INFO]: [CHAT] §b[MVP§2+§b] dwett§f §6spooked into the lobby!
[17:30:37] [Client thread/WARN]: Could not spawn particle effect VILLAGER_HAPPY
[17:30:37] [Client thread/WARN]: Could not spawn particle effect VILLAGER_HAPPY
[17:30:37] [Client thread/WARN]: Could not spawn particle effect VILLAGER_HAPPY
[17:30:37] [Client thread/WARN]: Could not spawn particle effect VILLAGER_HAPPY
[17:30:37] [Client thread/WARN]: Could not spawn particle effect VILLAGER_HAPPY
[17:30:37] [Client thread/WARN]: Could not spawn particle effect VILLAGER_HAPPY
[17:30:37] [Client thread/WARN]: Could not spawn particle effect VILLAGER_HAPPY
[17:30:37] [Client thread/WARN]: Could not spawn particle effect VILLAGER_HAPPY
[17:30:37] [Client thread/WARN]: Could not spawn particle effect VILLAGER_HAPPY
[17:30:38] [Client thread/WARN]: Could not spawn particle effect VILLAGER_HAPPY
[17:30:38] [Client thread/WARN]: Could not spawn particle effect VILLAGER_HAPPY
[17:30:38] [Client thread/INFO]: [CHAT] Reset your timer to 00:00! Get to the finish line!§7 (8)
[17:30:38] [Client thread/WARN]: Could not spawn particle effect VILLAGER_HAPPY
[17:30:38] [Client thread/WARN]: Could not spawn particle effect VILLAGER_HAPPY
[17:30:38] [Client thread/WARN]: Could not spawn particle effect VILLAGER_HAPPY
[17:30:38] [Client thread/WARN]: Could not spawn particle effect VILLAGER_HAPPY
[17:30:38] [Client thread/WARN]: Could not spawn particle effect VILLAGER_HAPPY
[17:30:38] [Client thread/WARN]: Could not spawn particle effect VILLAGER_HAPPY
[17:30:38] [Client thread/WARN]: Could not spawn particle effect VILLAGER_HAPPY
[17:30:39] [Client thread/INFO]: [CHAT] §b[MVP§8+§b] wenus§f §6spooked into the lobby!
[17:30:40] [Client thread/INFO]: [CHAT] §b[MVP§d+§b] vynforthewin§f §6spooked into the lobby!
[17:30:44] [Client thread/WARN]: Could not spawn particle effect VILLAGER_HAPPY
[17:30:44] [Client thread/WARN]: Could not spawn particle effect VILLAGER_HAPPY
[17:30:44] [Client thread/WARN]: Could not spawn particle effect VILLAGER_HAPPY
[17:30:44] [Client thread/WARN]: Could not spawn particle effect VILLAGER_HAPPY
[17:30:44] [Client thread/WARN]: Could not spawn particle effect VILLAGER_HAPPY
[17:30:44] [Client thread/WARN]: Could not spawn particle effect VILLAGER_HAPPY
[17:30:44] [Client thread/WARN]: Could not spawn particle effect VILLAGER_HAPPY
[17:30:44] [Client thread/WARN]: Could not spawn particle effect VILLAGER_HAPPY
[17:30:44] [Client thread/WARN]: Could not spawn particle effect VILLAGER_HAPPY
[17:30:45] [Client thread/WARN]: Could not spawn particle effect VILLAGER_HAPPY
[17:30:45] [Client thread/WARN]: Could not spawn particle effect VILLAGER_HAPPY
[17:30:45] [Client thread/WARN]: Could not spawn particle effect VILLAGER_HAPPY
[17:30:45] [Client thread/WARN]: Could not spawn particle effect VILLAGER_HAPPY
[17:30:45] [Client thread/WARN]: Could not spawn particle effect VILLAGER_HAPPY
[17:30:45] [Client thread/WARN]: Could not spawn particle effect VILLAGER_HAPPY
[17:30:45] [Client thread/WARN]: Could not spawn particle effect VILLAGER_HAPPY
[17:30:45] [Client thread/WARN]: Could not spawn particle effect VILLAGER_HAPPY
[17:30:45] [Client thread/WARN]: Could not spawn particle effect VILLAGER_HAPPY
[17:30:46] [Client thread/WARN]: Could not spawn particle effect VILLAGER_HAPPY
[17:30:46] [Client thread/WARN]: Could not spawn particle effect VILLAGER_HAPPY
[17:30:46] [Client thread/WARN]: Could not spawn particle effect VILLAGER_HAPPY
[17:30:46] [Client thread/WARN]: Could not spawn particle effect VILLAGER_HAPPY
[17:30:46] [Client thread/WARN]: Could not spawn particle effect VILLAGER_HAPPY
[17:30:46] [Client thread/WARN]: Could not spawn particle effect VILLAGER_HAPPY
[17:30:46] [Client thread/WARN]: Could not spawn particle effect VILLAGER_HAPPY
[17:30:46] [Client thread/WARN]: Could not spawn particle effect VILLAGER_HAPPY
[17:30:46] [Client thread/WARN]: Could not spawn particle effect VILLAGER_HAPPY
[17:30:47] [Client thread/WARN]: Could not spawn particle effect VILLAGER_HAPPY
[17:30:47] [Client thread/WARN]: Could not spawn particle effect VILLAGER_HAPPY
[17:30:47] [Client thread/WARN]: Could not spawn particle effect VILLAGER_HAPPY
[17:30:47] [Client thread/WARN]: Could not spawn particle effect VILLAGER_HAPPY
[17:30:47] [Client thread/WARN]: Could not spawn particle effect VILLAGER_HAPPY
[17:30:47] [Client thread/WARN]: Could not spawn particle effect VILLAGER_HAPPY
[17:30:47] [Client thread/WARN]: Could not spawn particle effect VILLAGER_HAPPY
[17:30:47] [Client thread/WARN]: Could not spawn particle effect VILLAGER_HAPPY
[17:30:47] [Client thread/WARN]: Could not spawn particle effect VILLAGER_HAPPY
[17:30:48] [Client thread/WARN]: Could not spawn particle effect VILLAGER_HAPPY
[17:30:48] [Client thread/WARN]: Could not spawn particle effect VILLAGER_HAPPY
[17:30:48] [Client thread/WARN]: Could not spawn particle effect VILLAGER_HAPPY
[17:30:48] [Client thread/WARN]: Could not spawn particle effect VILLAGER_HAPPY
[17:30:48] [Client thread/WARN]: Could not spawn particle effect VILLAGER_HAPPY
[17:30:48] [Client thread/WARN]: Could not spawn particle effect VILLAGER_HAPPY
[17:30:48] [Client thread/WARN]: Could not spawn particle effect VILLAGER_HAPPY
[17:30:48] [Client thread/WARN]: Could not spawn particle effect VILLAGER_HAPPY
[17:30:48] [Client thread/WARN]: Could not spawn particle effect VILLAGER_HAPPY
[17:30:49] [Client thread/WARN]: Could not spawn particle effect VILLAGER_HAPPY
[17:30:49] [Client thread/WARN]: Could not spawn particle effect VILLAGER_HAPPY
[17:30:49] [Client thread/WARN]: Could not spawn particle effect VILLAGER_HAPPY
[17:30:49] [Client thread/WARN]: Could not spawn particle effect VILLAGER_HAPPY
[17:30:49] [Client thread/WARN]: Could not spawn particle effect VILLAGER_HAPPY
[17:30:49] [Client thread/WARN]: Could not spawn particle effect VILLAGER_HAPPY
[17:30:49] [Client thread/WARN]: Could not spawn particle effect VILLAGER_HAPPY
[17:30:49] [Client thread/WARN]: Could not spawn particle effect VILLAGER_HAPPY
[17:30:49] [Client thread/WARN]: Could not spawn particle effect VILLAGER_HAPPY
[17:30:50] [Client thread/WARN]: Could not spawn particle effect VILLAGER_HAPPY
[17:30:50] [Client thread/WARN]: Could not spawn particle effect VILLAGER_HAPPY
[17:30:50] [Client thread/WARN]: Could not spawn particle effect VILLAGER_HAPPY
[17:30:50] [Client thread/WARN]: Could not spawn particle effect VILLAGER_HAPPY
[17:30:50] [Client thread/WARN]: Could not spawn particle effect VILLAGER_HAPPY
[17:30:50] [Client thread/WARN]: Could not spawn particle effect VILLAGER_HAPPY
[17:30:50] [Client thread/WARN]: Could not spawn particle effect VILLAGER_HAPPY
[17:30:50] [Client thread/WARN]: Could not spawn particle effect VILLAGER_HAPPY
[17:30:50] [Client thread/WARN]: Could not spawn particle effect VILLAGER_HAPPY
[17:30:51] [Client thread/WARN]: Could not spawn particle effect VILLAGER_HAPPY
[17:30:51] [Client thread/WARN]: Could not spawn particle effect VILLAGER_HAPPY
[17:30:51] [Client thread/WARN]: Could not spawn particle effect VILLAGER_HAPPY
[17:30:51] [Client thread/WARN]: Could not spawn particle effect VILLAGER_HAPPY
[17:30:51] [Client thread/WARN]: Could not spawn particle effect VILLAGER_HAPPY
[17:30:51] [Client thread/WARN]: Could not spawn particle effect VILLAGER_HAPPY
[17:30:51] [Client thread/WARN]: Could not spawn particle effect VILLAGER_HAPPY
[17:30:51] [Client thread/WARN]: Could not spawn particle effect VILLAGER_HAPPY
[17:30:51] [Client thread/WARN]: Could not spawn particle effect VILLAGER_HAPPY
[17:30:51] [Client thread/INFO]: [CHAT] §b[MVP§2+§b] RelievedSheet219§f §6spooked into the lobby!
[17:30:52] [Client thread/WARN]: Could not spawn particle effect VILLAGER_HAPPY
[17:30:52] [Client thread/WARN]: Could not spawn particle effect VILLAGER_HAPPY
[17:30:52] [Client thread/WARN]: Could not spawn particle effect VILLAGER_HAPPY
[17:30:52] [Client thread/WARN]: Could not spawn particle effect VILLAGER_HAPPY
[17:30:52] [Client thread/WARN]: Could not spawn particle effect VILLAGER_HAPPY
[17:30:52] [Client thread/WARN]: Could not spawn particle effect VILLAGER_HAPPY
[17:30:52] [Client thread/WARN]: Could not spawn particle effect VILLAGER_HAPPY
[17:30:52] [Client thread/WARN]: Could not spawn particle effect VILLAGER_HAPPY
[17:30:52] [Client thread/WARN]: Could not spawn particle effect VILLAGER_HAPPY
[17:30:53] [Client thread/INFO]: [CHAT] Reset your timer to 00:00! Get to the finish line!§7 (9)
[17:30:53] [Client thread/WARN]: Could not spawn particle effect VILLAGER_HAPPY
[17:30:53] [Client thread/WARN]: Could not spawn particle effect VILLAGER_HAPPY
[17:30:53] [Client thread/WARN]: Could not spawn particle effect VILLAGER_HAPPY
[17:30:53] [Client thread/WARN]: Could not spawn particle effect VILLAGER_HAPPY
[17:30:53] [Client thread/WARN]: Could not spawn particle effect VILLAGER_HAPPY
[17:30:53] [Client thread/WARN]: Could not spawn particle effect VILLAGER_HAPPY
[17:30:53] [Client thread/WARN]: Could not spawn particle effect VILLAGER_HAPPY
[17:30:53] [Client thread/WARN]: Could not spawn particle effect VILLAGER_HAPPY
[17:30:53] [Client thread/WARN]: Could not spawn particle effect VILLAGER_HAPPY
[17:30:54] [Client thread/INFO]: [CHAT] §b[MVP§c+§b] Comicguyz§f §6spooked into the lobby!
[17:30:54] [Client thread/INFO]: [CHAT] ✦ strxbe found a ✰✰✰✰✰ Mystery Box!
[17:30:57] [Client thread/INFO]: [CHAT] §b[MVP§6+§b] quaries§f §6spooked into the lobby!
[17:30:58] [Client thread/INFO]: [CHAT] §b[MVP§f+§b] Phiysh§f §6spooked into the lobby!
[17:30:59] [Client thread/WARN]: Could not spawn particle effect VILLAGER_HAPPY
[17:30:59] [Client thread/WARN]: Could not spawn particle effect VILLAGER_HAPPY
[17:30:59] [Client thread/WARN]: Could not spawn particle effect VILLAGER_HAPPY
[17:30:59] [Client thread/WARN]: Could not spawn particle effect VILLAGER_HAPPY
[17:30:59] [Client thread/WARN]: Could not spawn particle effect VILLAGER_HAPPY
[17:30:59] [Client thread/WARN]: Could not spawn particle effect VILLAGER_HAPPY
[17:30:59] [Client thread/WARN]: Could not spawn particle effect VILLAGER_HAPPY
[17:30:59] [Client thread/WARN]: Could not spawn particle effect VILLAGER_HAPPY
[17:30:59] [Client thread/WARN]: Could not spawn particle effect VILLAGER_HAPPY
[17:30:59] [Client thread/INFO]: [CHAT] §b[MVP§c+§b] PRO12343235§f §6spooked into the lobby!
[17:31:00] [Client thread/WARN]: Could not spawn particle effect VILLAGER_HAPPY
[17:31:00] [Client thread/WARN]: Could not spawn particle effect VILLAGER_HAPPY
[17:31:00] [Client thread/WARN]: Could not spawn particle effect VILLAGER_HAPPY
[17:31:00] [Client thread/WARN]: Could not spawn particle effect VILLAGER_HAPPY
[17:31:00] [Client thread/WARN]: Could not spawn particle effect VILLAGER_HAPPY
[17:31:00] [Client thread/WARN]: Could not spawn particle effect VILLAGER_HAPPY
[17:31:00] [Client thread/WARN]: Could not spawn particle effect VILLAGER_HAPPY
[17:31:00] [Client thread/WARN]: Could not spawn particle effect VILLAGER_HAPPY
[17:31:00] [Client thread/WARN]: Could not spawn particle effect VILLAGER_HAPPY
[17:31:01] [Client thread/WARN]: Could not spawn particle effect VILLAGER_HAPPY
[17:31:01] [Client thread/WARN]: Could not spawn particle effect VILLAGER_HAPPY
[17:31:01] [Client thread/WARN]: Could not spawn particle effect VILLAGER_HAPPY
[17:31:01] [Client thread/WARN]: Could not spawn particle effect VILLAGER_HAPPY
[17:31:01] [Client thread/WARN]: Could not spawn particle effect VILLAGER_HAPPY
[17:31:01] [Client thread/WARN]: Could not spawn particle effect VILLAGER_HAPPY
[17:31:01] [Client thread/WARN]: Could not spawn particle effect VILLAGER_HAPPY
[17:31:01] [Client thread/INFO]: [CHAT]  §b>§c>§a>§r §6[MVP§0++§6] ausm§f §6spooked into the lobby! §a<§c<§b<
[17:31:01] [Client thread/WARN]: Could not spawn particle effect VILLAGER_HAPPY
[17:31:01] [Client thread/WARN]: Could not spawn particle effect VILLAGER_HAPPY
[17:31:02] [Client thread/WARN]: Could not spawn particle effect VILLAGER_HAPPY
[17:31:02] [Client thread/INFO]: [CHAT]  §b>§c>§a>§r §6[MVP§9++§6] LastFridayNight_§f §6spooked into the lobby! §a<§c<§b<
[17:31:02] [Client thread/WARN]: Could not spawn particle effect VILLAGER_HAPPY
[17:31:02] [Client thread/WARN]: Could not spawn particle effect VILLAGER_HAPPY
[17:31:02] [Client thread/WARN]: Could not spawn particle effect VILLAGER_HAPPY
[17:31:02] [Client thread/WARN]: Could not spawn particle effect VILLAGER_HAPPY
[17:31:02] [Client thread/WARN]: Could not spawn particle effect VILLAGER_HAPPY
[17:31:02] [Client thread/WARN]: Could not spawn particle effect VILLAGER_HAPPY
[17:31:02] [Client thread/WARN]: Could not spawn particle effect VILLAGER_HAPPY
[17:31:02] [Client thread/WARN]: Could not spawn particle effect VILLAGER_HAPPY
[17:31:03] [Client thread/WARN]: Could not spawn particle effect VILLAGER_HAPPY
[17:31:03] [Client thread/WARN]: Could not spawn particle effect VILLAGER_HAPPY
[17:31:03] [Client thread/WARN]: Could not spawn particle effect VILLAGER_HAPPY
[17:31:03] [Client thread/WARN]: Could not spawn particle effect VILLAGER_HAPPY
[17:31:03] [Client thread/WARN]: Could not spawn particle effect VILLAGER_HAPPY
[17:31:03] [Client thread/WARN]: Could not spawn particle effect VILLAGER_HAPPY
[17:31:03] [Client thread/WARN]: Could not spawn particle effect VILLAGER_HAPPY
[17:31:03] [Client thread/WARN]: Could not spawn particle effect VILLAGER_HAPPY
[17:31:03] [Client thread/WARN]: Could not spawn particle effect VILLAGER_HAPPY
[17:31:04] [Client thread/WARN]: Could not spawn particle effect VILLAGER_HAPPY
[17:31:04] [Client thread/WARN]: Could not spawn particle effect VILLAGER_HAPPY
[17:31:04] [Client thread/WARN]: Could not spawn particle effect VILLAGER_HAPPY
[17:31:04] [Client thread/WARN]: Could not spawn particle effect VILLAGER_HAPPY
[17:31:04] [Client thread/WARN]: Could not spawn particle effect VILLAGER_HAPPY
[17:31:04] [Client thread/WARN]: Could not spawn particle effect VILLAGER_HAPPY
[17:31:04] [Client thread/INFO]: [CHAT] §b[MVP§a+§b] SincererZeus341§f §6spooked into the lobby!
[17:31:04] [Client thread/WARN]: Could not spawn particle effect VILLAGER_HAPPY
[17:31:04] [Client thread/WARN]: Could not spawn particle effect VILLAGER_HAPPY
[17:31:04] [Client thread/WARN]: Could not spawn particle effect VILLAGER_HAPPY
[17:31:04] [Client thread/INFO]: [CHAT] §b[MVP§2+§b] Via101§f §6spooked into the lobby!
[17:31:05] [Client thread/WARN]: Could not spawn particle effect VILLAGER_HAPPY
[17:31:05] [Client thread/WARN]: Could not spawn particle effect VILLAGER_HAPPY
[17:31:05] [Client thread/WARN]: Could not spawn particle effect VILLAGER_HAPPY
[17:31:05] [Client thread/WARN]: Could not spawn particle effect VILLAGER_HAPPY
[17:31:05] [Client thread/WARN]: Could not spawn particle effect VILLAGER_HAPPY
[17:31:05] [Client thread/WARN]: Could not spawn particle effect VILLAGER_HAPPY
[17:31:05] [Client thread/WARN]: Could not spawn particle effect VILLAGER_HAPPY
[17:31:05] [Client thread/WARN]: Could not spawn particle effect VILLAGER_HAPPY
[17:31:05] [Client thread/WARN]: Could not spawn particle effect VILLAGER_HAPPY
[17:31:06] [Client thread/WARN]: Could not spawn particle effect VILLAGER_HAPPY
[17:31:06] [Client thread/WARN]: Could not spawn particle effect VILLAGER_HAPPY
[17:31:06] [Client thread/WARN]: Could not spawn particle effect VILLAGER_HAPPY
[17:31:06] [Client thread/WARN]: Could not spawn particle effect VILLAGER_HAPPY
[17:31:06] [Client thread/WARN]: Could not spawn particle effect VILLAGER_HAPPY
[17:31:06] [Client thread/WARN]: Could not spawn particle effect VILLAGER_HAPPY
[17:31:06] [Client thread/WARN]: Could not spawn particle effect VILLAGER_HAPPY
[17:31:06] [Client thread/WARN]: Could not spawn particle effect VILLAGER_HAPPY
[17:31:06] [Client thread/WARN]: Could not spawn particle effect VILLAGER_HAPPY
[17:31:07] [Client thread/WARN]: Could not spawn particle effect VILLAGER_HAPPY
[17:31:07] [Client thread/WARN]: Could not spawn particle effect VILLAGER_HAPPY
[17:31:07] [Client thread/WARN]: Could not spawn particle effect VILLAGER_HAPPY
[17:31:07] [Client thread/WARN]: Could not spawn particle effect VILLAGER_HAPPY
[17:31:07] [Client thread/WARN]: Could not spawn particle effect VILLAGER_HAPPY
[17:31:07] [Client thread/WARN]: Could not spawn particle effect VILLAGER_HAPPY
[17:31:07] [Client thread/WARN]: Could not spawn particle effect VILLAGER_HAPPY
[17:31:07] [Client thread/WARN]: Could not spawn particle effect VILLAGER_HAPPY
[17:31:07] [Client thread/WARN]: Could not spawn particle effect VILLAGER_HAPPY
[17:31:08] [Client thread/WARN]: Could not spawn particle effect VILLAGER_HAPPY
[17:31:08] [Client thread/WARN]: Could not spawn particle effect VILLAGER_HAPPY
[17:31:08] [Client thread/WARN]: Could not spawn particle effect VILLAGER_HAPPY
[17:31:08] [Client thread/WARN]: Could not spawn particle effect VILLAGER_HAPPY
[17:31:08] [Client thread/WARN]: Could not spawn particle effect VILLAGER_HAPPY
[17:31:08] [Client thread/WARN]: Could not spawn particle effect VILLAGER_HAPPY
[17:31:08] [Client thread/WARN]: Could not spawn particle effect VILLAGER_HAPPY
[17:31:08] [Client thread/WARN]: Could not spawn particle effect VILLAGER_HAPPY
[17:31:08] [Client thread/WARN]: Could not spawn particle effect VILLAGER_HAPPY
[17:31:09] [Client thread/WARN]: Could not spawn particle effect VILLAGER_HAPPY
[17:31:09] [Client thread/WARN]: Could not spawn particle effect VILLAGER_HAPPY
[17:31:09] [Client thread/INFO]: [CHAT]  §b>§c>§a>§r §6[MVP§f++§6] S0ULARZZ§f §6spooked into the lobby! §a<§c<§b<
[17:31:09] [Client thread/WARN]: Could not spawn particle effect VILLAGER_HAPPY
[17:31:09] [Client thread/WARN]: Could not spawn particle effect VILLAGER_HAPPY
[17:31:09] [Client thread/WARN]: Could not spawn particle effect VILLAGER_HAPPY
[17:31:09] [Client thread/WARN]: Could not spawn particle effect VILLAGER_HAPPY
[17:31:09] [Client thread/WARN]: Could not spawn particle effect VILLAGER_HAPPY
[17:31:09] [Client thread/WARN]: Could not spawn particle effect VILLAGER_HAPPY
[17:31:09] [Client thread/WARN]: Could not spawn particle effect VILLAGER_HAPPY
[17:31:10] [Client thread/WARN]: Could not spawn particle effect VILLAGER_HAPPY
[17:31:10] [Client thread/WARN]: Could not spawn particle effect VILLAGER_HAPPY
[17:31:10] [Client thread/WARN]: Could not spawn particle effect VILLAGER_HAPPY
[17:31:10] [Client thread/WARN]: Could not spawn particle effect VILLAGER_HAPPY
[17:31:10] [Client thread/WARN]: Could not spawn particle effect VILLAGER_HAPPY
[17:31:10] [Client thread/WARN]: Could not spawn particle effect VILLAGER_HAPPY
[17:31:10] [Client thread/WARN]: Could not spawn particle effect VILLAGER_HAPPY
[17:31:10] [Client thread/WARN]: Could not spawn particle effect VILLAGER_HAPPY
[17:31:10] [Client thread/WARN]: Could not spawn particle effect VILLAGER_HAPPY
[17:31:11] [Client thread/INFO]: [CHAT] Reset your timer to 00:00! Get to the finish line!§7 (10)
[17:31:11] [Client thread/WARN]: Could not spawn particle effect VILLAGER_HAPPY
[17:31:11] [Client thread/WARN]: Could not spawn particle effect VILLAGER_HAPPY
[17:31:11] [Client thread/WARN]: Could not spawn particle effect VILLAGER_HAPPY
[17:31:11] [Client thread/WARN]: Could not spawn particle effect VILLAGER_HAPPY
[17:31:11] [Client thread/WARN]: Could not spawn particle effect VILLAGER_HAPPY
[17:31:11] [Client thread/WARN]: Could not spawn particle effect VILLAGER_HAPPY
[17:31:11] [Client thread/WARN]: Could not spawn particle effect VILLAGER_HAPPY
[17:31:11] [Client thread/WARN]: Could not spawn particle effect VILLAGER_HAPPY
[17:31:17] [Client thread/INFO]: [CHAT] §b[MVP§3+§b] Vauntings§f §6spooked into the lobby!
[17:31:28] [Client thread/INFO]: [CHAT]  §b>§c>§a>§r §b[MVP§9++§b] SpoodermanTwo§f §6spooked into the lobby! §a<§c<§b<
[17:31:42] [Client thread/INFO]: [CHAT] §b[MVP§8+§b] Spaceclass§f §6spooked into the lobby!
[17:31:46] [Client thread/INFO]: [CHAT]  §b>§c>§a>§r §6[MVP§0++§6] AntarcticIceCap§f §6spooked into the lobby! §a<§c<§b<
[17:31:49] [Client thread/INFO]: [CHAT] You reached Checkpoint #1 after 00:38.064.
[17:31:49] [Client thread/INFO]: [CHAT] You finished this part of the parkour in 00:38.064 (personal best: 00:35.393).
[17:31:49] [Client thread/INFO]: [CHAT] §b[MVP§2+§b] blackbird747§f §6spooked into the lobby!
[17:31:59] [Client thread/INFO]: [CHAT] §b[MVP§6+§b] CryptoV2§f §6spooked into the lobby!
[17:32:00] [Client thread/INFO]: [CHAT]  §b>§c>§a>§r §6[MVP§2++§6] iSheep§f §6spooked into the lobby! §a<§c<§b<
[17:32:04] [Client thread/INFO]: [CHAT] §b[MVP§8+§b] Schnuffilinchen§f §6spooked into the lobby!
[17:32:06] [Client thread/INFO]: [CHAT]  §b>§c>§a>§r §6[MVP§f++§6] arubiefaerie§f §6spooked into the lobby! §a<§c<§b<
[17:32:06] [Client thread/INFO]: [CHAT] §b[MVP§2+§b] Swjy§f §6spooked into the lobby!
[17:32:06] [Client thread/INFO]: [CHAT]  §b>§c>§a>§r §6[MVP§3++§6] Ablefavr§f §6spooked into the lobby! §a<§c<§b<
[17:32:06] [Client thread/INFO]: [CHAT] §b[MVP§c+§b] super4arn0ld§f §6spooked into the lobby!
[17:32:25] [Client thread/INFO]: [CHAT] ✦ Gioangel41 found a ✰✰✰✰✰ Mystery Box!
[17:32:25] [Client thread/INFO]: [CHAT] §b[MVP§f+§b] Runtothesun1§f §6spooked into the lobby!
[17:32:25] [Client thread/INFO]: [CHAT] ✦ [MVP+] Runtothesun1 found a ✰✰✰✰✰ Mystery Box!
[17:32:26] [Client thread/INFO]: [CHAT] You reached Checkpoint #2 after 01:15.285.
[17:32:26] [Client thread/INFO]: [CHAT] You finished this part of the parkour in 00:37.221 (personal best: 00:28.184).
[17:32:27] [Client thread/INFO]: [CHAT] §b[MVP§f+§b] fruitcayk§f §6spooked into the lobby!
[17:32:30] [Client thread/INFO]: [CHAT] §b[MVP§9+§b] caisien§f §6spooked into the lobby!
[17:32:30] [Client thread/INFO]: [CHAT] §b[MVP§0+§b] dragxnn§f §6spooked into the lobby!
[17:32:32] [Client thread/INFO]: [CHAT] §b[MVP§c+§b] OhMyRykes§f §6spooked into the lobby!
[17:32:36] [Client thread/INFO]: [CHAT] §b[MVP§c+§b] xa142§f §6spooked into the lobby!
[17:32:36] [Client thread/INFO]: [CHAT] ✦ [MVP+] xa142 found a ✰✰✰✰✰ Mystery Box!
[17:32:41] [Client thread/INFO]: [CHAT] ✦ tyrant_1 found a ✰✰✰✰✰ Mystery Box!
[17:32:45] [Client thread/INFO]: [CHAT]  §b>§c>§a>§r §6[MVP§2++§6] DaInfamousZef§f §6spooked into the lobby! §a<§c<§b<
[17:32:46] [Client thread/INFO]: [CHAT] §b[MVP§a+§b] Evidentpickle5§f §6spooked into the lobby!
[17:32:46] [Client thread/INFO]: [CHAT] §b[MVP§d+§b] Sonjuno§f §6spooked into the lobby!
[17:32:48] [Client thread/INFO]: [CHAT] §b[MVP§3+§b] oJenks§f §6spooked into the lobby!
[17:32:48] [pool-13-thread-2/ERROR]: Signature is missing from textures payload
[17:32:49] [Client thread/FATAL]: Error executing task
java.util.concurrent.ExecutionException: java.lang.NullPointerException
	at java.util.concurrent.FutureTask.report(FutureTask.java:122) ~[?:1.8.0_392]
	at java.util.concurrent.FutureTask.get(FutureTask.java:192) ~[?:1.8.0_392]
	at net.minecraft.util.Util.func_181617_a(Util.java:20) [g.class:?]
	at net.minecraft.client.Minecraft.func_71411_J(Minecraft.java:1014) [ave.class:?]
	at net.minecraft.client.Minecraft.func_99999_d(Minecraft.java:349) [ave.class:?]
	at net.minecraft.client.main.Main.main(SourceFile:124) [Main.class:?]
	at sun.reflect.NativeMethodAccessorImpl.invoke0(Native Method) ~[?:1.8.0_392]
	at sun.reflect.NativeMethodAccessorImpl.invoke(NativeMethodAccessorImpl.java:62) ~[?:1.8.0_392]
	at sun.reflect.DelegatingMethodAccessorImpl.invoke(DelegatingMethodAccessorImpl.java:43) ~[?:1.8.0_392]
	at java.lang.reflect.Method.invoke(Method.java:498) ~[?:1.8.0_392]
	at net.minecraft.launchwrapper.Launch.launch(Launch.java:135) [launchwrapper-1.12.jar:?]
	at net.minecraft.launchwrapper.Launch.main(Launch.java:28) [launchwrapper-1.12.jar:?]
	at sun.reflect.NativeMethodAccessorImpl.invoke0(Native Method) ~[?:1.8.0_392]
	at sun.reflect.NativeMethodAccessorImpl.invoke(NativeMethodAccessorImpl.java:62) ~[?:1.8.0_392]
	at sun.reflect.DelegatingMethodAccessorImpl.invoke(DelegatingMethodAccessorImpl.java:43) ~[?:1.8.0_392]
	at java.lang.reflect.Method.invoke(Method.java:498) ~[?:1.8.0_392]
	at gg.essential.loader.stage2.relaunch.Relaunch.relaunch(Relaunch.java:124) [stage2.forge_1.8.9.jar:?]
	at gg.essential.loader.stage2.EssentialLoader.preloadEssential(EssentialLoader.java:173) [stage2.forge_1.8.9.jar:?]
	at gg.essential.loader.stage2.EssentialLoader.loadPlatform(EssentialLoader.java:117) [stage2.forge_1.8.9.jar:?]
	at gg.essential.loader.stage2.EssentialLoaderBase.load(EssentialLoaderBase.java:147) [stage2.forge_1.8.9.jar:?]
	at sun.reflect.NativeMethodAccessorImpl.invoke0(Native Method) ~[?:1.8.0_392]
	at sun.reflect.NativeMethodAccessorImpl.invoke(NativeMethodAccessorImpl.java:62) ~[?:1.8.0_392]
	at sun.reflect.DelegatingMethodAccessorImpl.invoke(DelegatingMethodAccessorImpl.java:43) ~[?:1.8.0_392]
	at java.lang.reflect.Method.invoke(Method.java:498) ~[?:1.8.0_392]
	at gg.essential.loader.stage1.EssentialLoaderBase.load(EssentialLoaderBase.java:293) [stage1.jar:7]
	at gg.essential.loader.stage1.EssentialSetupTweaker.<init>(EssentialSetupTweaker.java:44) [stage1.jar:7]
	at sun.reflect.NativeConstructorAccessorImpl.newInstance0(Native Method) [?:1.8.0_392]
	at sun.reflect.NativeConstructorAccessorImpl.newInstance(NativeConstructorAccessorImpl.java:62) [?:1.8.0_392]
	at sun.reflect.DelegatingConstructorAccessorImpl.newInstance(DelegatingConstructorAccessorImpl.java:45) [?:1.8.0_392]
	at java.lang.reflect.Constructor.newInstance(Constructor.java:423) [?:1.8.0_392]
	at gg.essential.loader.stage0.EssentialSetupTweaker.loadStage1(EssentialSetupTweaker.java:53) [Patcher-1.8.1%20(1.8.9).jar:?]
	at gg.essential.loader.stage0.EssentialSetupTweaker.<init>(EssentialSetupTweaker.java:26) [Patcher-1.8.1%20(1.8.9).jar:?]
	at sun.reflect.NativeConstructorAccessorImpl.newInstance0(Native Method) [?:1.8.0_392]
	at sun.reflect.NativeConstructorAccessorImpl.newInstance(NativeConstructorAccessorImpl.java:62) [?:1.8.0_392]
	at sun.reflect.DelegatingConstructorAccessorImpl.newInstance(DelegatingConstructorAccessorImpl.java:45) [?:1.8.0_392]
	at java.lang.reflect.Constructor.newInstance(Constructor.java:423) [?:1.8.0_392]
	at java.lang.Class.newInstance(Class.java:442) [?:1.8.0_392]
	at net.minecraft.launchwrapper.Launch.launch(Launch.java:98) [launchwrapper-1.12.jar:?]
	at net.minecraft.launchwrapper.Launch.main(Launch.java:28) [launchwrapper-1.12.jar:?]
	at org.prismlauncher.launcher.impl.StandardLauncher.launch(StandardLauncher.java:88) [NewLaunch.jar:?]
	at org.prismlauncher.EntryPoint.listen(EntryPoint.java:126) [NewLaunch.jar:?]
	at org.prismlauncher.EntryPoint.main(EntryPoint.java:71) [NewLaunch.jar:?]
Caused by: java.lang.NullPointerException
	at net.minecraft.client.network.NetHandlerPlayClient.func_147239_a(NetHandlerPlayClient.java:1058) ~[bcy.class:?]
	at net.minecraft.network.play.server.S32PacketConfirmTransaction.func_148833_a(SourceFile:26) ~[ga.class:?]
	at net.minecraft.network.play.server.S32PacketConfirmTransaction.func_148833_a(SourceFile:9) ~[ga.class:?]
	at net.minecraft.network.PacketThreadUtil$1.run(PacketThreadUtil.java:22) ~[fh$1.class:?]
	at java.util.concurrent.Executors$RunnableAdapter.call(Executors.java:511) ~[?:1.8.0_392]
	at java.util.concurrent.FutureTask.run(FutureTask.java:266) ~[?:1.8.0_392]
	at net.minecraft.util.Util.func_181617_a(Util.java:19) ~[g.class:?]
	... 39 more
[17:32:50] [Client thread/INFO]: Connecting to mc.hypixel.net, 25565
[17:32:51] [Client thread/INFO]: [CHAT]                                      
[17:32:52] [Client thread/INFO]: [CHAT]                          
[17:32:52] [Client thread/WARN]: Could not spawn particle effect VILLAGER_HAPPY
[17:32:52] [Client thread/INFO]: [CHAT]  §b>§c>§a>§r §6[MVP§8++§6] ConnerYT_IQ§f §6spooked into the lobby! §a<§c<§b<
[17:32:52] [Client thread/WARN]: Could not spawn particle effect VILLAGER_HAPPY
[17:32:52] [Client thread/WARN]: Could not spawn particle effect VILLAGER_HAPPY
[17:32:52] [Client thread/WARN]: Could not spawn particle effect VILLAGER_HAPPY
[17:32:52] [Client thread/WARN]: Could not spawn particle effect VILLAGER_HAPPY
[17:32:52] [Client thread/INFO]: [CHAT] §aYou have §b1 §aunclaimed leveling reward!
[17:32:52] [Client thread/INFO]: [CHAT] §eClick here to view it!
[17:32:52] [Client thread/WARN]: Could not spawn particle effect VILLAGER_HAPPY
[17:32:52] [Client thread/WARN]: Could not spawn particle effect VILLAGER_HAPPY
[17:32:52] [Client thread/WARN]: Could not spawn particle effect VILLAGER_HAPPY
[17:32:52] [Client thread/WARN]: Could not spawn particle effect VILLAGER_HAPPY
[17:32:52] [Client thread/WARN]: Could not spawn particle effect VILLAGER_HAPPY
[17:32:53] [Client thread/WARN]: Could not spawn particle effect VILLAGER_HAPPY
[17:32:53] [Client thread/WARN]: Could not spawn particle effect VILLAGER_HAPPY
[17:32:53] [Client thread/WARN]: Could not spawn particle effect VILLAGER_HAPPY
[17:32:53] [Client thread/WARN]: Could not spawn particle effect VILLAGER_HAPPY
[17:32:53] [Client thread/WARN]: Could not spawn particle effect VILLAGER_HAPPY
[17:32:53] [Client thread/WARN]: Could not spawn particle effect VILLAGER_HAPPY
[17:32:53] [Client thread/WARN]: Could not spawn particle effect VILLAGER_HAPPY
[17:32:53] [Client thread/WARN]: Could not spawn particle effect VILLAGER_HAPPY
[17:32:53] [Client thread/WARN]: Could not spawn particle effect VILLAGER_HAPPY
[17:32:54] [Client thread/WARN]: Could not spawn particle effect VILLAGER_HAPPY
[17:32:54] [Client thread/WARN]: Could not spawn particle effect VILLAGER_HAPPY
[17:32:54] [Client thread/WARN]: Could not spawn particle effect VILLAGER_HAPPY
[17:32:54] [Client thread/WARN]: Could not spawn particle effect VILLAGER_HAPPY
[17:32:54] [Client thread/WARN]: Could not spawn particle effect VILLAGER_HAPPY
[17:32:54] [Client thread/WARN]: Could not spawn particle effect VILLAGER_HAPPY
[17:32:54] [Client thread/WARN]: Could not spawn particle effect VILLAGER_HAPPY
[17:32:54] [Client thread/WARN]: Could not spawn particle effect VILLAGER_HAPPY
[17:32:54] [Client thread/WARN]: Could not spawn particle effect VILLAGER_HAPPY
[17:32:55] [Client thread/WARN]: Could not spawn particle effect VILLAGER_HAPPY
[17:32:55] [Client thread/WARN]: Could not spawn particle effect VILLAGER_HAPPY
[17:32:55] [Client thread/WARN]: Could not spawn particle effect VILLAGER_HAPPY
[17:32:55] [Client thread/INFO]: [CHAT] Sending to server mini228K...
[17:32:55] [Client thread/WARN]: Could not spawn particle effect VILLAGER_HAPPY
[17:32:55] [Client thread/WARN]: Could not spawn particle effect VILLAGER_HAPPY
[17:32:55] [Client thread/WARN]: Could not spawn particle effect VILLAGER_HAPPY
[17:32:55] [Client thread/INFO]: [CHAT]        
[17:32:56] [Chunk Batcher 1/WARN]: Needed to grow BufferBuilder buffer: Old size 524288 bytes, new size 2621440 bytes.
[17:32:56] [Chunk Batcher 1/WARN]: Needed to grow BufferBuilder buffer: Old size 524288 bytes, new size 2621440 bytes.
[17:32:56] [Chunk Batcher 0/WARN]: Needed to grow BufferBuilder buffer: Old size 524288 bytes, new size 2621440 bytes.
[17:32:56] [Chunk Batcher 1/WARN]: Needed to grow BufferBuilder buffer: Old size 524288 bytes, new size 2621440 bytes.
[17:32:56] [Chunk Batcher 1/WARN]: Needed to grow BufferBuilder buffer: Old size 524288 bytes, new size 2621440 bytes.
[17:32:56] [Chunk Batcher 1/WARN]: Needed to grow BufferBuilder buffer: Old size 524288 bytes, new size 2621440 bytes.
[17:32:57] [Chunk Batcher 1/WARN]: Needed to grow BufferBuilder buffer: Old size 524288 bytes, new size 2621440 bytes.
[17:32:57] [Chunk Batcher 1/WARN]: Needed to grow BufferBuilder buffer: Old size 524288 bytes, new size 2621440 bytes.
[17:32:57] [Chunk Batcher 1/WARN]: Needed to grow BufferBuilder buffer: Old size 524288 bytes, new size 2621440 bytes.
[17:32:57] [Chunk Batcher 1/WARN]: Needed to grow BufferBuilder buffer: Old size 524288 bytes, new size 2621440 bytes.
[17:32:58] [pool-13-thread-2/ERROR]: Signature is missing from textures payload
[17:32:58] [Client thread/INFO]: [CHAT] 
[17:32:58] [Client thread/INFO]: [CHAT] Welcome to Hypixel SkyBlock!
[17:32:58] [Client thread/INFO]: [CHAT] 
[17:32:58] [Chunk Batcher 0/WARN]: Needed to grow BufferBuilder buffer: Old size 524288 bytes, new size 2621440 bytes.
[17:32:58] [Chunk Batcher 0/WARN]: Needed to grow BufferBuilder buffer: Old size 524288 bytes, new size 2621440 bytes.
[17:32:58] [Chunk Batcher 1/WARN]: Needed to grow BufferBuilder buffer: Old size 524288 bytes, new size 2621440 bytes.
[17:32:58] [Chunk Batcher 1/WARN]: Needed to grow BufferBuilder buffer: Old size 524288 bytes, new size 2621440 bytes.
[17:32:58] [Chunk Batcher 1/WARN]: Needed to grow BufferBuilder buffer: Old size 524288 bytes, new size 2621440 bytes.
[17:32:59] [Chunk Batcher 1/WARN]: Needed to grow BufferBuilder buffer: Old size 524288 bytes, new size 2621440 bytes.
[17:32:59] [Client thread/INFO]: [CHAT] ALLOWANCE! You earned 50,000 coins!
[17:33:01] [Client thread/INFO]: [CHAT] ࿇ THE GREAT SPOOK HAS AWOKEN ࿇
[17:33:01] [Client thread/INFO]: [CHAT] Haunts of this world have arisen! Find Primal Fears and defeat them for rewards!
[17:33:01] [Client thread/INFO]: [CHAT] The Great Spook will be around for 4 Days!
[17:33:01] [Client thread/INFO]: [CHAT] §7Click §e§lHERE §7to learn more about the §5Great Spook§7!
[17:33:09] [Client thread/INFO]: [CHAT] You summoned your Silverfish!
[17:33:55] [Client thread/INFO]: [CHAT] Mining Speed Boost is now available!
[17:35:13] [Client thread/INFO]: [CHAT] You summoned your Rabbit!
[17:35:21] [Client thread/INFO]: [CHAT] This Minion does not have any items stored!
[17:35:31] [Client thread/INFO]: [CHAT] ▬▬▬▬▬▬▬▬▬▬▬▬▬▬▬▬▬▬▬▬▬▬▬▬▬▬▬▬▬▬▬▬▬▬▬▬▬▬▬▬▬▬▬▬▬▬▬▬▬▬▬▬▬▬▬▬▬▬▬▬▬▬▬▬
[17:35:31] [Client thread/INFO]: [CHAT]   §b§lSKILL LEVEL UP §3Farming §844➜§345
[17:35:31] [Client thread/INFO]: [CHAT] 
[17:35:31] [Client thread/INFO]: [CHAT]   REWARDS
[17:35:31] [Client thread/INFO]: [CHAT]    §eFarmhand 45
[17:35:31] [Client thread/INFO]: [CHAT]      §7§fGrants §a+§8176➜§a180§f §6☘ Farming Fortune§f,
[17:35:31] [Client thread/INFO]: [CHAT]      §fwhich increases your chance for multiple crops.
[17:35:31] [Client thread/INFO]: [CHAT]    §7§8+§a5 §c❤ Health
[17:35:31] [Client thread/INFO]: [CHAT]    §7§8+§61,000,000 §7Coins
[17:35:31] [Client thread/INFO]: [CHAT]    §7§8+§b20 SkyBlock XP
[17:35:31] [Client thread/INFO]: [CHAT] ▬▬▬▬▬▬▬▬▬▬▬▬▬▬▬▬▬▬▬▬▬▬▬▬▬▬▬▬▬▬▬▬▬▬▬▬▬▬▬▬▬▬▬▬▬▬▬▬▬▬▬▬▬▬▬▬▬▬▬▬▬▬▬▬
[17:35:36] [Client thread/INFO]: [CHAT] ▬▬▬▬▬▬▬▬▬▬▬▬▬▬▬▬▬▬▬▬▬▬▬▬▬▬▬▬▬▬▬▬▬▬▬▬▬▬▬▬▬▬▬▬▬▬▬▬▬▬▬▬▬▬▬▬▬▬▬▬▬▬▬▬
[17:35:36] [Client thread/INFO]: [CHAT]   §b§lSKILL LEVEL UP §3Taming §845➜§346
[17:35:36] [Client thread/INFO]: [CHAT] 
[17:35:36] [Client thread/INFO]: [CHAT]   REWARDS§7 (2)
[17:35:36] [Client thread/INFO]: [CHAT]    §eZoologist 46
[17:35:36] [Client thread/INFO]: [CHAT]      §7§fGain §845➜§a46%§f extra pet exp.
[17:35:36] [Client thread/INFO]: [CHAT]    §7§8+§a1 §d♣ Pet Luck
[17:35:36] [Client thread/INFO]: [CHAT]    §7§8+§61,000,000 §7Coins§7 (2)
[17:35:36] [Client thread/INFO]: [CHAT]    §7§8+§b20 SkyBlock XP§7 (2)
[17:35:36] [Client thread/INFO]: [CHAT] ▬▬▬▬▬▬▬▬▬▬▬▬▬▬▬▬▬▬▬▬▬▬▬▬▬▬▬▬▬▬▬▬▬▬▬▬▬▬▬▬▬▬▬▬▬▬▬▬▬▬▬▬▬▬▬▬▬▬▬▬▬▬▬▬
[17:35:57] [Client thread/INFO]: [CHAT] This Minion does not have any items stored!§7 (2)
[17:36:05] [Client thread/INFO]: [CHAT] This Minion does not have any items stored!§7 (3)
[17:36:13] [Client thread/INFO]: [CHAT] Warping...
[17:36:19] [Client thread/INFO]: [CHAT] Warping...§7 (2)
[17:36:19] [Client thread/INFO]: [CHAT] Sending to server mini25AF...
[17:36:19] [Client thread/INFO]: [CHAT]        
[17:36:39] [Client thread/INFO]: [CHAT] [Bazaar] Executing instant sell...
[17:36:39] [Client thread/INFO]: [CHAT] [Bazaar] Sold 19x Melon for 17.1 coins!
[17:36:39] [Client thread/INFO]: [CHAT] [Bazaar] Sold 700x Enchanted Melon Block for 35,042,161 coins!
[17:36:39] [Client thread/INFO]: [CHAT] [Bazaar] Sold 11x Enchanted Diamond for 14,321 coins!
[17:36:39] [Client thread/INFO]: [CHAT] [Bazaar] Sold 70x Enchanted Diamond Block for 14,208,019 coins!
[17:36:39] [Client thread/INFO]: [CHAT] [Bazaar] Sold 140x Diamond for 644.0 coins!
[17:36:39] [Client thread/INFO]: [CHAT] [Bazaar] Sold 118x Enchanted Melon for 34,291 coins!
[17:36:55] [Client thread/INFO]: [CHAT] Sending to server mini1009V...
[17:36:55] [Client thread/INFO]: [CHAT]        
[17:36:56] [pool-13-thread-3/ERROR]: Signature is missing from textures payload
[17:36:57] [pool-13-thread-3/ERROR]: Signature is missing from textures payload
[17:36:58] [Client thread/INFO]: Stopping!
[17:36:58] [Client thread/INFO]: SoundSystem shutting down...
[17:36:58] [Client thread/WARN]: Author: Paul Lamb, www.paulscode.com
