     0.000 D | Testing "/home/dennis/.local/share/PrismLauncher/qtlogging.ini" ...
     0.000 D | Testing "/usr/share/PrismLauncher/qtlogging.ini" ...
     0.000 D | Loading logging rules from: "/usr/share/PrismLauncher/qtlogging.ini"
     0.000 D | Setting log rules:
     0.000 D |      "*.debug=true"
     0.000 D |      "launcher.auth.credentials.debug=false"
     0.000 D |      "launcher.task=false"
     0.000 D |      "launcher.task.net=true"
     0.000 D |      "launcher.task.net.download.debug=false"
     0.000 D |      "launcher.task.net.metacache=false"
     0.000 D |      "launcher.task.net.metacache.http=true"
     0.000 D |      "launcher.task.net.upload=true"
     0.000 D |      "qt.*.debug=false"
     0.000 D | <> Log initialized.
     0.000 D | <> No migration needed from "PolyMC"
     0.000 D | <> No migration needed from "MultiMC"
     0.000 D | "Prism Launcher" , (c) 2013-2021  "Prism Launcher Contributors\n© 2021-2022 PolyMC Contributors \n© 2012-2021 MultiMC Contributors"
     0.000 D | Version                    :  "7.2"
     0.000 D | Platform                   :  "official"
     0.000 D | Git commit                 :  ""
     0.000 D | Git refspec                :  "refs/heads/stable"
     0.000 D | Work dir before adjustment :  "/home/dennis"
     0.000 D | Work dir after adjustment  :  "/home/dennis/dotfiles/minecraft/.local/share/PrismLauncher"
     0.000 D | Adjusted by                :  "Persistent data path"
     0.000 D | Binary path                :  "/usr/bin"
     0.000 D | Application root path      :  "/usr"
     0.000 D | <> Paths set.
     0.001 D | Copied settings from "polymc.cfg" to "prismlauncher.cfg"
     0.015 D | Detected default console font: "Fantasque Sans Mono" , substitutions: ""
     0.029 D | <> Settings loaded.
     0.044 D | Detecting proxy settings...
     0.044 D | Using no proxy is an option!
     0.044 D | <> Network done.
     0.048 D | Your language is "en_US"
     0.048 D | <> Translations loaded.
     0.049 D | Started watching  "/home/dennis/dotfiles/minecraft/.local/share/PrismLauncher/icons"
     0.049 D | Sorting icon list...
     0.050 D | <> Instance icons intialized.
     0.050 D | [Theme] <> Icon themes initialized.
     0.050 D | [Theme] <> Initializing Widget Themes
     0.050 D | [Theme] Determining System Theme...
     0.050 D | [Theme] System theme seems to be: "qt5ct-style"
     0.050 D | [Theme] Considering theme from theme factory: "highcontrastinverse"
     0.050 D | [Theme] Considering theme from theme factory: "highcontrast"
     0.050 D | [Theme] Considering theme from theme factory: "adwaita-highcontrastinverse"
     0.050 D | [Theme] Considering theme from theme factory: "adwaita-highcontrast"
     0.050 D | [Theme] Considering theme from theme factory: "adwaita-dark"
     0.050 D | [Theme] Considering theme from theme factory: "adwaita"
     0.050 D | [Theme] Considering theme from theme factory: "qt5ct-style"
     0.050 D | [Theme] System theme has been determined to be: "qt5ct-style"
     0.050 D | [Theme] Loading Built-in Theme: "system"
     0.050 D | [Theme] Loading Built-in Theme: "dark"
     0.050 D | [Theme] Loading Built-in Theme: "bright"
     0.050 D | [Theme] Theme Folder Path:  "/home/dennis/dotfiles/minecraft/.local/share/PrismLauncher/themes"
     0.051 D | [Theme] Loading JSON Theme from: "/home/dennis/dotfiles/minecraft/.local/share/PrismLauncher/themes/custom/theme.json"
     0.051 D | [Theme] <> Widget themes initialized.
     0.051 D | Instance path              :  "instances"
     0.052 D | Loading Instances...
     0.052 D | Discovering instances in "/home/dennis/dotfiles/minecraft/.local/share/PrismLauncher/instances"
     0.053 D | Found instance ID "Pvp 1.8.9"
     0.053 D | Found instance ID "1.19.3"
     0.054 D | Found instance ID "1.20.1"
     0.054 D | Found instance ID "1.8.9"
     0.054 D | Will load group list now.
     0.054 D | Group list loaded.
     0.054 D | Loaded instance  "Pvp 1.8.9"  from  "/home/dennis/dotfiles/minecraft/.local/share/PrismLauncher/instances/Pvp 1.8.9"
     0.055 D | Loaded instance  "Survival 1.19.3"  from  "/home/dennis/dotfiles/minecraft/.local/share/PrismLauncher/instances/1.19.3"
     0.055 D | Loaded instance  "\"1.20.1 \""  from  "/home/dennis/dotfiles/minecraft/.local/share/PrismLauncher/instances/1.20.1"
     0.056 D | Loaded instance  "Skyblock 1.8.9"  from  "/home/dennis/dotfiles/minecraft/.local/share/PrismLauncher/instances/1.8.9"
     0.056 D | <> Instances loaded.
     0.056 D | Loading accounts...
     0.056 D | AccountList: Queued default account with internal ID  "038b84e0c6ff4914bdc18a71ba56be27"  to refresh first
     0.056 D | AuthFlow: "Logging in with Microsoft account."
     0.056 D | DeviceFlow::refresh: Token: ... "OqsiQ$$"
     0.060 D | RefreshSchedule: Processing account  "Speed6511"  with internal ID  "038b84e0c6ff4914bdc18a71ba56be27"
     0.060 D | <> Accounts loaded.
     0.062 D | <> Cache initialized.
     0.062 D | Downloading Translations Index...
     0.062 W | [launcher.task.net]: [HttpMetaCache] Removing cache entry because of old age!
     0.062 D | [Theme] <> Icon theme set.
     0.062 D | [Theme] applying theme "Dark"
     0.062 D | [Theme] <> Application theme set.
     0.074 D | [qt5ct]: D-Bus global menu: no
     0.088 D | Reloading news.
     0.089 D | Loading components
     0.090 D | Component list save is scheduled for "Skyblock 1.8.9"
     0.094 D | Resolving dependencies
     0.094 D | "Req: net.minecraft == 1.8.9" Is met.
     0.094 D | "Req: org.lwjgl" Is met.
     0.094 D | Component list update/resolve task succeeded for "Skyblock 1.8.9"
     0.127 D | <> Main window shown.
     0.127 D | <> Importing from zip: (QUrl("file:///home/dennis/Calibre Library/Eiichiro Oda/Chapter 1053 (4)/Chapter 1053 - Eiichiro Oda.cbz"))
     0.127 D | Processing QUrl("file:///home/dennis/Calibre Library/Eiichiro Oda/Chapter 1053 (4)/Chapter 1053 - Eiichiro Oda.cbz")
     0.127 W | Invalid type for mod parse task!
     0.127 W | Invalid type for resource pack parse task!
     0.127 W | Invalid type for resource pack parse task!
     0.127 W | Invalid type for data pack parse task!
     0.127 W | Invalid type for world save parse task!
     0.127 W | Invalid type for shader pack parse task!
     0.127 D | Can't Identify "Chapter 1053 - Eiichiro Oda.cbz"
     0.163 W | [launcher.task.net]: [HttpMetaCache] Removing cache entry because of old age!
     0.176 D | [qt5ct]: palette support is disabled
     0.219 D | Dir changed: "/home/dennis/dotfiles/minecraft/.local/share/PrismLauncher/translations"
     0.714 D | Got translations index!
     0.715 D | Dir changed: "/home/dennis/dotfiles/minecraft/.local/share/PrismLauncher/translations"
     0.740 D | Finished loading RSS feed.
     0.745 D | Loaded news entry "[MALWARE WARNING] RCE Vulnerability on some modded servers - Bleeding Pipe"
     0.745 D | Loaded news entry "Prism Launcher Release 7.2, now available"
     0.745 D | Loaded news entry "Prism Launcher Release 7.1, now available"
     0.745 D | Loaded news entry "Prism Launcher Release 7.0, now available"
     0.745 D | Loaded news entry "FTB Modpack Downloading Removal."
     0.745 D | Loaded news entry "[MALWARE WARNING] \"fractureiser\" malware in many popular Minecraft mods and modpacks"
     0.745 D | Loaded news entry "[SECURITY UPDATE] Prism Launcher Release 6.3, now available"
     0.745 D | Loaded news entry "Prism Launcher Release 6.2, now available"
     0.745 D | Loaded news entry "Prism Launcher Release 6.1, now available"
     0.745 D | Loaded news entry "Prism Launcher Release 6.0, now available"
     0.745 D | Loaded news entry "Prism Launcher Release 5.2, now available"
     0.745 D | Loaded news entry "Prism Launcher Release 5.1, now available"
     0.745 D | Loaded news entry "Prism Launcher Release 5.0, now available"
     0.745 D | Loaded news entry "PolyMC Update 1.4.2, now available"
     0.745 D | Loaded news entry "PolyMC Update 1.4.1, now available"
     0.745 D | Loaded news entry "PolyMC Update 1.4.0, now available"
     0.745 D | Loaded news entry "PolyMC Update 1.3.2, now available"
     0.745 D | Loaded news entry "PolyMC Update 1.3.1, now available"
     0.745 D | Loaded news entry "PolyMC Update 1.3.0, now available"
     0.745 D | Loaded news entry "PolyMC Update 1.2.2, now available (CurseForge Hotfix)"
     0.745 D | Loaded news entry "PolyMC Update 1.2.1, now available"
     0.745 D | Loaded news entry "PolyMC Update 1.2.0, now available"
     0.745 D | Loaded news entry "PolyMC Update 1.1.1, now available"
     0.745 D | Loaded news entry "PolyMC Update 1.1.0, now available"
     0.745 D | Loaded news entry "Moving on"
     0.745 D | Loaded news entry "Modrinth support and Mod downloading"
     0.745 D | Loaded news entry "New maintainers and step down."
     0.745 D | News loading succeeded.
     1.245 D | [katabasis.credentials]: new refresh token: "M.C107_BAY.-CaOsztuspoCm8kOHKDTV4Jr02GihamqJFDsuu0Ek7!2yolC4Q!2S9Y24garRB4nj4iIY6tKdr9UrmAc1TLpHmwWPlc0a!C293gSoEQZkbrQBX83zGJEJ6mSfmAABQiu08bz7YelMXUlC3*6afphQQtovfCGoL1QYUif8y11xn7FAIVtuwhNC*w5iO1X4HqVZlCvj0pvwkZo*1F4bY4h5t30m2cq7hJob!aJqH!l502hVuUro*UEFBX7gm8hvG2Qz3qNLrRQXklE7lekFH82caRZRQG3EwDVQ!JkJ3Y4YmmWIQjAfpY3M4yrZy6j2lgOZ1A$$"
     1.245 D | DeviceFlow::setLinked: true
     1.245 D | AuthFlow: "Logging in as an Xbox user."
     1.245 D | First layer of XBox auth ... commencing.
     1.245 D | New token expires in QDateTime(2023-10-25 16:38:34.382 UTC Qt::UTC) seconds
     1.558 D | Parsing "UToken" :
     1.558 D | "UToken" is valid.
     1.558 D | AuthFlow: "Getting authorization to access Xbox services."
     1.558 D | Getting authorization token for  "http://xboxlive.com"
     1.824 D | Parsing "Xbox" :
     1.824 D | "Xbox" is valid.
     1.824 D | AuthFlow: "Getting authorization to access Mojang services."
     1.824 D | Getting authorization token for  "rp://api.minecraftservices.com/"
     1.976 D | Parsing "Mojang" :
     1.976 D | "Mojang" is valid.
     1.976 D | AuthFlow: "Accessing Mojang services."
     1.976 D | Getting Minecraft access token...
     2.202 D | Component list save performed now for "Skyblock 1.8.9"
