[16:40:28] [main/INFO]: Loading Minecraft 1.20.1 with Fabric Loader 0.14.21
[16:40:29] [main/WARN]: Warnings were found!
 - Mod 'Reese's Sodium Options' (reeses-sodium-options) 1.5.1+mc1.20-build.74 recommends version 0.4.2 or later of sodium-extra, which is missing!
	 - You should install version 0.4.2 or later of sodium-extra for the optimal experience.
[16:40:29] [main/INFO]: Loading 79 mods:
	- fabric-api 0.83.1+1.20.1
	   |-- fabric-api-base 0.4.29+b04edc7a77
	   |-- fabric-api-lookup-api-v1 1.6.34+4d8536c977
	   |-- fabric-biome-api-v1 13.0.10+b3afc78b77
	   |-- fabric-block-api-v1 1.0.9+e022e5d177
	   |-- fabric-blockrenderlayer-v1 1.1.39+b3afc78b77
	   |-- fabric-client-tags-api-v1 1.0.20+b3afc78b77
	   |-- fabric-command-api-v1 1.2.32+f71b366f77
	   |-- fabric-command-api-v2 2.2.11+b3afc78b77
	   |-- fabric-commands-v0 0.2.49+df3654b377
	   |-- fabric-containers-v0 0.1.61+df3654b377
	   |-- fabric-content-registries-v0 4.0.7+b3afc78b77
	   |-- fabric-convention-tags-v1 1.5.3+b3afc78b77
	   |-- fabric-crash-report-info-v1 0.2.18+aeb40ebe77
	   |-- fabric-data-generation-api-v1 12.1.11+b3afc78b77
	   |-- fabric-dimensions-v1 2.1.51+b3afc78b77
	   |-- fabric-entity-events-v1 1.5.21+b3afc78b77
	   |-- fabric-events-interaction-v0 0.6.0+b3afc78b77
	   |-- fabric-events-lifecycle-v0 0.2.61+df3654b377
	   |-- fabric-game-rule-api-v1 1.0.38+b04edc7a77
	   |-- fabric-item-api-v1 2.1.26+b3afc78b77
	   |-- fabric-item-group-api-v1 4.0.7+b3afc78b77
	   |-- fabric-key-binding-api-v1 1.0.36+fb8d95da77
	   |-- fabric-keybindings-v0 0.2.34+df3654b377
	   |-- fabric-lifecycle-events-v1 2.2.20+b3afc78b77
	   |-- fabric-loot-api-v2 1.1.37+b3afc78b77
	   |-- fabric-loot-tables-v1 1.1.41+9e7660c677
	   |-- fabric-message-api-v1 5.1.6+b3afc78b77
	   |-- fabric-mining-level-api-v1 2.1.47+b3afc78b77
	   |-- fabric-models-v0 0.3.35+b3afc78b77
	   |-- fabric-networking-api-v1 1.3.8+b3afc78b77
	   |-- fabric-networking-v0 0.3.48+df3654b377
	   |-- fabric-object-builder-api-v1 11.0.6+b3afc78b77
	   |-- fabric-particles-v1 1.0.28+b3afc78b77
	   |-- fabric-recipe-api-v1 1.0.18+b3afc78b77
	   |-- fabric-registry-sync-v0 2.2.6+b3afc78b77
	   |-- fabric-renderer-api-v1 3.0.1+b3afc78b77
	   |-- fabric-renderer-indigo 1.3.1+b3afc78b77
	   |-- fabric-renderer-registries-v1 3.2.44+df3654b377
	   |-- fabric-rendering-data-attachment-v1 0.3.33+b3afc78b77
	   |-- fabric-rendering-fluids-v1 3.0.26+b3afc78b77
	   |-- fabric-rendering-v0 1.1.47+df3654b377
	   |-- fabric-rendering-v1 3.0.6+b3afc78b77
	   |-- fabric-resource-conditions-api-v1 2.3.5+ea08f9d877
	   |-- fabric-resource-loader-v0 0.11.7+f7923f6d77
	   |-- fabric-screen-api-v1 2.0.6+b3afc78b77
	   |-- fabric-screen-handler-api-v1 1.3.27+b3afc78b77
	   |-- fabric-sound-api-v1 1.0.12+b3afc78b77
	   |-- fabric-transfer-api-v1 3.2.2+b3afc78b77
	   \-- fabric-transitive-access-wideners-v1 4.2.0+b3afc78b77
	- fabricloader 0.14.21
	- iris 1.6.4
	   |-- io_github_douira_glsl-transformer 2.0.0-pre13
	   |-- org_anarres_jcpp 1.4.14
	   \-- org_antlr_antlr4-runtime 4.11.1
	- java 17
	- jei 14.0.0.11
	- lithium 0.11.2
	- logical_zoom 0.0.20
	- minecraft 1.20.1
	- modmenu 7.0.1
	- mousewheelie 1.11.1+mc1.20-pre2
	   |-- amecsapi 1.4.0+mc1.20-pre1
	   |-- coat 1.0.0-beta.20+mc1.20-pre1
	   |-- tweed4_annotated 1.3.1+mc1.20-pre1
	   |-- tweed4_base 1.7.1+mc1.20-pre1
	   |-- tweed4_data 1.2.1+mc1.20-pre1
	   |-- tweed4_data_hjson 1.1.1+mc1.20-pre1
	   |-- tweed4_tailor_coat 1.1.3+mc1.20-pre1
	   |-- tweed4_tailor_lang_json_descriptions 1.1.0+mc1.20-pre1
	   \-- tweed4_tailor_screen 1.1.4+mc1.20-pre1
	- presencefootsteps 1.9.0
	   \-- kirin 1.15.0
	- reeses-sodium-options 1.5.1+mc1.20-build.74
	- shulkerboxtooltip 4.0.2+1.20
	   \-- cloth-config 11.0.99
	        \-- cloth-basic-math 0.6.1
	- sodium 0.4.10+build.27
	- sound_physics_remastered 1.20.1-1.1.1
[16:40:29] [main/INFO]: SpongePowered MIXIN Subsystem Version=0.8.5 Source=file:/home/dennis/.dotfiles/minecraft/.local/share/PrismLauncher/libraries/net/fabricmc/sponge-mixin/0.12.5+mixin.0.8.5/sponge-mixin-0.12.5+mixin.0.8.5.jar Service=Knot/Fabric Env=CLIENT
[16:40:29] [main/INFO]: Compatibility level set to JAVA_16
[16:40:29] [main/INFO]: Compatibility level set to JAVA_17
[16:40:29] [main/INFO]: Loaded configuration file for Lithium: 115 options available, 0 override(s) found
[16:40:29] [main/INFO]: Loaded configuration file for Sodium: 33 options available, 3 override(s) found
[16:40:30] [main/WARN]: Force-disabling mixin 'features.entity.fast_render.MixinCuboid' as rule 'mixin.features.entity.fast_render' (added by mods [iris]) disables it and children
[16:40:30] [main/WARN]: Force-disabling mixin 'features.entity.fast_render.MixinModelPart' as rule 'mixin.features.entity.fast_render' (added by mods [iris]) disables it and children
[16:40:30] [main/WARN]: Force-disabling mixin 'features.gui.font.MixinGlyphRenderer' as rule 'mixin.features.gui.font' (added by mods [iris]) disables it and children
[16:40:30] [main/WARN]: Force-disabling mixin 'features.sky.MixinWorldRenderer' as rule 'mixin.features.sky' (added by mods [iris]) disables it and children
[16:40:38] [Datafixer Bootstrap/INFO]: 188 Datafixer optimizations took 550 milliseconds
[16:40:41] [Render thread/INFO]: Launching a new process to probe the system configuration!
[16:40:42] [Render thread/INFO]: OpenGL Vendor: NVIDIA Corporation
[16:40:42] [Render thread/INFO]: OpenGL Renderer: NVIDIA GeForce GTX 1060 3GB/PCIe/SSE2
[16:40:42] [Render thread/INFO]: OpenGL Version: 3.3.0 NVIDIA 530.41.03
[16:40:42] [Render thread/INFO]: Environment: authHost='https://authserver.mojang.com', accountsHost='https://api.mojang.com', sessionHost='https://sessionserver.mojang.com', servicesHost='https://api.minecraftservices.com', name='PROD'
[16:40:43] [Render thread/INFO]: Setting user: Dennis_mps
[16:40:43] [Render thread/INFO]: [ShulkerBoxTooltip] Could not find configuration file, creating default file
[16:40:43] [Render thread/INFO]: Reloading reverb parameters
[16:40:43] [Render thread/INFO]: [Indigo] Different rendering plugin detected; not applying Indigo.
[16:40:44] [Render thread/INFO]: Sending ConfigManager...
[16:40:44] [Render thread/INFO]: Sending ConfigManager took 2.971 ms
[16:40:44] [Render thread/WARN]: Using Cloth Config GUI
[16:40:44] [Worker-Main-1/INFO]: Checking mod updates...
[16:40:44] [Render thread/INFO]: Reloaded configs for mousewheelie (universal/highest)
[16:40:44] [Render thread/INFO]: Backend library: LWJGL version 3.3.1 SNAPSHOT
[16:40:45] [Render thread/INFO]: Debug functionality is disabled.
[16:40:45] [Render thread/INFO]: ARB_direct_state_access detected, enabling DSA.
[16:40:45] [Render thread/INFO]: Shaders are disabled because no valid shaderpack is selected
[16:40:45] [Render thread/INFO]: Shaders are disabled
[16:40:45] [ForkJoinPool.commonPool-worker-1/WARN]: [Iris Update Check] This version doesn't have an update index, skipping.
[16:40:45] [Render thread/WARN]: Static binding violation: PRIVATE @Overwrite method method_23182 in sodium.mixins.json:features.item.MixinItemRenderer from mod sodium cannot reduce visibiliy of PUBLIC target method, visibility will be upgraded.
[16:40:45] [Render thread/INFO]: Hardware information:
[16:40:45] [Render thread/INFO]: CPU: 4x AMD Ryzen 3 3200G with Radeon Vega Graphics
[16:40:45] [Render thread/INFO]: GPU: NVIDIA GeForce GTX 1060 3GB/PCIe/SSE2 (Supports OpenGL 3.2.0 NVIDIA 530.41.03)
[16:40:45] [Render thread/INFO]: OS: Linux (6.3.7-zen1-1-zen)
[16:40:46] [Render thread/ERROR]: Error while loading the narrator
com.mojang.text2speech.Narrator$InitializeException: Failed to load library flite
	at com.mojang.text2speech.NarratorLinux$FliteLibrary.loadNative(NarratorLinux.java:69) ~[text2speech-1.17.9.jar:?]
	at com.mojang.text2speech.NarratorLinux.<init>(NarratorLinux.java:18) ~[text2speech-1.17.9.jar:?]
	at com.mojang.text2speech.Narrator.getNarrator(Narrator.java:41) ~[text2speech-1.17.9.jar:?]
	at net.minecraft.class_333.<init>(class_333.java:19) ~[client-intermediary.jar:?]
	at net.minecraft.class_310.<init>(class_310.java:640) ~[client-intermediary.jar:?]
	at net.minecraft.client.main.Main.main(Main.java:211) ~[minecraft-1.20.1-client.jar:?]
	at net.fabricmc.loader.impl.game.minecraft.MinecraftGameProvider.launch(MinecraftGameProvider.java:468) ~[fabric-loader-0.14.21.jar:?]
	at net.fabricmc.loader.impl.launch.knot.Knot.launch(Knot.java:74) ~[fabric-loader-0.14.21.jar:?]
	at net.fabricmc.loader.impl.launch.knot.KnotClient.main(KnotClient.java:23) ~[fabric-loader-0.14.21.jar:?]
	at org.prismlauncher.launcher.impl.StandardLauncher.launch(StandardLauncher.java:88) ~[NewLaunch.jar:?]
	at org.prismlauncher.EntryPoint.listen(EntryPoint.java:126) ~[NewLaunch.jar:?]
	at org.prismlauncher.EntryPoint.main(EntryPoint.java:71) ~[NewLaunch.jar:?]
Caused by: java.lang.UnsatisfiedLinkError: Unable to load library 'flite':
libflite.so: cannot open shared object file: No such file or directory
libflite.so: cannot open shared object file: No such file or directory
Native library (linux-x86-64/libflite.so) not found in resource path (/usr/share/prismlauncher/NewLaunch.jar:/home/dennis/.dotfiles/minecraft/.local/share/PrismLauncher/libraries/org/lwjgl/lwjgl-glfw-natives-linux/3.3.2-lwjgl.1/lwjgl-glfw-natives-linux-3.3.2-lwjgl.1.jar:/home/dennis/.dotfiles/minecraft/.local/share/PrismLauncher/libraries/org/lwjgl/lwjgl-glfw/3.3.1/lwjgl-glfw-3.3.1.jar:/home/dennis/.dotfiles/minecraft/.local/share/PrismLauncher/libraries/org/lwjgl/lwjgl-jemalloc-natives-linux/3.3.1/lwjgl-jemalloc-natives-linux-3.3.1.jar:/home/dennis/.dotfiles/minecraft/.local/share/PrismLauncher/libraries/org/lwjgl/lwjgl-jemalloc/3.3.1/lwjgl-jemalloc-3.3.1.jar:/home/dennis/.dotfiles/minecraft/.local/share/PrismLauncher/libraries/org/lwjgl/lwjgl-natives-linux/3.3.1/lwjgl-natives-linux-3.3.1.jar:/home/dennis/.dotfiles/minecraft/.local/share/PrismLauncher/libraries/org/lwjgl/lwjgl-openal-natives-linux/3.3.1/lwjgl-openal-natives-linux-3.3.1.jar:/home/dennis/.dotfiles/minecraft/.local/share/PrismLauncher/libraries/org/lwjgl/lwjgl-openal/3.3.1/lwjgl-openal-3.3.1.jar:/home/dennis/.dotfiles/minecraft/.local/share/PrismLauncher/libraries/org/lwjgl/lwjgl-opengl-natives-linux/3.3.1/lwjgl-opengl-natives-linux-3.3.1.jar:/home/dennis/.dotfiles/minecraft/.local/share/PrismLauncher/libraries/org/lwjgl/lwjgl-opengl/3.3.1/lwjgl-opengl-3.3.1.jar:/home/dennis/.dotfiles/minecraft/.local/share/PrismLauncher/libraries/org/lwjgl/lwjgl-stb-natives-linux/3.3.1/lwjgl-stb-natives-linux-3.3.1.jar:/home/dennis/.dotfiles/minecraft/.local/share/PrismLauncher/libraries/org/lwjgl/lwjgl-stb/3.3.1/lwjgl-stb-3.3.1.jar:/home/dennis/.dotfiles/minecraft/.local/share/PrismLauncher/libraries/org/lwjgl/lwjgl-tinyfd-natives-linux/3.3.1/lwjgl-tinyfd-natives-linux-3.3.1.jar:/home/dennis/.dotfiles/minecraft/.local/share/PrismLauncher/libraries/org/lwjgl/lwjgl-tinyfd/3.3.1/lwjgl-tinyfd-3.3.1.jar:/home/dennis/.dotfiles/minecraft/.local/share/PrismLauncher/libraries/org/lwjgl/lwjgl/3.3.1/lwjgl-3.3.1.jar:/home/dennis/.dotfiles/minecraft/.local/share/PrismLauncher/libraries/com/github/oshi/oshi-core/6.2.2/oshi-core-6.2.2.jar:/home/dennis/.dotfiles/minecraft/.local/share/PrismLauncher/libraries/com/google/code/gson/gson/2.10/gson-2.10.jar:/home/dennis/.dotfiles/minecraft/.local/share/PrismLauncher/libraries/com/google/guava/failureaccess/1.0.1/failureaccess-1.0.1.jar:/home/dennis/.dotfiles/minecraft/.local/share/PrismLauncher/libraries/com/google/guava/guava/31.1-jre/guava-31.1-jre.jar:/home/dennis/.dotfiles/minecraft/.local/share/PrismLauncher/libraries/com/ibm/icu/icu4j/71.1/icu4j-71.1.jar:/home/dennis/.dotfiles/minecraft/.local/share/PrismLauncher/libraries/com/mojang/authlib/4.0.43/authlib-4.0.43.jar:/home/dennis/.dotfiles/minecraft/.local/share/PrismLauncher/libraries/com/mojang/blocklist/1.0.10/blocklist-1.0.10.jar:/home/dennis/.dotfiles/minecraft/.local/share/PrismLauncher/libraries/com/mojang/brigadier/1.1.8/brigadier-1.1.8.jar:/home/dennis/.dotfiles/minecraft/.local/share/PrismLauncher/libraries/com/mojang/datafixerupper/6.0.8/datafixerupper-6.0.8.jar:/home/dennis/.dotfiles/minecraft/.local/share/PrismLauncher/libraries/com/mojang/logging/1.1.1/logging-1.1.1.jar:/home/dennis/.dotfiles/minecraft/.local/share/PrismLauncher/libraries/com/mojang/patchy/2.2.10/patchy-2.2.10.jar:/home/dennis/.dotfiles/minecraft/.local/share/PrismLauncher/libraries/com/mojang/text2speech/1.17.9/text2speech-1.17.9.jar:/home/dennis/.dotfiles/minecraft/.local/share/PrismLauncher/libraries/commons-codec/commons-codec/1.15/commons-codec-1.15.jar:/home/dennis/.dotfiles/minecraft/.local/share/PrismLauncher/libraries/commons-io/commons-io/2.11.0/commons-io-2.11.0.jar:/home/dennis/.dotfiles/minecraft/.local/share/PrismLauncher/libraries/commons-logging/commons-logging/1.2/commons-logging-1.2.jar:/home/dennis/.dotfiles/minecraft/.local/share/PrismLauncher/libraries/io/netty/netty-buffer/4.1.82.Final/netty-buffer-4.1.82.Final.jar:/home/dennis/.dotfiles/minecraft/.local/share/PrismLauncher/libraries/io/netty/netty-codec/4.1.82.Final/netty-codec-4.1.82.Final.jar:/home/dennis/.dotfiles/minecraft/.local/share/PrismLauncher/libraries/io/netty/netty-common/4.1.82.Final/netty-common-4.1.82.Final.jar:/home/dennis/.dotfiles/minecraft/.local/share/PrismLauncher/libraries/io/netty/netty-handler/4.1.82.Final/netty-handler-4.1.82.Final.jar:/home/dennis/.dotfiles/minecraft/.local/share/PrismLauncher/libraries/io/netty/netty-resolver/4.1.82.Final/netty-resolver-4.1.82.Final.jar:/home/dennis/.dotfiles/minecraft/.local/share/PrismLauncher/libraries/io/netty/netty-transport-classes-epoll/4.1.82.Final/netty-transport-classes-epoll-4.1.82.Final.jar:/home/dennis/.dotfiles/minecraft/.local/share/PrismLauncher/libraries/io/netty/netty-transport-native-epoll/4.1.82.Final/netty-transport-native-epoll-4.1.82.Final-linux-aarch_64.jar:/home/dennis/.dotfiles/minecraft/.local/share/PrismLauncher/libraries/io/netty/netty-transport-native-epoll/4.1.82.Final/netty-transport-native-epoll-4.1.82.Final-linux-x86_64.jar:/home/dennis/.dotfiles/minecraft/.local/share/PrismLauncher/libraries/io/netty/netty-transport-native-unix-common/4.1.82.Final/netty-transport-native-unix-common-4.1.82.Final.jar:/home/dennis/.dotfiles/minecraft/.local/share/PrismLauncher/libraries/io/netty/netty-transport/4.1.82.Final/netty-transport-4.1.82.Final.jar:/home/dennis/.dotfiles/minecraft/.local/share/PrismLauncher/libraries/it/unimi/dsi/fastutil/8.5.9/fastutil-8.5.9.jar:/home/dennis/.dotfiles/minecraft/.local/share/PrismLauncher/libraries/net/java/dev/jna/jna-platform/5.12.1/jna-platform-5.12.1.jar:/home/dennis/.dotfiles/minecraft/.local/share/PrismLauncher/libraries/net/java/dev/jna/jna/5.12.1/jna-5.12.1.jar:/home/dennis/.dotfiles/minecraft/.local/share/PrismLauncher/libraries/net/sf/jopt-simple/jopt-simple/5.0.4/jopt-simple-5.0.4.jar:/home/dennis/.dotfiles/minecraft/.local/share/PrismLauncher/libraries/org/apache/commons/commons-compress/1.21/commons-compress-1.21.jar:/home/dennis/.dotfiles/minecraft/.local/share/PrismLauncher/libraries/org/apache/commons/commons-lang3/3.12.0/commons-lang3-3.12.0.jar:/home/dennis/.dotfiles/minecraft/.local/share/PrismLauncher/libraries/org/apache/httpcomponents/httpclient/4.5.13/httpclient-4.5.13.jar:/home/dennis/.dotfiles/minecraft/.local/share/PrismLauncher/libraries/org/apache/httpcomponents/httpcore/4.4.15/httpcore-4.4.15.jar:/home/dennis/.dotfiles/minecraft/.local/share/PrismLauncher/libraries/org/apache/logging/log4j/log4j-api/2.19.0/log4j-api-2.19.0.jar:/home/dennis/.dotfiles/minecraft/.local/share/PrismLauncher/libraries/org/apache/logging/log4j/log4j-core/2.19.0/log4j-core-2.19.0.jar:/home/dennis/.dotfiles/minecraft/.local/share/PrismLauncher/libraries/org/apache/logging/log4j/log4j-slf4j2-impl/2.19.0/log4j-slf4j2-impl-2.19.0.jar:/home/dennis/.dotfiles/minecraft/.local/share/PrismLauncher/libraries/org/joml/joml/1.10.5/joml-1.10.5.jar:/home/dennis/.dotfiles/minecraft/.local/share/PrismLauncher/libraries/org/slf4j/slf4j-api/2.0.1/slf4j-api-2.0.1.jar:/home/dennis/.dotfiles/minecraft/.local/share/PrismLauncher/libraries/net/fabricmc/intermediary/1.20.1/intermediary-1.20.1.jar:/home/dennis/.dotfiles/minecraft/.local/share/PrismLauncher/libraries/net/fabricmc/tiny-mappings-parser/0.3.0+build.17/tiny-mappings-parser-0.3.0+build.17.jar:/home/dennis/.dotfiles/minecraft/.local/share/PrismLauncher/libraries/net/fabricmc/sponge-mixin/0.12.5+mixin.0.8.5/sponge-mixin-0.12.5+mixin.0.8.5.jar:/home/dennis/.dotfiles/minecraft/.local/share/PrismLauncher/libraries/net/fabricmc/tiny-remapper/0.8.2/tiny-remapper-0.8.2.jar:/home/dennis/.dotfiles/minecraft/.local/share/PrismLauncher/libraries/net/fabricmc/access-widener/2.1.0/access-widener-2.1.0.jar:/home/dennis/.dotfiles/minecraft/.local/share/PrismLauncher/libraries/org/ow2/asm/asm/9.5/asm-9.5.jar:/home/dennis/.dotfiles/minecraft/.local/share/PrismLauncher/libraries/org/ow2/asm/asm-analysis/9.5/asm-analysis-9.5.jar:/home/dennis/.dotfiles/minecraft/.local/share/PrismLauncher/libraries/org/ow2/asm/asm-commons/9.5/asm-commons-9.5.jar:/home/dennis/.dotfiles/minecraft/.local/share/PrismLauncher/libraries/org/ow2/asm/asm-tree/9.5/asm-tree-9.5.jar:/home/dennis/.dotfiles/minecraft/.local/share/PrismLauncher/libraries/org/ow2/asm/asm-util/9.5/asm-util-9.5.jar:/home/dennis/.dotfiles/minecraft/.local/share/PrismLauncher/libraries/net/fabricmc/fabric-loader/0.14.21/fabric-loader-0.14.21.jar:/home/dennis/.dotfiles/minecraft/.local/share/PrismLauncher/libraries/com/mojang/minecraft/1.20.1/minecraft-1.20.1-client.jar)
	at com.sun.jna.NativeLibrary.loadLibrary(NativeLibrary.java:307) ~[jna-5.12.1.jar:?]
	at com.sun.jna.NativeLibrary.getInstance(NativeLibrary.java:467) ~[jna-5.12.1.jar:?]
	at com.sun.jna.NativeLibrary.getInstance(NativeLibrary.java:409) ~[jna-5.12.1.jar:?]
	at com.mojang.text2speech.NarratorLinux$FliteLibrary.loadNative(NarratorLinux.java:67) ~[text2speech-1.17.9.jar:?]
	... 11 more
	Suppressed: java.lang.UnsatisfiedLinkError: libflite.so: cannot open shared object file: No such file or directory
		at com.sun.jna.Native.open(Native Method) ~[jna-5.12.1.jar:?]
		at com.sun.jna.NativeLibrary.loadLibrary(NativeLibrary.java:197) ~[jna-5.12.1.jar:?]
		at com.sun.jna.NativeLibrary.getInstance(NativeLibrary.java:467) ~[jna-5.12.1.jar:?]
		at com.sun.jna.NativeLibrary.getInstance(NativeLibrary.java:409) ~[jna-5.12.1.jar:?]
		at com.mojang.text2speech.NarratorLinux$FliteLibrary.loadNative(NarratorLinux.java:67) ~[text2speech-1.17.9.jar:?]
		at com.mojang.text2speech.NarratorLinux.<init>(NarratorLinux.java:18) ~[text2speech-1.17.9.jar:?]
		at com.mojang.text2speech.Narrator.getNarrator(Narrator.java:41) ~[text2speech-1.17.9.jar:?]
		at net.minecraft.class_333.<init>(class_333.java:19) ~[client-intermediary.jar:?]
		at net.minecraft.class_310.<init>(class_310.java:640) ~[client-intermediary.jar:?]
		at net.minecraft.client.main.Main.main(Main.java:211) ~[minecraft-1.20.1-client.jar:?]
		at net.fabricmc.loader.impl.game.minecraft.MinecraftGameProvider.launch(MinecraftGameProvider.java:468) ~[fabric-loader-0.14.21.jar:?]
		at net.fabricmc.loader.impl.launch.knot.Knot.launch(Knot.java:74) ~[fabric-loader-0.14.21.jar:?]
		at net.fabricmc.loader.impl.launch.knot.KnotClient.main(KnotClient.java:23) ~[fabric-loader-0.14.21.jar:?]
		at org.prismlauncher.launcher.impl.StandardLauncher.launch(StandardLauncher.java:88) ~[NewLaunch.jar:?]
		at org.prismlauncher.EntryPoint.listen(EntryPoint.java:126) ~[NewLaunch.jar:?]
		at org.prismlauncher.EntryPoint.main(EntryPoint.java:71) ~[NewLaunch.jar:?]
	Suppressed: java.lang.UnsatisfiedLinkError: libflite.so: cannot open shared object file: No such file or directory
		at com.sun.jna.Native.open(Native Method) ~[jna-5.12.1.jar:?]
		at com.sun.jna.NativeLibrary.loadLibrary(NativeLibrary.java:210) ~[jna-5.12.1.jar:?]
		at com.sun.jna.NativeLibrary.getInstance(NativeLibrary.java:467) ~[jna-5.12.1.jar:?]
		at com.sun.jna.NativeLibrary.getInstance(NativeLibrary.java:409) ~[jna-5.12.1.jar:?]
		at com.mojang.text2speech.NarratorLinux$FliteLibrary.loadNative(NarratorLinux.java:67) ~[text2speech-1.17.9.jar:?]
		at com.mojang.text2speech.NarratorLinux.<init>(NarratorLinux.java:18) ~[text2speech-1.17.9.jar:?]
		at com.mojang.text2speech.Narrator.getNarrator(Narrator.java:41) ~[text2speech-1.17.9.jar:?]
		at net.minecraft.class_333.<init>(class_333.java:19) ~[client-intermediary.jar:?]
		at net.minecraft.class_310.<init>(class_310.java:640) ~[client-intermediary.jar:?]
		at net.minecraft.client.main.Main.main(Main.java:211) ~[minecraft-1.20.1-client.jar:?]
		at net.fabricmc.loader.impl.game.minecraft.MinecraftGameProvider.launch(MinecraftGameProvider.java:468) ~[fabric-loader-0.14.21.jar:?]
		at net.fabricmc.loader.impl.launch.knot.Knot.launch(Knot.java:74) ~[fabric-loader-0.14.21.jar:?]
		at net.fabricmc.loader.impl.launch.knot.KnotClient.main(KnotClient.java:23) ~[fabric-loader-0.14.21.jar:?]
		at org.prismlauncher.launcher.impl.StandardLauncher.launch(StandardLauncher.java:88) ~[NewLaunch.jar:?]
		at org.prismlauncher.EntryPoint.listen(EntryPoint.java:126) ~[NewLaunch.jar:?]
		at org.prismlauncher.EntryPoint.main(EntryPoint.java:71) ~[NewLaunch.jar:?]
	Suppressed: java.io.IOException: Native library (linux-x86-64/libflite.so) not found in resource path (/usr/share/prismlauncher/NewLaunch.jar:/home/dennis/.dotfiles/minecraft/.local/share/PrismLauncher/libraries/org/lwjgl/lwjgl-glfw-natives-linux/3.3.2-lwjgl.1/lwjgl-glfw-natives-linux-3.3.2-lwjgl.1.jar:/home/dennis/.dotfiles/minecraft/.local/share/PrismLauncher/libraries/org/lwjgl/lwjgl-glfw/3.3.1/lwjgl-glfw-3.3.1.jar:/home/dennis/.dotfiles/minecraft/.local/share/PrismLauncher/libraries/org/lwjgl/lwjgl-jemalloc-natives-linux/3.3.1/lwjgl-jemalloc-natives-linux-3.3.1.jar:/home/dennis/.dotfiles/minecraft/.local/share/PrismLauncher/libraries/org/lwjgl/lwjgl-jemalloc/3.3.1/lwjgl-jemalloc-3.3.1.jar:/home/dennis/.dotfiles/minecraft/.local/share/PrismLauncher/libraries/org/lwjgl/lwjgl-natives-linux/3.3.1/lwjgl-natives-linux-3.3.1.jar:/home/dennis/.dotfiles/minecraft/.local/share/PrismLauncher/libraries/org/lwjgl/lwjgl-openal-natives-linux/3.3.1/lwjgl-openal-natives-linux-3.3.1.jar:/home/dennis/.dotfiles/minecraft/.local/share/PrismLauncher/libraries/org/lwjgl/lwjgl-openal/3.3.1/lwjgl-openal-3.3.1.jar:/home/dennis/.dotfiles/minecraft/.local/share/PrismLauncher/libraries/org/lwjgl/lwjgl-opengl-natives-linux/3.3.1/lwjgl-opengl-natives-linux-3.3.1.jar:/home/dennis/.dotfiles/minecraft/.local/share/PrismLauncher/libraries/org/lwjgl/lwjgl-opengl/3.3.1/lwjgl-opengl-3.3.1.jar:/home/dennis/.dotfiles/minecraft/.local/share/PrismLauncher/libraries/org/lwjgl/lwjgl-stb-natives-linux/3.3.1/lwjgl-stb-natives-linux-3.3.1.jar:/home/dennis/.dotfiles/minecraft/.local/share/PrismLauncher/libraries/org/lwjgl/lwjgl-stb/3.3.1/lwjgl-stb-3.3.1.jar:/home/dennis/.dotfiles/minecraft/.local/share/PrismLauncher/libraries/org/lwjgl/lwjgl-tinyfd-natives-linux/3.3.1/lwjgl-tinyfd-natives-linux-3.3.1.jar:/home/dennis/.dotfiles/minecraft/.local/share/PrismLauncher/libraries/org/lwjgl/lwjgl-tinyfd/3.3.1/lwjgl-tinyfd-3.3.1.jar:/home/dennis/.dotfiles/minecraft/.local/share/PrismLauncher/libraries/org/lwjgl/lwjgl/3.3.1/lwjgl-3.3.1.jar:/home/dennis/.dotfiles/minecraft/.local/share/PrismLauncher/libraries/com/github/oshi/oshi-core/6.2.2/oshi-core-6.2.2.jar:/home/dennis/.dotfiles/minecraft/.local/share/PrismLauncher/libraries/com/google/code/gson/gson/2.10/gson-2.10.jar:/home/dennis/.dotfiles/minecraft/.local/share/PrismLauncher/libraries/com/google/guava/failureaccess/1.0.1/failureaccess-1.0.1.jar:/home/dennis/.dotfiles/minecraft/.local/share/PrismLauncher/libraries/com/google/guava/guava/31.1-jre/guava-31.1-jre.jar:/home/dennis/.dotfiles/minecraft/.local/share/PrismLauncher/libraries/com/ibm/icu/icu4j/71.1/icu4j-71.1.jar:/home/dennis/.dotfiles/minecraft/.local/share/PrismLauncher/libraries/com/mojang/authlib/4.0.43/authlib-4.0.43.jar:/home/dennis/.dotfiles/minecraft/.local/share/PrismLauncher/libraries/com/mojang/blocklist/1.0.10/blocklist-1.0.10.jar:/home/dennis/.dotfiles/minecraft/.local/share/PrismLauncher/libraries/com/mojang/brigadier/1.1.8/brigadier-1.1.8.jar:/home/dennis/.dotfiles/minecraft/.local/share/PrismLauncher/libraries/com/mojang/datafixerupper/6.0.8/datafixerupper-6.0.8.jar:/home/dennis/.dotfiles/minecraft/.local/share/PrismLauncher/libraries/com/mojang/logging/1.1.1/logging-1.1.1.jar:/home/dennis/.dotfiles/minecraft/.local/share/PrismLauncher/libraries/com/mojang/patchy/2.2.10/patchy-2.2.10.jar:/home/dennis/.dotfiles/minecraft/.local/share/PrismLauncher/libraries/com/mojang/text2speech/1.17.9/text2speech-1.17.9.jar:/home/dennis/.dotfiles/minecraft/.local/share/PrismLauncher/libraries/commons-codec/commons-codec/1.15/commons-codec-1.15.jar:/home/dennis/.dotfiles/minecraft/.local/share/PrismLauncher/libraries/commons-io/commons-io/2.11.0/commons-io-2.11.0.jar:/home/dennis/.dotfiles/minecraft/.local/share/PrismLauncher/libraries/commons-logging/commons-logging/1.2/commons-logging-1.2.jar:/home/dennis/.dotfiles/minecraft/.local/share/PrismLauncher/libraries/io/netty/netty-buffer/4.1.82.Final/netty-buffer-4.1.82.Final.jar:/home/dennis/.dotfiles/minecraft/.local/share/PrismLauncher/libraries/io/netty/netty-codec/4.1.82.Final/netty-codec-4.1.82.Final.jar:/home/dennis/.dotfiles/minecraft/.local/share/PrismLauncher/libraries/io/netty/netty-common/4.1.82.Final/netty-common-4.1.82.Final.jar:/home/dennis/.dotfiles/minecraft/.local/share/PrismLauncher/libraries/io/netty/netty-handler/4.1.82.Final/netty-handler-4.1.82.Final.jar:/home/dennis/.dotfiles/minecraft/.local/share/PrismLauncher/libraries/io/netty/netty-resolver/4.1.82.Final/netty-resolver-4.1.82.Final.jar:/home/dennis/.dotfiles/minecraft/.local/share/PrismLauncher/libraries/io/netty/netty-transport-classes-epoll/4.1.82.Final/netty-transport-classes-epoll-4.1.82.Final.jar:/home/dennis/.dotfiles/minecraft/.local/share/PrismLauncher/libraries/io/netty/netty-transport-native-epoll/4.1.82.Final/netty-transport-native-epoll-4.1.82.Final-linux-aarch_64.jar:/home/dennis/.dotfiles/minecraft/.local/share/PrismLauncher/libraries/io/netty/netty-transport-native-epoll/4.1.82.Final/netty-transport-native-epoll-4.1.82.Final-linux-x86_64.jar:/home/dennis/.dotfiles/minecraft/.local/share/PrismLauncher/libraries/io/netty/netty-transport-native-unix-common/4.1.82.Final/netty-transport-native-unix-common-4.1.82.Final.jar:/home/dennis/.dotfiles/minecraft/.local/share/PrismLauncher/libraries/io/netty/netty-transport/4.1.82.Final/netty-transport-4.1.82.Final.jar:/home/dennis/.dotfiles/minecraft/.local/share/PrismLauncher/libraries/it/unimi/dsi/fastutil/8.5.9/fastutil-8.5.9.jar:/home/dennis/.dotfiles/minecraft/.local/share/PrismLauncher/libraries/net/java/dev/jna/jna-platform/5.12.1/jna-platform-5.12.1.jar:/home/dennis/.dotfiles/minecraft/.local/share/PrismLauncher/libraries/net/java/dev/jna/jna/5.12.1/jna-5.12.1.jar:/home/dennis/.dotfiles/minecraft/.local/share/PrismLauncher/libraries/net/sf/jopt-simple/jopt-simple/5.0.4/jopt-simple-5.0.4.jar:/home/dennis/.dotfiles/minecraft/.local/share/PrismLauncher/libraries/org/apache/commons/commons-compress/1.21/commons-compress-1.21.jar:/home/dennis/.dotfiles/minecraft/.local/share/PrismLauncher/libraries/org/apache/commons/commons-lang3/3.12.0/commons-lang3-3.12.0.jar:/home/dennis/.dotfiles/minecraft/.local/share/PrismLauncher/libraries/org/apache/httpcomponents/httpclient/4.5.13/httpclient-4.5.13.jar:/home/dennis/.dotfiles/minecraft/.local/share/PrismLauncher/libraries/org/apache/httpcomponents/httpcore/4.4.15/httpcore-4.4.15.jar:/home/dennis/.dotfiles/minecraft/.local/share/PrismLauncher/libraries/org/apache/logging/log4j/log4j-api/2.19.0/log4j-api-2.19.0.jar:/home/dennis/.dotfiles/minecraft/.local/share/PrismLauncher/libraries/org/apache/logging/log4j/log4j-core/2.19.0/log4j-core-2.19.0.jar:/home/dennis/.dotfiles/minecraft/.local/share/PrismLauncher/libraries/org/apache/logging/log4j/log4j-slf4j2-impl/2.19.0/log4j-slf4j2-impl-2.19.0.jar:/home/dennis/.dotfiles/minecraft/.local/share/PrismLauncher/libraries/org/joml/joml/1.10.5/joml-1.10.5.jar:/home/dennis/.dotfiles/minecraft/.local/share/PrismLauncher/libraries/org/slf4j/slf4j-api/2.0.1/slf4j-api-2.0.1.jar:/home/dennis/.dotfiles/minecraft/.local/share/PrismLauncher/libraries/net/fabricmc/intermediary/1.20.1/intermediary-1.20.1.jar:/home/dennis/.dotfiles/minecraft/.local/share/PrismLauncher/libraries/net/fabricmc/tiny-mappings-parser/0.3.0+build.17/tiny-mappings-parser-0.3.0+build.17.jar:/home/dennis/.dotfiles/minecraft/.local/share/PrismLauncher/libraries/net/fabricmc/sponge-mixin/0.12.5+mixin.0.8.5/sponge-mixin-0.12.5+mixin.0.8.5.jar:/home/dennis/.dotfiles/minecraft/.local/share/PrismLauncher/libraries/net/fabricmc/tiny-remapper/0.8.2/tiny-remapper-0.8.2.jar:/home/dennis/.dotfiles/minecraft/.local/share/PrismLauncher/libraries/net/fabricmc/access-widener/2.1.0/access-widener-2.1.0.jar:/home/dennis/.dotfiles/minecraft/.local/share/PrismLauncher/libraries/org/ow2/asm/asm/9.5/asm-9.5.jar:/home/dennis/.dotfiles/minecraft/.local/share/PrismLauncher/libraries/org/ow2/asm/asm-analysis/9.5/asm-analysis-9.5.jar:/home/dennis/.dotfiles/minecraft/.local/share/PrismLauncher/libraries/org/ow2/asm/asm-commons/9.5/asm-commons-9.5.jar:/home/dennis/.dotfiles/minecraft/.local/share/PrismLauncher/libraries/org/ow2/asm/asm-tree/9.5/asm-tree-9.5.jar:/home/dennis/.dotfiles/minecraft/.local/share/PrismLauncher/libraries/org/ow2/asm/asm-util/9.5/asm-util-9.5.jar:/home/dennis/.dotfiles/minecraft/.local/share/PrismLauncher/libraries/net/fabricmc/fabric-loader/0.14.21/fabric-loader-0.14.21.jar:/home/dennis/.dotfiles/minecraft/.local/share/PrismLauncher/libraries/com/mojang/minecraft/1.20.1/minecraft-1.20.1-client.jar)
		at com.sun.jna.Native.extractFromResourcePath(Native.java:1145) ~[jna-5.12.1.jar:?]
		at com.sun.jna.NativeLibrary.loadLibrary(NativeLibrary.java:281) ~[jna-5.12.1.jar:?]
		at com.sun.jna.NativeLibrary.getInstance(NativeLibrary.java:467) ~[jna-5.12.1.jar:?]
		at com.sun.jna.NativeLibrary.getInstance(NativeLibrary.java:409) ~[jna-5.12.1.jar:?]
		at com.mojang.text2speech.NarratorLinux$FliteLibrary.loadNative(NarratorLinux.java:67) ~[text2speech-1.17.9.jar:?]
		at com.mojang.text2speech.NarratorLinux.<init>(NarratorLinux.java:18) ~[text2speech-1.17.9.jar:?]
		at com.mojang.text2speech.Narrator.getNarrator(Narrator.java:41) ~[text2speech-1.17.9.jar:?]
		at net.minecraft.class_333.<init>(class_333.java:19) ~[client-intermediary.jar:?]
		at net.minecraft.class_310.<init>(class_310.java:640) ~[client-intermediary.jar:?]
		at net.minecraft.client.main.Main.main(Main.java:211) ~[minecraft-1.20.1-client.jar:?]
		at net.fabricmc.loader.impl.game.minecraft.MinecraftGameProvider.launch(MinecraftGameProvider.java:468) ~[fabric-loader-0.14.21.jar:?]
		at net.fabricmc.loader.impl.launch.knot.Knot.launch(Knot.java:74) ~[fabric-loader-0.14.21.jar:?]
		at net.fabricmc.loader.impl.launch.knot.KnotClient.main(KnotClient.java:23) ~[fabric-loader-0.14.21.jar:?]
		at org.prismlauncher.launcher.impl.StandardLauncher.launch(StandardLauncher.java:88) ~[NewLaunch.jar:?]
		at org.prismlauncher.EntryPoint.listen(EntryPoint.java:126) ~[NewLaunch.jar:?]
		at org.prismlauncher.EntryPoint.main(EntryPoint.java:71) ~[NewLaunch.jar:?]
[16:40:46] [Render thread/INFO]: Reloading ResourceManager: vanilla, fabric (amecsapi, cloth-config, coat, fabric-api, fabric-api-base, fabric-api-lookup-api-v1, fabric-biome-api-v1, fabric-block-api-v1, fabric-blockrenderlayer-v1, fabric-client-tags-api-v1, fabric-command-api-v1, fabric-command-api-v2, fabric-commands-v0, fabric-containers-v0, fabric-content-registries-v0, fabric-convention-tags-v1, fabric-crash-report-info-v1, fabric-data-generation-api-v1, fabric-dimensions-v1, fabric-entity-events-v1, fabric-events-interaction-v0, fabric-events-lifecycle-v0, fabric-game-rule-api-v1, fabric-item-api-v1, fabric-item-group-api-v1, fabric-key-binding-api-v1, fabric-keybindings-v0, fabric-lifecycle-events-v1, fabric-loot-api-v2, fabric-loot-tables-v1, fabric-message-api-v1, fabric-mining-level-api-v1, fabric-models-v0, fabric-networking-api-v1, fabric-networking-v0, fabric-object-builder-api-v1, fabric-particles-v1, fabric-recipe-api-v1, fabric-registry-sync-v0, fabric-renderer-api-v1, fabric-renderer-indigo, fabric-renderer-registries-v1, fabric-rendering-data-attachment-v1, fabric-rendering-fluids-v1, fabric-rendering-v0, fabric-rendering-v1, fabric-resource-conditions-api-v1, fabric-resource-loader-v0, fabric-screen-api-v1, fabric-screen-handler-api-v1, fabric-sound-api-v1, fabric-transfer-api-v1, fabric-transitive-access-wideners-v1, fabricloader, iris, jei, lithium, logical_zoom, modmenu, mousewheelie, presencefootsteps, reeses-sodium-options, shulkerboxtooltip, sodium, sound_physics_remastered, tweed4_annotated, tweed4_base, tweed4_data, tweed4_data_hjson, tweed4_tailor_coat, tweed4_tailor_lang_json_descriptions, tweed4_tailor_screen), file/VanillaTweaks_r879472.zip
[16:40:46] [Worker-Main-2/INFO]: Found unifont_all_no_pua-15.0.06.hex, loading
[16:40:46] [Render thread/INFO]: Creating pipeline for dimension OVERWORLD
[16:40:49] [Render thread/WARN]: Missing sound for event: minecraft:item.goat_horn.play
[16:40:49] [Render thread/WARN]: Missing sound for event: minecraft:entity.goat.screaming.horn_break
[16:40:49] [Render thread/INFO]: OpenAL initialized on device JACK Default
[16:40:49] [Render thread/INFO]: Initializing Sound Physics
[16:40:49] [Render thread/INFO]: EFX Extension recognized
[16:40:49] [Render thread/INFO]: Max auxiliary sends: 4
[16:40:49] [Render thread/INFO]: Aux slot 1 created
[16:40:49] [Render thread/INFO]: Aux slot 2 created
[16:40:49] [Render thread/INFO]: Aux slot 3 created
[16:40:49] [Render thread/INFO]: Aux slot 4 created
[16:40:49] [Render thread/INFO]: EFX ready
[16:40:49] [Render thread/INFO]: Sound engine started
[16:40:50] [Render thread/INFO]: Created: 1024x1024x4 minecraft:textures/atlas/blocks.png-atlas
[16:40:50] [Render thread/INFO]: Created: 512x256x4 minecraft:textures/atlas/signs.png-atlas
[16:40:50] [Render thread/INFO]: Created: 512x512x4 minecraft:textures/atlas/banner_patterns.png-atlas
[16:40:50] [Render thread/INFO]: Created: 1024x1024x4 minecraft:textures/atlas/shield_patterns.png-atlas
[16:40:50] [Render thread/INFO]: Created: 1024x1024x4 minecraft:textures/atlas/armor_trims.png-atlas
[16:40:50] [Render thread/INFO]: Created: 256x256x4 minecraft:textures/atlas/chest.png-atlas
[16:40:50] [Render thread/INFO]: Created: 128x64x4 minecraft:textures/atlas/decorated_pot.png-atlas
[16:40:50] [Render thread/INFO]: Created: 512x256x4 minecraft:textures/atlas/beds.png-atlas
[16:40:50] [Render thread/INFO]: Created: 512x256x4 minecraft:textures/atlas/shulker_boxes.png-atlas
[16:40:50] [Render thread/WARN]: Shader particle could not find uniform named FogStart in the specified shader program.
[16:40:50] [Render thread/WARN]: Shader particle could not find uniform named FogEnd in the specified shader program.
[16:40:50] [Render thread/WARN]: Shader particle could not find uniform named FogColor in the specified shader program.
[16:40:50] [Render thread/WARN]: Shader rendertype_solid could not find uniform named FogStart in the specified shader program.
[16:40:50] [Render thread/WARN]: Shader rendertype_solid could not find uniform named FogEnd in the specified shader program.
[16:40:50] [Render thread/WARN]: Shader rendertype_solid could not find uniform named FogColor in the specified shader program.
[16:40:50] [Render thread/WARN]: Shader rendertype_cutout_mipped could not find uniform named FogStart in the specified shader program.
[16:40:50] [Render thread/WARN]: Shader rendertype_cutout_mipped could not find uniform named FogEnd in the specified shader program.
[16:40:50] [Render thread/WARN]: Shader rendertype_cutout_mipped could not find uniform named FogColor in the specified shader program.
[16:40:50] [Render thread/WARN]: Shader rendertype_cutout could not find uniform named FogStart in the specified shader program.
[16:40:50] [Render thread/WARN]: Shader rendertype_cutout could not find uniform named FogEnd in the specified shader program.
[16:40:50] [Render thread/WARN]: Shader rendertype_cutout could not find uniform named FogColor in the specified shader program.
[16:40:50] [Render thread/WARN]: Shader rendertype_translucent could not find uniform named FogStart in the specified shader program.
[16:40:50] [Render thread/WARN]: Shader rendertype_translucent could not find uniform named FogEnd in the specified shader program.
[16:40:50] [Render thread/WARN]: Shader rendertype_translucent could not find uniform named FogColor in the specified shader program.
[16:40:50] [Render thread/WARN]: Shader rendertype_armor_cutout_no_cull could not find uniform named FogStart in the specified shader program.
[16:40:50] [Render thread/WARN]: Shader rendertype_armor_cutout_no_cull could not find uniform named FogEnd in the specified shader program.
[16:40:50] [Render thread/WARN]: Shader rendertype_armor_cutout_no_cull could not find uniform named FogColor in the specified shader program.
[16:40:50] [Render thread/WARN]: Shader rendertype_entity_solid could not find uniform named FogStart in the specified shader program.
[16:40:50] [Render thread/WARN]: Shader rendertype_entity_solid could not find uniform named FogEnd in the specified shader program.
[16:40:50] [Render thread/WARN]: Shader rendertype_entity_solid could not find uniform named FogColor in the specified shader program.
[16:40:50] [Render thread/WARN]: Shader rendertype_entity_cutout could not find uniform named FogStart in the specified shader program.
[16:40:50] [Render thread/WARN]: Shader rendertype_entity_cutout could not find uniform named FogEnd in the specified shader program.
[16:40:50] [Render thread/WARN]: Shader rendertype_entity_cutout could not find uniform named FogColor in the specified shader program.
[16:40:50] [Render thread/WARN]: Shader rendertype_entity_cutout_no_cull could not find uniform named FogStart in the specified shader program.
[16:40:50] [Render thread/WARN]: Shader rendertype_entity_cutout_no_cull could not find uniform named FogEnd in the specified shader program.
[16:40:50] [Render thread/WARN]: Shader rendertype_entity_cutout_no_cull could not find uniform named FogColor in the specified shader program.
[16:40:50] [Render thread/WARN]: Shader rendertype_entity_cutout_no_cull_z_offset could not find uniform named FogStart in the specified shader program.
[16:40:50] [Render thread/WARN]: Shader rendertype_entity_cutout_no_cull_z_offset could not find uniform named FogEnd in the specified shader program.
[16:40:50] [Render thread/WARN]: Shader rendertype_entity_cutout_no_cull_z_offset could not find uniform named FogColor in the specified shader program.
[16:40:50] [Render thread/WARN]: Shader rendertype_item_entity_translucent_cull could not find uniform named FogStart in the specified shader program.
[16:40:50] [Render thread/WARN]: Shader rendertype_item_entity_translucent_cull could not find uniform named FogEnd in the specified shader program.
[16:40:50] [Render thread/WARN]: Shader rendertype_item_entity_translucent_cull could not find uniform named FogColor in the specified shader program.
[16:40:50] [Render thread/WARN]: Shader rendertype_entity_translucent_cull could not find uniform named FogStart in the specified shader program.
[16:40:50] [Render thread/WARN]: Shader rendertype_entity_translucent_cull could not find uniform named FogEnd in the specified shader program.
[16:40:50] [Render thread/WARN]: Shader rendertype_entity_translucent_cull could not find uniform named FogColor in the specified shader program.
[16:40:50] [Render thread/WARN]: Shader rendertype_entity_translucent could not find uniform named FogStart in the specified shader program.
[16:40:50] [Render thread/WARN]: Shader rendertype_entity_translucent could not find uniform named FogEnd in the specified shader program.
[16:40:50] [Render thread/WARN]: Shader rendertype_entity_translucent could not find uniform named FogColor in the specified shader program.
[16:40:50] [Render thread/WARN]: Shader rendertype_entity_translucent_emissive could not find sampler named Sampler2 in the specified shader program.
[16:40:50] [Render thread/WARN]: Shader rendertype_entity_translucent_emissive could not find uniform named FogStart in the specified shader program.
[16:40:50] [Render thread/WARN]: Shader rendertype_entity_translucent_emissive could not find uniform named FogEnd in the specified shader program.
[16:40:50] [Render thread/WARN]: Shader rendertype_entity_smooth_cutout could not find uniform named IViewRotMat in the specified shader program.
[16:40:50] [Render thread/WARN]: Shader rendertype_entity_smooth_cutout could not find uniform named FogStart in the specified shader program.
[16:40:50] [Render thread/WARN]: Shader rendertype_entity_smooth_cutout could not find uniform named FogEnd in the specified shader program.
[16:40:50] [Render thread/WARN]: Shader rendertype_entity_smooth_cutout could not find uniform named FogColor in the specified shader program.
[16:40:50] [Render thread/WARN]: Shader rendertype_beacon_beam could not find uniform named FogStart in the specified shader program.
[16:40:50] [Render thread/WARN]: Shader rendertype_beacon_beam could not find uniform named FogEnd in the specified shader program.
[16:40:50] [Render thread/WARN]: Shader rendertype_beacon_beam could not find uniform named FogColor in the specified shader program.
[16:40:50] [Render thread/WARN]: Shader rendertype_entity_decal could not find uniform named IViewRotMat in the specified shader program.
[16:40:50] [Render thread/WARN]: Shader rendertype_entity_decal could not find uniform named FogStart in the specified shader program.
[16:40:50] [Render thread/WARN]: Shader rendertype_entity_decal could not find uniform named FogEnd in the specified shader program.
[16:40:50] [Render thread/WARN]: Shader rendertype_entity_decal could not find uniform named FogColor in the specified shader program.
[16:40:50] [Render thread/WARN]: Shader rendertype_entity_no_outline could not find uniform named FogStart in the specified shader program.
[16:40:50] [Render thread/WARN]: Shader rendertype_entity_no_outline could not find uniform named FogEnd in the specified shader program.
[16:40:50] [Render thread/WARN]: Shader rendertype_entity_no_outline could not find uniform named FogColor in the specified shader program.
[16:40:50] [Render thread/WARN]: Shader rendertype_entity_shadow could not find uniform named IViewRotMat in the specified shader program.
[16:40:50] [Render thread/WARN]: Shader rendertype_entity_shadow could not find uniform named FogStart in the specified shader program.
[16:40:50] [Render thread/WARN]: Shader rendertype_entity_shadow could not find uniform named FogEnd in the specified shader program.
[16:40:50] [Render thread/WARN]: Shader rendertype_entity_shadow could not find uniform named FogColor in the specified shader program.
[16:40:50] [Render thread/WARN]: Shader rendertype_eyes could not find uniform named IViewRotMat in the specified shader program.
[16:40:50] [Render thread/WARN]: Shader rendertype_eyes could not find uniform named FogStart in the specified shader program.
[16:40:50] [Render thread/WARN]: Shader rendertype_eyes could not find uniform named FogEnd in the specified shader program.
[16:40:50] [Render thread/WARN]: Shader rendertype_energy_swirl could not find uniform named FogStart in the specified shader program.
[16:40:50] [Render thread/WARN]: Shader rendertype_energy_swirl could not find uniform named FogEnd in the specified shader program.
[16:40:50] [Render thread/WARN]: Shader rendertype_leash could not find uniform named IViewRotMat in the specified shader program.
[16:40:50] [Render thread/WARN]: Shader rendertype_leash could not find uniform named FogStart in the specified shader program.
[16:40:50] [Render thread/WARN]: Shader rendertype_leash could not find uniform named FogEnd in the specified shader program.
[16:40:50] [Render thread/WARN]: Shader rendertype_leash could not find uniform named FogColor in the specified shader program.
[16:40:50] [Render thread/WARN]: Shader rendertype_armor_glint could not find uniform named FogStart in the specified shader program.
[16:40:50] [Render thread/WARN]: Shader rendertype_armor_glint could not find uniform named FogEnd in the specified shader program.
[16:40:50] [Render thread/WARN]: Shader rendertype_armor_entity_glint could not find uniform named FogStart in the specified shader program.
[16:40:50] [Render thread/WARN]: Shader rendertype_armor_entity_glint could not find uniform named FogEnd in the specified shader program.
[16:40:50] [Render thread/WARN]: Shader rendertype_glint_translucent could not find uniform named IViewRotMat in the specified shader program.
[16:40:50] [Render thread/WARN]: Shader rendertype_glint_translucent could not find uniform named FogStart in the specified shader program.
[16:40:50] [Render thread/WARN]: Shader rendertype_glint_translucent could not find uniform named FogEnd in the specified shader program.
[16:40:50] [Render thread/WARN]: Shader rendertype_glint could not find uniform named IViewRotMat in the specified shader program.
[16:40:50] [Render thread/WARN]: Shader rendertype_glint could not find uniform named FogStart in the specified shader program.
[16:40:50] [Render thread/WARN]: Shader rendertype_glint could not find uniform named FogEnd in the specified shader program.
[16:40:50] [Render thread/WARN]: Shader rendertype_glint_direct could not find uniform named IViewRotMat in the specified shader program.
[16:40:50] [Render thread/WARN]: Shader rendertype_glint_direct could not find uniform named FogStart in the specified shader program.
[16:40:50] [Render thread/WARN]: Shader rendertype_glint_direct could not find uniform named FogEnd in the specified shader program.
[16:40:50] [Render thread/WARN]: Shader rendertype_entity_glint could not find uniform named IViewRotMat in the specified shader program.
[16:40:50] [Render thread/WARN]: Shader rendertype_entity_glint could not find uniform named FogStart in the specified shader program.
[16:40:50] [Render thread/WARN]: Shader rendertype_entity_glint could not find uniform named FogEnd in the specified shader program.
[16:40:50] [Render thread/WARN]: Shader rendertype_entity_glint_direct could not find uniform named IViewRotMat in the specified shader program.
[16:40:50] [Render thread/WARN]: Shader rendertype_entity_glint_direct could not find uniform named FogStart in the specified shader program.
[16:40:50] [Render thread/WARN]: Shader rendertype_entity_glint_direct could not find uniform named FogEnd in the specified shader program.
[16:40:50] [Render thread/WARN]: Shader rendertype_text could not find uniform named FogStart in the specified shader program.
[16:40:50] [Render thread/WARN]: Shader rendertype_text could not find uniform named FogEnd in the specified shader program.
[16:40:50] [Render thread/WARN]: Shader rendertype_text could not find uniform named FogColor in the specified shader program.
[16:40:50] [Render thread/WARN]: Shader rendertype_text_background could not find uniform named IViewRotMat in the specified shader program.
[16:40:50] [Render thread/WARN]: Shader rendertype_text_background could not find uniform named FogStart in the specified shader program.
[16:40:50] [Render thread/WARN]: Shader rendertype_text_background could not find uniform named FogEnd in the specified shader program.
[16:40:50] [Render thread/WARN]: Shader rendertype_text_background could not find uniform named FogColor in the specified shader program.
[16:40:50] [Render thread/WARN]: Shader rendertype_text_intensity could not find uniform named FogStart in the specified shader program.
[16:40:50] [Render thread/WARN]: Shader rendertype_text_intensity could not find uniform named FogEnd in the specified shader program.
[16:40:50] [Render thread/WARN]: Shader rendertype_text_intensity could not find uniform named FogColor in the specified shader program.
[16:40:50] [Render thread/WARN]: Shader rendertype_lightning could not find uniform named IViewRotMat in the specified shader program.
[16:40:50] [Render thread/WARN]: Shader rendertype_lightning could not find uniform named FogStart in the specified shader program.
[16:40:50] [Render thread/WARN]: Shader rendertype_lightning could not find uniform named FogEnd in the specified shader program.
[16:40:50] [Render thread/WARN]: Shader rendertype_tripwire could not find uniform named FogStart in the specified shader program.
[16:40:50] [Render thread/WARN]: Shader rendertype_tripwire could not find uniform named FogEnd in the specified shader program.
[16:40:50] [Render thread/WARN]: Shader rendertype_tripwire could not find uniform named FogColor in the specified shader program.
[16:40:50] [Render thread/WARN]: Shader rendertype_lines could not find uniform named FogStart in the specified shader program.
[16:40:50] [Render thread/WARN]: Shader rendertype_lines could not find uniform named FogEnd in the specified shader program.
[16:40:50] [Render thread/WARN]: Shader rendertype_lines could not find uniform named FogColor in the specified shader program.
[16:40:50] [Render thread/INFO]: Created: 512x256x0 minecraft:textures/atlas/particles.png-atlas
[16:40:50] [Render thread/INFO]: Created: 256x256x0 minecraft:textures/atlas/paintings.png-atlas
[16:40:50] [Render thread/INFO]: Created: 128x128x0 minecraft:textures/atlas/mob_effects.png-atlas
[16:40:50] [Render thread/INFO]: Created: 256x128x0 jei:textures/atlas/gui.png-atlas
[16:40:50] [Render thread/INFO]: Skipping non-result value minecraft:lantern=UNASSIGNED
[16:40:50] [Render thread/INFO]: Skipping non-result value minecraft:soul_lantern=UNASSIGNED
[16:40:50] [Render thread/INFO]: Reloaded configs for mousewheelie (client/smallest)
[16:40:56] [Render thread/INFO]: Stopping JEI
[16:40:56] [Render thread/INFO]: Stopping JEI
[16:40:56] [Render thread/INFO]: Sending Runtime Unavailable...
[16:40:56] [Render thread/INFO]: Stopping JEI GUI
[16:40:56] [Render thread/INFO]: Sending Runtime Unavailable took 4.304 ms
[16:40:56] [Render thread/INFO]: Connecting to theserver.servegame.com, 25565
[16:40:57] [Render thread/INFO]: Started 1 worker threads
[16:40:58] [Render thread/INFO]: Starting JEI...
[16:40:58] [Render thread/INFO]: Registering item subtypes...
[16:40:58] [Render thread/INFO]: Registering item subtypes took 1.935 ms
[16:40:58] [Render thread/INFO]: Registering fluid subtypes...
[16:40:58] [Render thread/INFO]: Registering fluid subtypes took 1.029 ms
[16:40:58] [Render thread/INFO]: Registering ingredients...
[16:40:58] [Render thread/INFO]: Registering ingredients: jei:minecraft took 40.96 milliseconds
[16:40:58] [Render thread/INFO]: Registering ingredients took 47.10 ms
[16:40:58] [Render thread/INFO]: Registering categories...
[16:40:58] [Render thread/INFO]: Registering categories: jei:minecraft took 25.60 milliseconds
[16:40:58] [Render thread/INFO]: Registering categories: jei:internal took 12.32 milliseconds
[16:40:58] [Render thread/INFO]: Registering categories took 39.48 ms
[16:40:58] [Render thread/INFO]: Registering vanilla category extensions...
[16:40:58] [Render thread/INFO]: Registering vanilla category extensions took 13.58 ms
[16:40:58] [Render thread/INFO]: Registering recipe catalysts...
[16:40:58] [Render thread/INFO]: Registering recipe catalysts took 4.302 ms
[16:40:58] [Render thread/INFO]: Registering advanced plugins...
[16:40:58] [Render thread/INFO]: Registering advanced plugins took 246.3 s
[16:40:58] [Render thread/INFO]: Building recipe registry...
[16:40:58] [Render thread/INFO]: Building recipe registry took 21.15 ms
[16:40:58] [Render thread/INFO]: Registering recipes...
[16:40:58] [Render thread/INFO]: Registering recipes: jei:minecraft took 407.6 milliseconds
[16:40:58] [Render thread/INFO]: Registering recipes took 408.2 ms
[16:40:58] [Render thread/INFO]: Registering recipes transfer handlers...
[16:40:58] [Render thread/INFO]: Registering recipes transfer handlers took 7.139 ms
[16:40:58] [Render thread/INFO]: Building runtime...
[16:40:58] [Render thread/INFO]: Registering gui handlers...
[16:40:58] [Render thread/INFO]: Registering gui handlers took 20.30 ms
[16:40:58] [Render thread/INFO]: Registering Runtime...
[16:40:58] [Render thread/INFO]: Starting JEI GUI
[16:40:58] [Render thread/INFO]: Building ingredient list...
[16:40:58] [Render thread/INFO]: Building ingredient list took 3.402 ms
[16:40:58] [Render thread/INFO]: Building ingredient filter...
[16:40:58] [Render thread/INFO]: Adding 1439 ingredients
[16:40:59] [Render thread/INFO]: Added 1439 ingredients
[16:40:59] [Render thread/INFO]: Building ingredient filter took 290.4 ms
[16:40:59] [Render thread/INFO]: Registering Runtime: jei:fabric_gui took 425.6 milliseconds
[16:40:59] [Render thread/INFO]: Registering Runtime took 426.4 ms
[16:40:59] [Render thread/INFO]: Building runtime took 463.9 ms
[16:40:59] [Render thread/INFO]: Sending Runtime...
[16:40:59] [Render thread/INFO]: Sending Runtime took 8.155 ms
[16:40:59] [Render thread/INFO]: Starting JEI took 1.067 s
[16:41:00] [Render thread/INFO]: [System] [CHAT] Dennis_mps joined the game
[16:41:00] [Render thread/INFO]: Loaded 809 advancements
[16:41:00] [Render thread/INFO]: [ShulkerBoxTooltip Plugins] Loading 1 plugin: shulkerboxtooltip
[16:41:00] [Render thread/INFO]: [ShulkerBoxTooltip Plugins] Registered 19 color keys for mod shulkerboxtooltip
[16:41:00] [Render thread/INFO]: [ShulkerBoxTooltip Plugins] Registered 7 providers for mod shulkerboxtooltip
[16:41:01] [Render thread/WARN]: Shader clouds could not find uniform named FogStart in the specified shader program.
[16:41:01] [Render thread/WARN]: Shader clouds could not find uniform named FogEnd in the specified shader program.
[16:41:22] [Render thread/INFO]: [System] [CHAT] Respawn point set
[16:41:41] [Render thread/INFO]: Destroying pipeline OVERWORLD
[16:41:41] [Render thread/WARN]: Unable to resolve shader pack option menu element "SUN_SHADOWS" defined in shaders.properties
[16:41:41] [Render thread/WARN]: Unable to resolve shader pack option menu element "SUN_SHADOWS" defined in shaders.properties
[16:41:41] [Render thread/INFO]: Profile: Custom (+0 options changed by user)
[16:41:43] [Render thread/WARN]: Warning: the block ID map entry "dreamland:hive:jelly_cluster" could not be fully parsed:
[16:41:43] [Render thread/WARN]: - Block state property filters must be of the form "key=value", but jelly_cluster is not of that form!
[16:41:43] [Render thread/INFO]: Using shaderpack: rethinking-voxels_beta18d.zip
[16:41:43] [Render thread/INFO]: Creating pipeline for dimension OVERWORLD
[16:41:43] [Render thread/INFO]: Starting custom uniform resolving
[16:41:44] [Render thread/WARN]: The in declaration 'sunVec' in the FRAGMENT shader that is never assigned to in the previous stage VERTEX has been compatibility-patched by adding an initialization for it. See debugging.md for more information.
[16:42:06] [Render thread/INFO]: Stopping worker threads
[16:42:06] [Render thread/INFO]: Started 1 worker threads
[16:42:32] [Render thread/INFO]: Destroying pipeline OVERWORLD
[16:42:32] [Render thread/INFO]: Profile: HIGH (+0 options changed by user)
[16:42:33] [Render thread/INFO]: Using shaderpack: ComplementaryReimagined_r2.2.zip
[16:42:33] [Render thread/INFO]: Creating pipeline for dimension OVERWORLD
[16:42:33] [Render thread/INFO]: Starting custom uniform resolving
[16:42:34] [Render thread/WARN]: Program link log for composite6: Fragment info
-------------
0(293) : warning C7050: "depth" might be used before being initialized

[16:42:38] [Render thread/WARN]: Error while parsing the block ID map entry for "block.10092":
[16:42:38] [Render thread/WARN]: - The block minecraft:stone has no property with the name variant, ignoring!
[16:42:38] [Render thread/WARN]: Error while parsing the block ID map entry for "block.10152":
[16:42:38] [Render thread/WARN]: - The block minecraft:stone_slab has no property with the name variant, ignoring!
[16:42:38] [Render thread/WARN]: Error while parsing the block ID map entry for "block.10240":
[16:42:38] [Render thread/WARN]: - The block minecraft:stone_slab has no property with the name variant, ignoring!
[16:42:38] [Render thread/WARN]: Error while parsing the block ID map entry for "block.10364":
[16:42:38] [Render thread/WARN]: - The block minecraft:stone_slab has no property with the name variant, ignoring!
[16:42:38] [Render thread/WARN]: Error while parsing the block ID map entry for "block.10100":
[16:42:38] [Render thread/WARN]: - The block minecraft:stone has no property with the name variant, ignoring!
[16:42:38] [Render thread/WARN]: Error while parsing the block ID map entry for "block.10084":
[16:42:38] [Render thread/WARN]: - The block minecraft:stone has no property with the name variant, ignoring!
[16:42:38] [Render thread/WARN]: Error while parsing the block ID map entry for "block.10032":
[16:42:38] [Render thread/WARN]: - The block minecraft:stone_slab has no property with the name variant, ignoring!
[16:42:38] [Render thread/WARN]: Error while parsing the block ID map entry for "block.10088":
[16:42:38] [Render thread/WARN]: - The block minecraft:stone has no property with the name variant, ignoring!
[16:42:38] [Render thread/WARN]: Error while parsing the block ID map entry for "block.10104":
[16:42:38] [Render thread/WARN]: - The block minecraft:stone has no property with the name variant, ignoring!
[16:42:38] [Render thread/WARN]: Error while parsing the block ID map entry for "block.10096":
[16:42:38] [Render thread/WARN]: - The block minecraft:stone has no property with the name variant, ignoring!
[16:42:38] [Render thread/WARN]: Error while parsing the block ID map entry for "block.10416":
[16:42:38] [Render thread/WARN]: - The block minecraft:stone_slab has no property with the name variant, ignoring!
[16:42:38] [Render thread/INFO]: Stopping worker threads
[16:42:38] [Render thread/INFO]: Started 1 worker threads
[16:44:24] [Render thread/INFO]: Destroying pipeline OVERWORLD
[16:44:24] [Render thread/INFO]: Shaders are disabled because enableShaders is set to false in iris.properties
[16:44:24] [Render thread/INFO]: Shaders are disabled
[16:44:24] [Render thread/INFO]: Creating pipeline for dimension OVERWORLD
[16:44:24] [Render thread/INFO]: Stopping worker threads
[16:44:24] [Render thread/INFO]: Started 1 worker threads
[16:44:24] [Render thread/WARN]: Shader clouds could not find uniform named FogStart in the specified shader program.
[16:44:24] [Render thread/WARN]: Shader clouds could not find uniform named FogEnd in the specified shader program.
[16:44:52] [Render thread/INFO]: Stopping JEI
[16:44:52] [Render thread/INFO]: Stopping JEI
[16:44:52] [Render thread/INFO]: Sending Runtime Unavailable...
[16:44:52] [Render thread/INFO]: Stopping JEI GUI
[16:44:52] [Render thread/INFO]: Sending Runtime Unavailable took 480.0 s
[16:44:52] [Render thread/INFO]: Stopping worker threads
[16:44:54] [Render thread/INFO]: Stopping!
[16:44:54] [Render thread/INFO]: Stopping JEI
[16:44:54] [Render thread/INFO]: Stopping JEI
[16:44:54] [Render thread/INFO]: Sending Runtime Unavailable...
[16:44:54] [Render thread/INFO]: Stopping JEI GUI
[16:44:54] [Render thread/INFO]: Sending Runtime Unavailable took 348.8 s
