[14:23:45] [main/INFO]: Loading Minecraft 1.19.3 with Fabric Loader 0.14.11
[14:23:45] [main/WARN]: Warnings were found!
 - Mod 'Reese's Sodium Options' (reeses-sodium-options) 1.4.9+mc1.19.2-build.67 recommends version 0.4.2 or later of sodium-extra, which is missing!
	 - You should install version 0.4.2 or later of sodium-extra for the optimal experience.
[14:23:45] [main/INFO]: Loading 86 mods:
	- amecsapi 1.3.6+mc1.19.3 via mousewheelie
	- architectury 7.0.59
	- cloth-basic-math 0.6.1 via cloth-config
	- cloth-config 9.0.93
	- coat 1.0.0-beta.19+mc1.19.3 via mousewheelie
	- collective-fabric 5.45
	- error_notifier 1.0.9 via roughlyenoughitems
	- fabric-api 0.69.1+1.19.3
	- fabric-api-base 0.4.19+8d1895cf85 via fabric-api
	- fabric-api-lookup-api-v1 1.6.18+49abcf7e85 via fabric-api
	- fabric-biome-api-v1 12.0.0+689f5e7185 via fabric-api
	- fabric-block-api-v1 1.0.3+12bfe4ea85 via fabric-api
	- fabric-blockrenderlayer-v1 1.1.28+c6af733c85 via fabric-api
	- fabric-client-tags-api-v1 1.0.9+49abcf7e85 via fabric-api
	- fabric-command-api-v1 1.2.19+f71b366f85 via fabric-api
	- fabric-command-api-v2 2.1.15+49abcf7e85 via fabric-api
	- fabric-commands-v0 0.2.36+df3654b385 via fabric-api
	- fabric-containers-v0 0.1.44+df3654b385 via fabric-api
	- fabric-content-registries-v0 3.4.12+49abcf7e85 via fabric-api
	- fabric-convention-tags-v1 1.2.0+8e4e694f85 via fabric-api
	- fabric-crash-report-info-v1 0.2.12+aeb40ebe85 via fabric-api
	- fabric-data-generation-api-v1 11.1.1+112a38be85 via fabric-api
	- fabric-dimensions-v1 2.1.39+48349a3f85 via fabric-api
	- fabric-entity-events-v1 1.5.5+b83334a085 via fabric-api
	- fabric-events-interaction-v0 0.4.37+422b77fb85 via fabric-api
	- fabric-events-lifecycle-v0 0.2.39+df3654b385 via fabric-api
	- fabric-game-rule-api-v1 1.0.28+2894d6df85 via fabric-api
	- fabric-item-api-v1 2.1.5+4d2c606385 via fabric-api
	- fabric-item-group-api-v1 2.1.8+d3d735d085 via fabric-api
	- fabric-key-binding-api-v1 1.0.28+aaaf9d3385 via fabric-api
	- fabric-keybindings-v0 0.2.26+df3654b385 via fabric-api
	- fabric-lifecycle-events-v1 2.2.8+2894d6df85 via fabric-api
	- fabric-loot-api-v2 1.1.18+75e9821185 via fabric-api
	- fabric-loot-tables-v1 1.1.22+9e7660c685 via fabric-api
	- fabric-message-api-v1 5.0.12+6ede1da985 via fabric-api
	- fabric-mining-level-api-v1 2.1.29+49abcf7e85 via fabric-api
	- fabric-models-v0 0.3.25+11ba9c3b85 via fabric-api
	- fabric-networking-api-v1 1.2.14+d9ac3c3985 via fabric-api
	- fabric-networking-v0 0.3.31+df3654b385 via fabric-api
	- fabric-object-builder-api-v1 5.2.0+e9dee00485 via fabric-api
	- fabric-particles-v1 1.0.18+fbde993d85 via fabric-api
	- fabric-registry-sync-v0 2.0.1+2608564685 via fabric-api
	- fabric-renderer-api-v1 2.1.0+2063beff85 via fabric-api
	- fabric-renderer-indigo 0.6.23+11ba9c3b85 via fabric-api
	- fabric-renderer-registries-v1 3.2.28+df3654b385 via fabric-api
	- fabric-rendering-data-attachment-v1 0.3.23+48349a3f85 via fabric-api
	- fabric-rendering-fluids-v1 3.0.16+3067f46385 via fabric-api
	- fabric-rendering-v0 1.1.31+df3654b385 via fabric-api
	- fabric-rendering-v1 1.11.7+49abcf7e85 via fabric-api
	- fabric-resource-conditions-api-v1 2.2.0+280be3ab85 via fabric-api
	- fabric-resource-loader-v0 0.10.3+a10d22bd85 via fabric-api
	- fabric-screen-api-v1 1.0.39+1d4d0b5785 via fabric-api
	- fabric-screen-handler-api-v1 1.3.10+689f5e7185 via fabric-api
	- fabric-sound-api-v1 1.0.6+75e9821185 via fabric-api
	- fabric-transfer-api-v1 2.1.12+82a2701785 via fabric-api
	- fabric-transitive-access-wideners-v1 2.1.0+0efcd39b85 via fabric-api
	- fabricloader 0.14.11
	- fiber 0.23.0-2 via collective-fabric
	- forgetmechunk 1.0.4-1.18.X-1.19.X
	- io_github_douira_glsl-transformer 2.0.0-pre8 via iris
	- iris 1.5.1
	- itemswapper 0.3.2-mc1.19.3
	- java 17
	- kirin 1.13.2 via presencefootsteps
	- litematica 0.13.1
	- lithium 0.10.4
	- logical_zoom 0.0.18
	- malilib 0.14.0
	- minecraft 1.19.3
	- modmenu 5.0.2
	- mousewheelie 1.10.5+mc1.19.3
	- org_anarres_jcpp 1.4.14 via iris
	- org_antlr_antlr4-runtime 4.11.1 via iris
	- presencefootsteps 1.7.0
	- reeses-sodium-options 1.4.9+mc1.19.2-build.67
	- roughlyenoughitems 10.0.581
	- sodium 0.4.8+build.22
	- sound_physics_remastered 1.19.3-1.0.18
	- tweakeroo 0.15.0
	- tweed4_annotated 1.3.1+mc1.19.3 via mousewheelie
	- tweed4_base 1.7.1+mc1.19.3 via mousewheelie
	- tweed4_data 1.2.1+mc1.19.3 via mousewheelie
	- tweed4_data_hjson 1.1.1+mc1.19.3 via mousewheelie
	- tweed4_tailor_coat 1.1.3+mc1.19.3 via mousewheelie
	- tweed4_tailor_screen 1.1.3+mc1.19.3 via mousewheelie
	- worldedit 7.2.13+46576cc
[14:23:45] [main/INFO]: SpongePowered MIXIN Subsystem Version=0.8.5 Source=file:/home/dennis/.local/share/PrismLauncher/libraries/net/fabricmc/sponge-mixin/0.11.4+mixin.0.8.5/sponge-mixin-0.11.4+mixin.0.8.5.jar Service=Knot/Fabric Env=CLIENT
[14:23:45] [main/INFO]: Compatibility level set to JAVA_16
[14:23:45] [main/INFO]: Compatibility level set to JAVA_17
[14:23:46] [main/INFO]: Loaded configuration file for Lithium: 106 options available, 0 override(s) found
[14:23:46] [main/INFO]: Loaded configuration file for Sodium: 33 options available, 1 override(s) found
[14:23:46] [main/WARN]: Force-disabling mixin 'features.sky.MixinWorldRenderer' as rule 'mixin.features.sky' (added by mods [iris]) disables it and children
[14:23:48] [main/WARN]: Configuration conflict: there is more than one oshi.properties file on the classpath: [jar:file:/home/dennis/.local/share/PrismLauncher/libraries/com/github/oshi/oshi-core/6.2.2/oshi-core-6.2.2.jar!/oshi.properties, jar:file:/home/dennis/.local/share/PrismLauncher/libraries/com/github/oshi/oshi-core/6.2.2/oshi-core-6.2.2.jar!/oshi.properties]
[14:23:48] [main/WARN]: Configuration conflict: there is more than one oshi.architecture.properties file on the classpath: [jar:file:/home/dennis/.local/share/PrismLauncher/libraries/com/github/oshi/oshi-core/6.2.2/oshi-core-6.2.2.jar!/oshi.architecture.properties, jar:file:/home/dennis/.local/share/PrismLauncher/libraries/com/github/oshi/oshi-core/6.2.2/oshi-core-6.2.2.jar!/oshi.architecture.properties]
[14:23:54] [main/INFO]: Building optimized datafixer
[14:23:58] [Render thread/WARN]: Method overwrite conflict for method_22920 in sodium.mixins.json:features.buffer_builder.intrinsics.MixinBufferBuilder from mod sodium, previously written by net.coderbot.iris.mixin.vertices.block_rendering.MixinBufferBuilder_SeparateAo. Skipping method.
[14:23:58] [Render thread/INFO]: Launching a new process to probe the system configuration!
[14:23:59] [Render thread/INFO]: OpenGL Vendor: nouveau
[14:23:59] [Render thread/INFO]: OpenGL Renderer: NV136
[14:23:59] [Render thread/INFO]: OpenGL Version: 4.3 (Core Profile) Mesa 22.3.3
[14:24:00] [Render thread/INFO]: Environment: authHost='https://authserver.mojang.com', accountsHost='https://api.mojang.com', sessionHost='https://sessionserver.mojang.com', servicesHost='https://api.minecraftservices.com', name='PROD'
[14:24:01] [Render thread/INFO]: Setting user: Dennis_mps
[14:24:01] [Render thread/INFO]: [STDOUT]: Loading Collective (Fabric) version 5.45.
[14:24:01] [Render thread/WARN]: @Redirect conflict. Skipping mixins.tweakeroo.json:MixinServerPlayNetworkHandler from mod tweakeroo->@Redirect::tweakeroo_removeHitPosCheck(Lnet/minecraft/class_243;Lnet/minecraft/class_243;)Lnet/minecraft/class_243; with priority 1005, already redirected by mixins.litematica.json:MixinServerPlayNetworkHandler from mod litematica->@Redirect::litematica_removeHitPosCheck(Lnet/minecraft/class_243;Lnet/minecraft/class_243;)Lnet/minecraft/class_243; with priority 1010
[14:24:02] [Render thread/INFO]: [REI] Config loaded
[14:24:02] [Render thread/INFO]: Registering S2C receiver with id roughlyenoughitems:request_tags_s2c
[14:24:02] [Render thread/INFO]: Registering C2S receiver with id roughlyenoughitems:request_tags_c2s
[14:24:02] [Render thread/INFO]: [REI] Registered plugin provider DefaultPlugin [roughlyenoughitems] for REIPlugin
[14:24:02] [Render thread/INFO]: [REI] Registered plugin provider DefaultRuntimePlugin [roughlyenoughitems] for REIPlugin
[14:24:02] [Render thread/INFO]: [REI] Registered plugin provider DefaultClientPlugin [roughlyenoughitems] for REIPlugin
[14:24:02] [Render thread/INFO]: [REI] Registered plugin provider DefaultClientRuntimePlugin [roughlyenoughitems] for REIPlugin
[14:24:02] [Render thread/INFO]: [REI] Registered plugin provider DefaultPlugin [roughlyenoughitems] for REIServerPlugin
[14:24:02] [Render thread/INFO]: [REI] Registered plugin provider DefaultRuntimePlugin [roughlyenoughitems] for REIServerPlugin
[14:24:02] [Render thread/INFO]: [REI] Registered plugin provider FabricFluidAPISupportPlugin for REIServerPlugin
[14:24:02] [Render thread/INFO]: [REI] Registered plugin provider FabricFluidAPISupportPlugin for REIPlugin
[14:24:02] [Render thread/INFO]: Registering C2S receiver with id roughlyenoughitems:delete_item
[14:24:02] [Render thread/INFO]: Registering C2S receiver with id roughlyenoughitems:create_item
[14:24:02] [Render thread/INFO]: Registering C2S receiver with id roughlyenoughitems:create_item_grab
[14:24:02] [Render thread/INFO]: Registering C2S receiver with id roughlyenoughitems:create_item_hotbar
[14:24:02] [Render thread/INFO]: Registering C2S receiver with id roughlyenoughitems:move_items
[14:24:02] [Render thread/INFO]: Reloading config
[14:24:02] [Render thread/INFO]: Reloading reverb parameters
[14:24:04] [Render thread/INFO]: Got request to register class com.sk89q.worldedit.fabric.FabricPlatform with WorldEdit [com.sk89q.worldedit.extension.platform.PlatformManager@66d28a90]
[14:24:04] [Render thread/INFO]: WorldEdit for Fabric (version 7.2.13+46576cc) is loaded
[14:24:04] [Render thread/INFO]: Registering S2C receiver with id architectury:spawn_entity_packet
[14:24:04] [Render thread/INFO]: [Indigo] Different rendering plugin detected; not applying Indigo.
[14:24:04] [Render thread/INFO]: Loading ItemSwapper!
[14:24:04] [Render thread/WARN]: Using Cloth Config GUI
[14:24:04] [Render thread/INFO]: [REI] Registered plugin provider DefaultClientPlugin [roughlyenoughitems] for REIClientPlugin
[14:24:04] [Render thread/INFO]: [REI] Registered plugin provider DefaultClientRuntimePlugin [roughlyenoughitems] for REIClientPlugin
[14:24:04] [Render thread/INFO]: Registering S2C receiver with id roughlyenoughitems:ci_msg
[14:24:04] [Render thread/INFO]: Registering S2C receiver with id roughlyenoughitems:og_not_enough
[14:24:04] [Render thread/INFO]: Reloaded configs for mousewheelie (universal/highest)
[14:24:05] [Render thread/INFO]: Backend library: LWJGL version 3.3.1 SNAPSHOT
[14:24:05] [Render thread/INFO]: ARB_direct_state_access detected, enabling DSA.
[14:24:05] [Render thread/INFO]: Debug functionality is disabled.
[14:24:05] [Render thread/INFO]: Shaders are disabled because enableShaders is set to false in iris.properties
[14:24:05] [Render thread/INFO]: Shaders are disabled
[14:24:06] [Render thread/WARN]: Static binding violation: PRIVATE @Overwrite method method_23182 in sodium.mixins.json:features.item.MixinItemRenderer from mod sodium cannot reduce visibiliy of PUBLIC target method, visibility will be upgraded.
[14:24:06] [Render thread/INFO]: Hardware information:
[14:24:06] [Render thread/INFO]: CPU: 4x AMD Ryzen 3 3200G with Radeon Vega Graphics
[14:24:06] [Render thread/INFO]: GPU: NV136 (Supports OpenGL 4.3 (Core Profile) Mesa 22.3.3)
[14:24:06] [Render thread/INFO]: OS: Linux (6.1.8-arch1-1)
[14:24:07] [Render thread/WARN]: ERROR : Couldn't load Narrator library
java.lang.UnsatisfiedLinkError: libflite.so.1: cannot open shared object file: No such file or directory
	at com.sun.jna.Native.open(Native Method) ~[jna-5.12.1.jar:?]
	at com.sun.jna.NativeLibrary.loadLibrary(NativeLibrary.java:283) ~[jna-5.12.1.jar:?]
	at com.sun.jna.NativeLibrary.getInstance(NativeLibrary.java:467) ~[jna-5.12.1.jar:?]
	at com.sun.jna.NativeLibrary.getInstance(NativeLibrary.java:409) ~[jna-5.12.1.jar:?]
	at com.mojang.text2speech.NarratorLinux.<clinit>(NarratorLinux.java:18) ~[text2speech-1.13.9.jar:?]
	at com.mojang.text2speech.Narrator.getNarrator(Narrator.java:21) ~[text2speech-1.13.9.jar:?]
	at net.minecraft.class_333.<init>(class_333.java:17) ~[client-intermediary.jar:?]
	at net.minecraft.class_310.<init>(class_310.java:641) ~[client-intermediary.jar:?]
	at net.minecraft.client.main.Main.method_44604(Main.java:205) ~[minecraft-1.19.3-client.jar:?]
	at net.minecraft.client.main.Main.main(Main.java:51) ~[minecraft-1.19.3-client.jar:?]
	at net.fabricmc.loader.impl.game.minecraft.MinecraftGameProvider.launch(MinecraftGameProvider.java:461) ~[fabric-loader-0.14.11.jar:?]
	at net.fabricmc.loader.impl.launch.knot.Knot.launch(Knot.java:74) ~[fabric-loader-0.14.11.jar:?]
	at net.fabricmc.loader.impl.launch.knot.KnotClient.main(KnotClient.java:23) ~[fabric-loader-0.14.11.jar:?]
	at org.prismlauncher.launcher.impl.StandardLauncher.launch(StandardLauncher.java:88) ~[NewLaunch.jar:?]
	at org.prismlauncher.EntryPoint.listen(EntryPoint.java:126) ~[NewLaunch.jar:?]
	at org.prismlauncher.EntryPoint.main(EntryPoint.java:71) ~[NewLaunch.jar:?]
[14:24:08] [Render thread/INFO]: Reloading ResourceManager: vanilla, Fabric Mods (Amecs API, Cloth Config v9, Coat, Collective (Fabric), Fabric API, Fabric API Base, Fabric API Lookup API (v1), Fabric Biome API (v1), Fabric BlockRenderLayer Registration (v1), Fabric Client Tags, Fabric Command API (v1), Fabric Command API (v2), Fabric Commands (v0), Fabric Containers (v0), Fabric Content Registries (v0), Fabric Convention Tags, Fabric Crash Report Info (v1), Fabric Data Generation API (v1), Fabric Dimensions API (v1), Fabric Entity Events (v1), Fabric Events Interaction (v0), Fabric Events Lifecycle (v0), Fabric Game Rule API (v1), Fabric Item API (v1), Fabric Item Group API (v1), Fabric Key Binding API (v1), Fabric Key Bindings (v0), Fabric Lifecycle Events (v1), Fabric Loot API (v2), Fabric Loot Tables (v1), Fabric Message API (v1), Fabric Mining Level API (v1), Fabric Models (v0), Fabric Networking API (v1), Fabric Networking (v0), Fabric Object Builder API (v1), Fabric Particles (v1), Fabric Registry Sync (v0), Fabric Renderer API (v1), Fabric Renderer - Indigo, Fabric Renderer Registries (v1), Fabric Rendering Data Attachment (v1), Fabric Rendering Fluids (v1), Fabric Rendering (v0), Fabric Rendering (v1), Fabric Resource Conditions API (v1), Fabric Resource Loader (v0), Fabric Screen API (v1), Fabric Screen Handler API (v1), Fabric Sound API (v1), Fabric Transfer API (v1), Fabric Transitive Access Wideners (v1), Fabric Loader, Iris, ItemSwapper, Litematica, Lithium, Logical Zoom, MaLiLib, Mod Menu, Mouse Wheelie, Presence Footsteps, Reese's Sodium Options, Roughly Enough Items, Sodium, Sound Physics Remastered, Tweakeroo, tweed4_annotated, tweed4_base, tweed4_data, tweed4_data_hjson, tweed4_tailor_coat, tweed4_tailor_screen, WorldEdit), itemswapper/default, file/BlockBreaking.zip, file/VanillaTweaks_1.19.3.zip
[14:24:09] [Render thread/INFO]: Creating pipeline for dimension OVERWORLD
[14:24:11] [Worker-Main-6/WARN]: Unable to load font 'minecraft:default' in fonts.json in resourcepack: 'file/VanillaTweaks_1.19.3.zip'
java.lang.RuntimeException: minecraft:textures/gui/container/brewing_guide_right.png
	at net.minecraft.class_386$class_387.method_2039(class_386.java:132) ~[client-intermediary.jar:?]
	at net.minecraft.class_378$1.method_18638(class_378.java:78) ~[client-intermediary.jar:?]
	at net.minecraft.class_378$1.method_18789(class_378.java:48) ~[client-intermediary.jar:?]
	at net.minecraft.class_4080.method_18791(class_4080.java:11) ~[client-intermediary.jar:?]
	at java.util.concurrent.CompletableFuture$AsyncSupply.run(CompletableFuture.java:1768) ~[?:?]
	at java.util.concurrent.CompletableFuture$AsyncSupply.exec(CompletableFuture.java:1760) ~[?:?]
	at java.util.concurrent.ForkJoinTask.doExec(ForkJoinTask.java:373) ~[?:?]
	at java.util.concurrent.ForkJoinPool$WorkQueue.topLevelExec(ForkJoinPool.java:1182) ~[?:?]
	at java.util.concurrent.ForkJoinPool.scan(ForkJoinPool.java:1655) ~[?:?]
	at java.util.concurrent.ForkJoinPool.runWorker(ForkJoinPool.java:1622) ~[?:?]
	at java.util.concurrent.ForkJoinWorkerThread.run(ForkJoinWorkerThread.java:165) ~[?:?]
[14:24:14] [Worker-Main-4/WARN]: Missing textures in model minecraft:stone_stairs#facing=south,half=top,shape=outer_right,waterlogged=false:
    minecraft:textures/atlas/blocks.png:minecraft:block/block/variated/stone/15
[14:24:14] [Worker-Main-4/WARN]: Missing textures in model minecraft:stone_stairs#facing=east,half=bottom,shape=outer_right,waterlogged=true:
    minecraft:textures/atlas/blocks.png:minecraft:block/block/variated/stone/15
[14:24:14] [Worker-Main-4/WARN]: Missing textures in model minecraft:stone_stairs#facing=east,half=bottom,shape=outer_left,waterlogged=false:
    minecraft:textures/atlas/blocks.png:minecraft:block/block/variated/stone/15
[14:24:14] [Worker-Main-4/WARN]: Missing textures in model minecraft:stone_stairs#facing=east,half=top,shape=outer_left,waterlogged=false:
    minecraft:textures/atlas/blocks.png:minecraft:block/block/variated/stone/15
[14:24:14] [Worker-Main-4/WARN]: Missing textures in model minecraft:bookshelf#:
    minecraft:textures/atlas/blocks.png:minecraft:variated/bookshelf/0
[14:24:14] [Worker-Main-4/WARN]: Missing textures in model minecraft:stone_stairs#facing=south,half=bottom,shape=outer_right,waterlogged=false:
    minecraft:textures/atlas/blocks.png:minecraft:block/block/variated/stone/15
[14:24:14] [Worker-Main-4/WARN]: Missing textures in model minecraft:stone_stairs#facing=north,half=top,shape=outer_left,waterlogged=true:
    minecraft:textures/atlas/blocks.png:minecraft:block/block/variated/stone/15
[14:24:14] [Worker-Main-4/WARN]: Missing textures in model minecraft:stone_stairs#facing=south,half=top,shape=outer_left,waterlogged=true:
    minecraft:textures/atlas/blocks.png:minecraft:block/block/variated/stone/15
[14:24:14] [Worker-Main-4/WARN]: Missing textures in model minecraft:stone_stairs#facing=west,half=bottom,shape=outer_right,waterlogged=false:
    minecraft:textures/atlas/blocks.png:minecraft:block/block/variated/stone/15
[14:24:14] [Render thread/WARN]: Missing sound for event: minecraft:item.goat_horn.play
[14:24:14] [Render thread/WARN]: Missing sound for event: minecraft:entity.goat.screaming.horn_break
[14:24:15] [Render thread/INFO]: OpenAL initialized on device JACK Default
[14:24:15] [Render thread/INFO]: Initializing Sound Physics
[14:24:15] [Render thread/INFO]: EFX Extension recognized
[14:24:15] [Render thread/INFO]: Max auxiliary sends: 4
[14:24:15] [Render thread/INFO]: Aux slot 1 created
[14:24:15] [Render thread/INFO]: Aux slot 2 created
[14:24:15] [Render thread/INFO]: Aux slot 3 created
[14:24:15] [Render thread/INFO]: Aux slot 4 created
[14:24:15] [Render thread/INFO]: EFX ready
[14:24:15] [Render thread/INFO]: Sound engine started
[14:24:15] [Render thread/INFO]: Created: 1024x1024x4 minecraft:textures/atlas/blocks.png-atlas
[14:24:16] [Render thread/INFO]: Created: 256x256x4 minecraft:textures/atlas/signs.png-atlas
[14:24:16] [Render thread/INFO]: Created: 512x512x4 minecraft:textures/atlas/banner_patterns.png-atlas
[14:24:16] [Render thread/INFO]: Created: 512x512x4 minecraft:textures/atlas/shield_patterns.png-atlas
[14:24:16] [Render thread/INFO]: Created: 256x256x4 minecraft:textures/atlas/chest.png-atlas
[14:24:16] [Render thread/INFO]: Created: 512x256x4 minecraft:textures/atlas/shulker_boxes.png-atlas
[14:24:16] [Render thread/INFO]: Created: 512x256x4 minecraft:textures/atlas/beds.png-atlas
[14:24:17] [Render thread/WARN]: Shader particle could not find uniform named FogStart in the specified shader program.
[14:24:17] [Render thread/WARN]: Shader particle could not find uniform named FogEnd in the specified shader program.
[14:24:17] [Render thread/WARN]: Shader particle could not find uniform named FogColor in the specified shader program.
[14:24:17] [Render thread/WARN]: Shader particle could not find uniform named FogShape in the specified shader program.
[14:24:17] [Render thread/WARN]: Shader rendertype_solid could not find uniform named FogStart in the specified shader program.
[14:24:17] [Render thread/WARN]: Shader rendertype_solid could not find uniform named FogEnd in the specified shader program.
[14:24:17] [Render thread/WARN]: Shader rendertype_solid could not find uniform named FogColor in the specified shader program.
[14:24:17] [Render thread/WARN]: Shader rendertype_solid could not find uniform named FogShape in the specified shader program.
[14:24:17] [Render thread/WARN]: Shader rendertype_cutout_mipped could not find uniform named FogStart in the specified shader program.
[14:24:17] [Render thread/WARN]: Shader rendertype_cutout_mipped could not find uniform named FogEnd in the specified shader program.
[14:24:17] [Render thread/WARN]: Shader rendertype_cutout_mipped could not find uniform named FogColor in the specified shader program.
[14:24:17] [Render thread/WARN]: Shader rendertype_cutout_mipped could not find uniform named FogShape in the specified shader program.
[14:24:17] [Render thread/WARN]: Shader rendertype_cutout could not find uniform named FogStart in the specified shader program.
[14:24:17] [Render thread/WARN]: Shader rendertype_cutout could not find uniform named FogEnd in the specified shader program.
[14:24:17] [Render thread/WARN]: Shader rendertype_cutout could not find uniform named FogColor in the specified shader program.
[14:24:17] [Render thread/WARN]: Shader rendertype_cutout could not find uniform named FogShape in the specified shader program.
[14:24:17] [Render thread/WARN]: Shader rendertype_translucent could not find uniform named FogStart in the specified shader program.
[14:24:17] [Render thread/WARN]: Shader rendertype_translucent could not find uniform named FogEnd in the specified shader program.
[14:24:17] [Render thread/WARN]: Shader rendertype_translucent could not find uniform named FogColor in the specified shader program.
[14:24:17] [Render thread/WARN]: Shader rendertype_translucent could not find uniform named FogShape in the specified shader program.
[14:24:17] [Render thread/WARN]: Shader rendertype_armor_cutout_no_cull could not find uniform named FogStart in the specified shader program.
[14:24:17] [Render thread/WARN]: Shader rendertype_armor_cutout_no_cull could not find uniform named FogEnd in the specified shader program.
[14:24:17] [Render thread/WARN]: Shader rendertype_armor_cutout_no_cull could not find uniform named FogColor in the specified shader program.
[14:24:17] [Render thread/WARN]: Shader rendertype_entity_solid could not find uniform named FogStart in the specified shader program.
[14:24:17] [Render thread/WARN]: Shader rendertype_entity_solid could not find uniform named FogEnd in the specified shader program.
[14:24:17] [Render thread/WARN]: Shader rendertype_entity_solid could not find uniform named FogColor in the specified shader program.
[14:24:17] [Render thread/WARN]: Shader rendertype_entity_cutout could not find uniform named FogStart in the specified shader program.
[14:24:17] [Render thread/WARN]: Shader rendertype_entity_cutout could not find uniform named FogEnd in the specified shader program.
[14:24:17] [Render thread/WARN]: Shader rendertype_entity_cutout could not find uniform named FogColor in the specified shader program.
[14:24:17] [Render thread/WARN]: Shader rendertype_entity_cutout_no_cull could not find uniform named FogStart in the specified shader program.
[14:24:17] [Render thread/WARN]: Shader rendertype_entity_cutout_no_cull could not find uniform named FogEnd in the specified shader program.
[14:24:17] [Render thread/WARN]: Shader rendertype_entity_cutout_no_cull could not find uniform named FogColor in the specified shader program.
[14:24:17] [Render thread/WARN]: Shader rendertype_entity_cutout_no_cull_z_offset could not find uniform named FogStart in the specified shader program.
[14:24:17] [Render thread/WARN]: Shader rendertype_entity_cutout_no_cull_z_offset could not find uniform named FogEnd in the specified shader program.
[14:24:17] [Render thread/WARN]: Shader rendertype_entity_cutout_no_cull_z_offset could not find uniform named FogColor in the specified shader program.
[14:24:17] [Render thread/WARN]: Shader rendertype_item_entity_translucent_cull could not find uniform named FogStart in the specified shader program.
[14:24:17] [Render thread/WARN]: Shader rendertype_item_entity_translucent_cull could not find uniform named FogEnd in the specified shader program.
[14:24:17] [Render thread/WARN]: Shader rendertype_item_entity_translucent_cull could not find uniform named FogColor in the specified shader program.
[14:24:17] [Render thread/WARN]: Shader rendertype_entity_translucent_cull could not find uniform named FogStart in the specified shader program.
[14:24:17] [Render thread/WARN]: Shader rendertype_entity_translucent_cull could not find uniform named FogEnd in the specified shader program.
[14:24:17] [Render thread/WARN]: Shader rendertype_entity_translucent_cull could not find uniform named FogColor in the specified shader program.
[14:24:17] [Render thread/WARN]: Shader rendertype_entity_translucent could not find uniform named FogStart in the specified shader program.
[14:24:17] [Render thread/WARN]: Shader rendertype_entity_translucent could not find uniform named FogEnd in the specified shader program.
[14:24:17] [Render thread/WARN]: Shader rendertype_entity_translucent could not find uniform named FogColor in the specified shader program.
[14:24:17] [Render thread/WARN]: Shader rendertype_entity_translucent_emissive could not find sampler named Sampler2 in the specified shader program.
[14:24:17] [Render thread/WARN]: Shader rendertype_entity_translucent_emissive could not find uniform named FogStart in the specified shader program.
[14:24:17] [Render thread/WARN]: Shader rendertype_entity_translucent_emissive could not find uniform named FogEnd in the specified shader program.
[14:24:17] [Render thread/WARN]: Shader rendertype_entity_smooth_cutout could not find uniform named IViewRotMat in the specified shader program.
[14:24:17] [Render thread/WARN]: Shader rendertype_entity_smooth_cutout could not find uniform named FogStart in the specified shader program.
[14:24:17] [Render thread/WARN]: Shader rendertype_entity_smooth_cutout could not find uniform named FogEnd in the specified shader program.
[14:24:17] [Render thread/WARN]: Shader rendertype_entity_smooth_cutout could not find uniform named FogColor in the specified shader program.
[14:24:17] [Render thread/WARN]: Shader rendertype_entity_smooth_cutout could not find uniform named FogShape in the specified shader program.
[14:24:17] [Render thread/WARN]: Shader rendertype_beacon_beam could not find uniform named FogStart in the specified shader program.
[14:24:17] [Render thread/WARN]: Shader rendertype_beacon_beam could not find uniform named FogEnd in the specified shader program.
[14:24:17] [Render thread/WARN]: Shader rendertype_beacon_beam could not find uniform named FogColor in the specified shader program.
[14:24:17] [Render thread/WARN]: Shader rendertype_entity_decal could not find uniform named IViewRotMat in the specified shader program.
[14:24:17] [Render thread/WARN]: Shader rendertype_entity_decal could not find uniform named FogStart in the specified shader program.
[14:24:17] [Render thread/WARN]: Shader rendertype_entity_decal could not find uniform named FogEnd in the specified shader program.
[14:24:17] [Render thread/WARN]: Shader rendertype_entity_decal could not find uniform named FogColor in the specified shader program.
[14:24:17] [Render thread/WARN]: Shader rendertype_entity_decal could not find uniform named FogShape in the specified shader program.
[14:24:17] [Render thread/WARN]: Shader rendertype_entity_no_outline could not find uniform named FogStart in the specified shader program.
[14:24:17] [Render thread/WARN]: Shader rendertype_entity_no_outline could not find uniform named FogEnd in the specified shader program.
[14:24:17] [Render thread/WARN]: Shader rendertype_entity_no_outline could not find uniform named FogColor in the specified shader program.
[14:24:17] [Render thread/WARN]: Shader rendertype_entity_shadow could not find uniform named IViewRotMat in the specified shader program.
[14:24:17] [Render thread/WARN]: Shader rendertype_entity_shadow could not find uniform named FogStart in the specified shader program.
[14:24:17] [Render thread/WARN]: Shader rendertype_entity_shadow could not find uniform named FogEnd in the specified shader program.
[14:24:17] [Render thread/WARN]: Shader rendertype_entity_shadow could not find uniform named FogColor in the specified shader program.
[14:24:17] [Render thread/WARN]: Shader rendertype_entity_shadow could not find uniform named FogShape in the specified shader program.
[14:24:17] [Render thread/WARN]: Shader rendertype_eyes could not find uniform named IViewRotMat in the specified shader program.
[14:24:17] [Render thread/WARN]: Shader rendertype_eyes could not find uniform named FogStart in the specified shader program.
[14:24:17] [Render thread/WARN]: Shader rendertype_eyes could not find uniform named FogEnd in the specified shader program.
[14:24:17] [Render thread/WARN]: Shader rendertype_eyes could not find uniform named FogShape in the specified shader program.
[14:24:17] [Render thread/WARN]: Shader rendertype_energy_swirl could not find uniform named FogStart in the specified shader program.
[14:24:17] [Render thread/WARN]: Shader rendertype_energy_swirl could not find uniform named FogEnd in the specified shader program.
[14:24:17] [Render thread/WARN]: Shader rendertype_energy_swirl could not find uniform named FogShape in the specified shader program.
[14:24:17] [Render thread/WARN]: Shader rendertype_leash could not find uniform named IViewRotMat in the specified shader program.
[14:24:17] [Render thread/WARN]: Shader rendertype_leash could not find uniform named FogStart in the specified shader program.
[14:24:17] [Render thread/WARN]: Shader rendertype_leash could not find uniform named FogEnd in the specified shader program.
[14:24:17] [Render thread/WARN]: Shader rendertype_leash could not find uniform named FogColor in the specified shader program.
[14:24:17] [Render thread/WARN]: Shader rendertype_leash could not find uniform named FogShape in the specified shader program.
[14:24:17] [Render thread/WARN]: Shader rendertype_armor_glint could not find uniform named FogStart in the specified shader program.
[14:24:17] [Render thread/WARN]: Shader rendertype_armor_glint could not find uniform named FogEnd in the specified shader program.
[14:24:17] [Render thread/WARN]: Shader rendertype_armor_glint could not find uniform named FogShape in the specified shader program.
[14:24:17] [Render thread/WARN]: Shader rendertype_armor_entity_glint could not find uniform named FogStart in the specified shader program.
[14:24:17] [Render thread/WARN]: Shader rendertype_armor_entity_glint could not find uniform named FogEnd in the specified shader program.
[14:24:17] [Render thread/WARN]: Shader rendertype_armor_entity_glint could not find uniform named FogShape in the specified shader program.
[14:24:17] [Render thread/WARN]: Shader rendertype_glint_translucent could not find uniform named IViewRotMat in the specified shader program.
[14:24:17] [Render thread/WARN]: Shader rendertype_glint_translucent could not find uniform named FogStart in the specified shader program.
[14:24:17] [Render thread/WARN]: Shader rendertype_glint_translucent could not find uniform named FogEnd in the specified shader program.
[14:24:17] [Render thread/WARN]: Shader rendertype_glint_translucent could not find uniform named FogShape in the specified shader program.
[14:24:17] [Render thread/WARN]: Shader rendertype_glint could not find uniform named IViewRotMat in the specified shader program.
[14:24:17] [Render thread/WARN]: Shader rendertype_glint could not find uniform named FogStart in the specified shader program.
[14:24:17] [Render thread/WARN]: Shader rendertype_glint could not find uniform named FogEnd in the specified shader program.
[14:24:17] [Render thread/WARN]: Shader rendertype_glint could not find uniform named FogShape in the specified shader program.
[14:24:17] [Render thread/WARN]: Shader rendertype_glint_direct could not find uniform named IViewRotMat in the specified shader program.
[14:24:17] [Render thread/WARN]: Shader rendertype_glint_direct could not find uniform named FogStart in the specified shader program.
[14:24:17] [Render thread/WARN]: Shader rendertype_glint_direct could not find uniform named FogEnd in the specified shader program.
[14:24:17] [Render thread/WARN]: Shader rendertype_glint_direct could not find uniform named FogShape in the specified shader program.
[14:24:17] [Render thread/WARN]: Shader rendertype_entity_glint could not find uniform named IViewRotMat in the specified shader program.
[14:24:17] [Render thread/WARN]: Shader rendertype_entity_glint could not find uniform named FogStart in the specified shader program.
[14:24:17] [Render thread/WARN]: Shader rendertype_entity_glint could not find uniform named FogEnd in the specified shader program.
[14:24:17] [Render thread/WARN]: Shader rendertype_entity_glint could not find uniform named FogShape in the specified shader program.
[14:24:17] [Render thread/WARN]: Shader rendertype_entity_glint_direct could not find uniform named IViewRotMat in the specified shader program.
[14:24:17] [Render thread/WARN]: Shader rendertype_entity_glint_direct could not find uniform named FogStart in the specified shader program.
[14:24:17] [Render thread/WARN]: Shader rendertype_entity_glint_direct could not find uniform named FogEnd in the specified shader program.
[14:24:17] [Render thread/WARN]: Shader rendertype_entity_glint_direct could not find uniform named FogShape in the specified shader program.
[14:24:17] [Render thread/WARN]: Shader rendertype_text could not find uniform named FogStart in the specified shader program.
[14:24:17] [Render thread/WARN]: Shader rendertype_text could not find uniform named FogEnd in the specified shader program.
[14:24:17] [Render thread/WARN]: Shader rendertype_text could not find uniform named FogColor in the specified shader program.
[14:24:17] [Render thread/WARN]: Shader rendertype_text_intensity could not find uniform named FogStart in the specified shader program.
[14:24:17] [Render thread/WARN]: Shader rendertype_text_intensity could not find uniform named FogEnd in the specified shader program.
[14:24:17] [Render thread/WARN]: Shader rendertype_text_intensity could not find uniform named FogColor in the specified shader program.
[14:24:17] [Render thread/WARN]: Shader rendertype_lightning could not find uniform named IViewRotMat in the specified shader program.
[14:24:17] [Render thread/WARN]: Shader rendertype_lightning could not find uniform named FogStart in the specified shader program.
[14:24:17] [Render thread/WARN]: Shader rendertype_lightning could not find uniform named FogEnd in the specified shader program.
[14:24:17] [Render thread/WARN]: Shader rendertype_lightning could not find uniform named FogShape in the specified shader program.
[14:24:17] [Render thread/WARN]: Shader rendertype_tripwire could not find uniform named FogStart in the specified shader program.
[14:24:17] [Render thread/WARN]: Shader rendertype_tripwire could not find uniform named FogEnd in the specified shader program.
[14:24:17] [Render thread/WARN]: Shader rendertype_tripwire could not find uniform named FogColor in the specified shader program.
[14:24:17] [Render thread/WARN]: Shader rendertype_tripwire could not find uniform named FogShape in the specified shader program.
[14:24:18] [Render thread/WARN]: Shader rendertype_lines could not find uniform named FogStart in the specified shader program.
[14:24:18] [Render thread/WARN]: Shader rendertype_lines could not find uniform named FogEnd in the specified shader program.
[14:24:18] [Render thread/WARN]: Shader rendertype_lines could not find uniform named FogColor in the specified shader program.
[14:24:18] [Render thread/WARN]: Shader rendertype_lines could not find uniform named FogShape in the specified shader program.
[14:24:18] [Render thread/INFO]: Processing item groups: [itemswapper:wheel_primary/grass, itemswapper:wheel_secondary/stone_stairs, itemswapper:wheel_primary/granite, itemswapper:wheel_secondary/prismarine_stairs, itemswapper:list/potions, itemswapper:wheel_primary/raw, itemswapper:wheel_secondary/strippedwood, itemswapper:wheel_primary/warped, itemswapper:wheel_primary/cobblestone, itemswapper:wheel_primary/stone, itemswapper:wheel_secondary/strippedlogs, itemswapper:wheel_secondary/planktypes, itemswapper:wheel_primary/stonebrick, itemswapper:wheel_primary/prismarine, itemswapper:wheel_primary/sculk, itemswapper:wheel_primary/purpur, itemswapper:wheel_primary/redsand, itemswapper:wheel_secondary/woodenfences, itemswapper:wheel_primary/flowers, itemswapper:wheel_secondary/woodentrapdoors, itemswapper:wheel_combined/copper, itemswapper:wheel_primary/mud, itemswapper:wheel_secondary/netherbrick_stairs, itemswapper:wheel_primary/leaves, itemswapper:wheel_combined/wool, itemswapper:wheel_primary/diorite, itemswapper:wheel_primary/amethyst, itemswapper:wheel_secondary/woodenslabs, itemswapper:wheel_primary/spruce, itemswapper:wheel_combined/coral, itemswapper:wheel_primary/redstone_functional, itemswapper:wheel_primary/ice, itemswapper:list/weapons, itemswapper:wheel_secondary/woodenpressureplates, itemswapper:wheel_primary/dark_oak, itemswapper:wheel_secondary/sandstone_slab, itemswapper:wheel_secondary/stone_wall, itemswapper:list/tools, itemswapper:list/shulker, itemswapper:wheel_primary/blackstone, itemswapper:wheel_primary/endstone, itemswapper:wheel_secondary/stone_slabs, itemswapper:list/buckets, itemswapper:wheel_secondary/wood, itemswapper:wheel_secondary/woodenbuttons, itemswapper:wheel_primary/jungle, itemswapper:wheel_secondary/sandstone_wall, itemswapper:wheel_secondary/quartz_stairs_slab, itemswapper:wheel_primary/basalt, itemswapper:wheel_primary/tallflower, itemswapper:wheel_primary/netherrack, itemswapper:wheel_primary/sand, itemswapper:list/misc_tools, itemswapper:wheel_primary/crimson, itemswapper:wheel_primary/functional, itemswapper:wheel_primary/moss, itemswapper:wheel_primary/seeds, itemswapper:wheel_primary/dye, itemswapper:wheel_secondary/netherbrick_slab, itemswapper:wheel_secondary/logs, itemswapper:wheel_primary/birch, itemswapper:wheel_primary/mushroom, itemswapper:wheel_secondary/end_stairs, itemswapper:wheel_combined/concrete, itemswapper:wheel_primary/redstone, itemswapper:wheel_secondary/signs, itemswapper:wheel_primary/andesite, itemswapper:wheel_secondary/doors, itemswapper:list/food, itemswapper:list/heads, itemswapper:wheel_primary/bed, itemswapper:wheel_primary/decorative, itemswapper:wheel_primary/lights, itemswapper:wheel_secondary/sandstone_stairs, itemswapper:wheel_secondary/brick_stairs, itemswapper:wheel_secondary/end_slab, itemswapper:wheel_secondary/woodenstairs, itemswapper:wheel_secondary/brick_slab, itemswapper:wheel_secondary/candle, itemswapper:wheel_primary/saplings, itemswapper:wheel_primary/quartz, itemswapper:wheel_secondary/woodenfencegate, itemswapper:wheel_combined/terracotta, itemswapper:list/banner, itemswapper:wheel_secondary/quartz_stairs, itemswapper:wheel_primary/oak, itemswapper:wheel_primary/bricks, itemswapper:wheel_secondary/brick_wall, itemswapper:wheel_secondary/prismarine_slab, itemswapper:wheel_primary/acacia, itemswapper:wheel_primary/mangrove, itemswapper:wheel_primary/minecart, itemswapper:wheel_combined/stainedglass, itemswapper:wheel_secondary/netherbrick_wall, itemswapper:wheel_primary/deepslate, itemswapper:wheel_primary/vines]
[14:24:18] [Render thread/INFO]: Created: 256x256x0 minecraft:textures/atlas/particles.png-atlas
[14:24:18] [Render thread/INFO]: Created: 256x256x0 minecraft:textures/atlas/paintings.png-atlas
[14:24:18] [Render thread/INFO]: Created: 128x128x0 minecraft:textures/atlas/mob_effects.png-atlas
[14:24:18] [Render thread/INFO]: Skipping non-result value minecraft:lantern=UNASSIGNED
[14:24:18] [Render thread/INFO]: Skipping non-result value minecraft:soul_lantern=UNASSIGNED
[14:24:18] [Render thread/INFO]: Reloaded configs for mousewheelie (client/smallest)
[14:24:33] [Render thread/INFO]: Connecting to theserver.servegame.com, 25565
[14:24:36] [Render thread/WARN]: @Redirect conflict. Skipping mixins.iris.compat.sodium.json:vertex_format.MixinFluidRenderer from mod iris->@Redirect::iris$fixSidewaysInnerFaceNormal(Lme/jellysquid/mods/sodium/client/model/IndexBufferBuilder;ILme/jellysquid/mods/sodium/client/model/quad/properties/ModelQuadWinding;Lnet/minecraft/class_1920;Lnet/minecraft/class_3610;Lnet/minecraft/class_2338;Lnet/minecraft/class_2338;Lme/jellysquid/mods/sodium/client/render/chunk/compile/buffers/ChunkModelBuilder;)V with priority 1000, already redirected by mixins.iris.compat.sodium.json:vertex_format.MixinFluidRenderer from mod iris->@Redirect::iris$fixBackwardUpFaceNormal(Lme/jellysquid/mods/sodium/client/model/IndexBufferBuilder;ILme/jellysquid/mods/sodium/client/model/quad/properties/ModelQuadWinding;Lnet/minecraft/class_1920;Lnet/minecraft/class_3610;Lnet/minecraft/class_2338;Lnet/minecraft/class_2338;Lme/jellysquid/mods/sodium/client/render/chunk/compile/buffers/ChunkModelBuilder;)V with priority 1000
[14:24:36] [Render thread/INFO]: Started 1 worker threads
[14:24:38] [Render thread/INFO]: Using 3 total BufferBuilder caches
[14:24:38] [Render thread/WARN]: Unable to read property: west with value: false for blockstate: {Name:"minecraft:cobblestone_wall",Properties:{east:"false",north:"false",south:"false",up:"false",west:"false"}}
[14:24:38] [Render thread/WARN]: Unable to read property: east with value: false for blockstate: {Name:"minecraft:cobblestone_wall",Properties:{east:"false",north:"false",south:"false",up:"false",west:"false"}}
[14:24:38] [Render thread/WARN]: Unable to read property: south with value: false for blockstate: {Name:"minecraft:cobblestone_wall",Properties:{east:"false",north:"false",south:"false",up:"false",west:"false"}}
[14:24:38] [Render thread/WARN]: Unable to read property: north with value: false for blockstate: {Name:"minecraft:cobblestone_wall",Properties:{east:"false",north:"false",south:"false",up:"false",west:"false"}}
[14:24:38] [Render thread/WARN]: Unable to read property: west with value: false for blockstate: {Name:"minecraft:mossy_cobblestone_wall",Properties:{east:"false",north:"false",south:"false",up:"false",west:"false"}}
[14:24:38] [Render thread/WARN]: Unable to read property: east with value: false for blockstate: {Name:"minecraft:mossy_cobblestone_wall",Properties:{east:"false",north:"false",south:"false",up:"false",west:"false"}}
[14:24:38] [Render thread/WARN]: Unable to read property: south with value: false for blockstate: {Name:"minecraft:mossy_cobblestone_wall",Properties:{east:"false",north:"false",south:"false",up:"false",west:"false"}}
[14:24:38] [Render thread/WARN]: Unable to read property: north with value: false for blockstate: {Name:"minecraft:mossy_cobblestone_wall",Properties:{east:"false",north:"false",south:"false",up:"false",west:"false"}}
[14:24:38] [REI-ReloadPlugins/INFO]: [REI] Reloading Plugin Manager [REIPlugin] stage [START], registered 5 plugins: DefaultRuntimePlugin of DefaultRuntimePlugin [roughlyenoughitems], DefaultClientRuntimePlugin of DefaultClientRuntimePlugin [roughlyenoughitems], FabricFluidAPISupportPlugin, DefaultPlugin of DefaultPlugin [roughlyenoughitems], DefaultClientPlugin of DefaultClientPlugin [roughlyenoughitems]
[14:24:39] [REI-ReloadPlugins/INFO]: [REI] Reloading Plugin Manager [REIClientPlugin] stage [START], registered 2 plugins: DefaultClientRuntimePlugin of DefaultClientRuntimePlugin [roughlyenoughitems], DefaultClientPlugin of DefaultClientPlugin [roughlyenoughitems]
[14:24:39] [REI-ReloadPlugins/INFO]: [REI] Reloading Plugin Manager [REIServerPlugin] stage [START], registered 3 plugins: DefaultRuntimePlugin of DefaultRuntimePlugin [roughlyenoughitems], FabricFluidAPISupportPlugin, DefaultPlugin of DefaultPlugin [roughlyenoughitems]
[14:24:39] [REI-ReloadPlugins/INFO]: [REI] Reloaded Plugin Manager [REIPlugin] with 5 plugins in 137.2 ms.
[14:24:39] [REI-ReloadPlugins/INFO]: [REI] Reloaded Plugin Manager [REIClientPlugin] with 2 plugins in 806.6 ms.
[14:24:39] [REI-ReloadPlugins/INFO]: [REI] Reloaded Plugin Manager [REIServerPlugin] with 3 plugins in 23.76 ms.
[14:24:39] [REI-ReloadPlugins/INFO]: [REI] Reloading Plugin Manager [REIPlugin] stage [END], registered 5 plugins: DefaultRuntimePlugin of DefaultRuntimePlugin [roughlyenoughitems], DefaultClientRuntimePlugin of DefaultClientRuntimePlugin [roughlyenoughitems], FabricFluidAPISupportPlugin, DefaultPlugin of DefaultPlugin [roughlyenoughitems], DefaultClientPlugin of DefaultClientPlugin [roughlyenoughitems]
[14:24:39] [REI-ReloadPlugins/INFO]: [REI] Reloading Plugin Manager [REIClientPlugin] stage [END], registered 2 plugins: DefaultClientRuntimePlugin of DefaultClientRuntimePlugin [roughlyenoughitems], DefaultClientPlugin of DefaultClientPlugin [roughlyenoughitems]
[14:24:40] [REI-ReloadPlugins/INFO]: [REI] Reloading Plugin Manager [REIServerPlugin] stage [END], registered 3 plugins: DefaultRuntimePlugin of DefaultRuntimePlugin [roughlyenoughitems], FabricFluidAPISupportPlugin, DefaultPlugin of DefaultPlugin [roughlyenoughitems]
[14:24:40] [REI-ReloadPlugins/INFO]: [REI] Reloaded Plugin Manager [REIPlugin] with 5 plugins in 120.9 ms.
[14:24:40] [REI-ReloadPlugins/INFO]: [REI] Reloaded Plugin Manager [REIClientPlugin] with 2 plugins in 912.6 ms.
[14:24:40] [REI-ReloadPlugins/INFO]: [REI] Reloaded Plugin Manager [REIServerPlugin] with 3 plugins in 19.61 ms.
[14:24:40] [Render thread/INFO]: [System] [CHAT] Dennis_mps joined the game
[14:24:41] [Render thread/INFO]: Loaded 475 advancements
[14:24:42] [Render thread/WARN]: Shader clouds could not find uniform named FogStart in the specified shader program.
[14:24:42] [Render thread/WARN]: Shader clouds could not find uniform named FogEnd in the specified shader program.
[14:24:49] [Render thread/INFO]: Stopping worker threads
[14:24:51] [Render thread/INFO]: Stopping!
